<?xml version="1.0" encoding="UTF-8"?>
<testsuite name="grabflow.ride.dsl.MatchingEngineTest" tests="8" skipped="0" failures="0" errors="0" timestamp="2026-03-31T12:41:47" hostname="MacBook-Pro-cua-Khanh.local" time="0.004">
  <properties/>
  <testcase name="noWhereClauseReturnsAll()" classname="grabflow.ride.dsl.MatchingEngineTest" time="0.0"/>
  <testcase name="ordersResultsByDistance()" classname="grabflow.ride.dsl.MatchingEngineTest" time="0.0"/>
  <testcase name="limitsResults()" classname="grabflow.ride.dsl.MatchingEngineTest" time="0.0"/>
  <testcase name="emptyDriverListReturnsEmpty()" classname="grabflow.ride.dsl.MatchingEngineTest" time="0.001"/>
  <testcase name="matchesDriversWithinDistance()" classname="grabflow.ride.dsl.MatchingEngineTest" time="0.0"/>
  <testcase name="distanceUnitKmConvertsToMeters()" classname="grabflow.ride.dsl.MatchingEngineTest" time="0.001"/>
  <testcase name="andConditionFilters()" classname="grabflow.ride.dsl.MatchingEngineTest" time="0.0"/>
  <testcase name="orderByDescending()" classname="grabflow.ride.dsl.MatchingEngineTest" time="0.0"/>
  <system-out><![CDATA[]]></system-out>
  <system-err><![CDATA[]]></system-err>
</testsuite>
