<?xml version="1.0" encoding="UTF-8"?>
<testsuite name="grabflow.notification.NotificationRouterTest" tests="8" skipped="0" failures="0" errors="0" timestamp="2026-03-31T12:41:45" hostname="MacBook-Pro-cua-Khanh.local" time="0.011">
  <properties/>
  <testcase name="preferenceForOneTypeDoesNotAffectAnotherType()" classname="grabflow.notification.NotificationRouterTest" time="0.004"/>
  <testcase name="deliveryResultsContainCorrectNotificationId()" classname="grabflow.notification.NotificationRouterTest" time="0.001"/>
  <testcase name="registerPreferenceWithEmptyChannelsThrows()" classname="grabflow.notification.NotificationRouterTest" time="0.001"/>
  <testcase name="multipleChannelsInPreferenceAllDelivered()" classname="grabflow.notification.NotificationRouterTest" time="0.001"/>
  <testcase name="customPreferenceOverridesDefault()" classname="grabflow.notification.NotificationRouterTest" time="0.001"/>
  <testcase name="defaultChannelsUsedWhenNoPreferenceRegistered()" classname="grabflow.notification.NotificationRouterTest" time="0.001"/>
  <testcase name="defaultChannelsUsedForUnknownUser()" classname="grabflow.notification.NotificationRouterTest" time="0.0"/>
  <testcase name="registerPreferenceWithNullChannelsThrows()" classname="grabflow.notification.NotificationRouterTest" time="0.0"/>
  <system-out><![CDATA[19:41:45.754 [Test worker] DEBUG grabflow.notification.NotificationRouter -- Preference registered: user=user-3 type=RIDE_MATCHED channels=[EMAIL]
19:41:45.754 [Test worker] INFO grabflow.notification.NotificationRouter -- Routing notification id=notif-1 userId=user-3 type=DRIVER_ARRIVING channels=[IN_APP, PUSH]
19:41:45.755 [Test worker] DEBUG grabflow.notification.NotificationRouter -- Delivered id=notif-1 channel=IN_APP success=true
19:41:45.755 [Test worker] DEBUG grabflow.notification.NotificationRouter -- Delivered id=notif-1 channel=PUSH success=true
19:41:45.759 [Test worker] INFO grabflow.notification.NotificationRouter -- Routing notification id=notif-1 userId=user-4 type=RIDE_COMPLETED channels=[IN_APP, PUSH]
19:41:45.759 [Test worker] DEBUG grabflow.notification.NotificationRouter -- Delivered id=notif-1 channel=IN_APP success=true
19:41:45.759 [Test worker] DEBUG grabflow.notification.NotificationRouter -- Delivered id=notif-1 channel=PUSH success=true
19:41:45.761 [Test worker] DEBUG grabflow.notification.NotificationRouter -- Preference registered: user=user-2 type=PAYMENT_RECEIPT channels=[EMAIL, SMS, IN_APP]
19:41:45.761 [Test worker] INFO grabflow.notification.NotificationRouter -- Routing notification id=notif-1 userId=user-2 type=PAYMENT_RECEIPT channels=[EMAIL, SMS, IN_APP]
19:41:45.761 [Test worker] DEBUG grabflow.notification.NotificationRouter -- Delivered id=notif-1 channel=EMAIL success=true
19:41:45.761 [Test worker] DEBUG grabflow.notification.NotificationRouter -- Delivered id=notif-1 channel=SMS success=true
19:41:45.761 [Test worker] DEBUG grabflow.notification.NotificationRouter -- Delivered id=notif-1 channel=IN_APP success=true
19:41:45.762 [Test worker] DEBUG grabflow.notification.NotificationRouter -- Preference registered: user=user-1 type=RIDE_MATCHED channels=[SMS]
19:41:45.762 [Test worker] INFO grabflow.notification.NotificationRouter -- Routing notification id=notif-1 userId=user-1 type=RIDE_MATCHED channels=[SMS]
19:41:45.762 [Test worker] DEBUG grabflow.notification.NotificationRouter -- Delivered id=notif-1 channel=SMS success=true
19:41:45.763 [Test worker] INFO grabflow.notification.NotificationRouter -- Routing notification id=notif-1 userId=user-unknown type=RIDE_MATCHED channels=[IN_APP, PUSH]
19:41:45.763 [Test worker] DEBUG grabflow.notification.NotificationRouter -- Delivered id=notif-1 channel=IN_APP success=true
19:41:45.763 [Test worker] DEBUG grabflow.notification.NotificationRouter -- Delivered id=notif-1 channel=PUSH success=true
19:41:45.764 [Test worker] INFO grabflow.notification.NotificationRouter -- Routing notification id=notif-1 userId=brand-new-user type=SURGE_ALERT channels=[IN_APP, PUSH]
19:41:45.764 [Test worker] DEBUG grabflow.notification.NotificationRouter -- Delivered id=notif-1 channel=IN_APP success=true
19:41:45.764 [Test worker] DEBUG grabflow.notification.NotificationRouter -- Delivered id=notif-1 channel=PUSH success=true
]]></system-out>
  <system-err><![CDATA[]]></system-err>
</testsuite>
