<?xml version="1.0" encoding="UTF-8"?>
<testsuite name="grabflow.payment.IdempotencyStoreTest" tests="10" skipped="0" failures="0" errors="0" timestamp="2026-03-31T12:41:46" hostname="MacBook-Pro-cua-Khanh.local" time="0.281">
  <properties/>
  <testcase name="zeroDurationTtlIsImmediatelyExpired()" classname="grabflow.payment.IdempotencyStoreTest" time="0.064"/>
  <testcase name="evictExpiredOnEmptyStoreIsNoOp()" classname="grabflow.payment.IdempotencyStoreTest" time="0.001"/>
  <testcase name="nonExpiredEntryIsReturned()" classname="grabflow.payment.IdempotencyStoreTest" time="0.0"/>
  <testcase name="emptyStoreReturnsEmptyForAnyKey()" classname="grabflow.payment.IdempotencyStoreTest" time="0.0"/>
  <testcase name="sizeReflectsStoredEntries()" classname="grabflow.payment.IdempotencyStoreTest" time="0.001"/>
  <testcase name="differentKeysAreIndependent()" classname="grabflow.payment.IdempotencyStoreTest" time="0.001"/>
  <testcase name="evictExpiredRemovesOnlyExpiredRecords()" classname="grabflow.payment.IdempotencyStoreTest" time="0.106"/>
  <testcase name="duplicateKeyOverwritesPreviousResult()" classname="grabflow.payment.IdempotencyStoreTest" time="0.001"/>
  <testcase name="expiredEntryReturnsEmpty()" classname="grabflow.payment.IdempotencyStoreTest" time="0.101"/>
  <testcase name="storeAndRetrieveResult()" classname="grabflow.payment.IdempotencyStoreTest" time="0.0"/>
  <system-out><![CDATA[19:41:46.323 [Test worker] DEBUG grabflow.payment.IdempotencyStore -- Stored idempotency key 'key-zero' expiring at 2026-03-31T12:41:46.323126Z
19:41:46.338 [Test worker] DEBUG grabflow.payment.IdempotencyStore -- Idempotency key 'key-zero' found but expired — treating as absent
19:41:46.361 [Test worker] DEBUG grabflow.payment.IdempotencyStore -- Stored idempotency key 'key-valid' expiring at 2026-03-31T13:41:46.361794Z
19:41:46.361 [Test worker] DEBUG grabflow.payment.IdempotencyStore -- Idempotency hit for key 'key-valid'
19:41:46.363 [Test worker] DEBUG grabflow.payment.IdempotencyStore -- Stored idempotency key 'k1' expiring at 2026-03-31T12:46:46.363554Z
19:41:46.363 [Test worker] DEBUG grabflow.payment.IdempotencyStore -- Stored idempotency key 'k2' expiring at 2026-03-31T12:46:46.363656Z
19:41:46.364 [Test worker] DEBUG grabflow.payment.IdempotencyStore -- Stored idempotency key 'key-A' expiring at 2026-03-31T12:46:46.364347Z
19:41:46.364 [Test worker] DEBUG grabflow.payment.IdempotencyStore -- Stored idempotency key 'key-B' expiring at 2026-03-31T12:46:46.364435Z
19:41:46.364 [Test worker] DEBUG grabflow.payment.IdempotencyStore -- Idempotency hit for key 'key-A'
19:41:46.364 [Test worker] DEBUG grabflow.payment.IdempotencyStore -- Idempotency hit for key 'key-B'
19:41:46.365 [Test worker] DEBUG grabflow.payment.IdempotencyStore -- Stored idempotency key 'live-key' expiring at 2026-03-31T13:41:46.365678Z
19:41:46.365 [Test worker] DEBUG grabflow.payment.IdempotencyStore -- Stored idempotency key 'expired-key' expiring at 2026-03-31T12:41:46.415791Z
19:41:46.470 [Test worker] DEBUG grabflow.payment.IdempotencyStore -- Evicted 1 expired idempotency record(s)
19:41:46.471 [Test worker] DEBUG grabflow.payment.IdempotencyStore -- Idempotency hit for key 'live-key'
19:41:46.472 [Test worker] DEBUG grabflow.payment.IdempotencyStore -- Stored idempotency key 'key-dup' expiring at 2026-03-31T12:46:46.472630Z
19:41:46.472 [Test worker] DEBUG grabflow.payment.IdempotencyStore -- Stored idempotency key 'key-dup' expiring at 2026-03-31T12:46:46.472755Z
19:41:46.472 [Test worker] DEBUG grabflow.payment.IdempotencyStore -- Idempotency hit for key 'key-dup'
19:41:46.473 [Test worker] DEBUG grabflow.payment.IdempotencyStore -- Stored idempotency key 'key-expired' expiring at 2026-03-31T12:41:46.523737Z
19:41:46.574 [Test worker] DEBUG grabflow.payment.IdempotencyStore -- Idempotency key 'key-expired' found but expired — treating as absent
19:41:46.575 [Test worker] DEBUG grabflow.payment.IdempotencyStore -- Stored idempotency key 'key-1' expiring at 2026-03-31T12:46:46.575895Z
19:41:46.576 [Test worker] DEBUG grabflow.payment.IdempotencyStore -- Idempotency hit for key 'key-1'
]]></system-out>
  <system-err><![CDATA[]]></system-err>
</testsuite>
