<?xml version="1.0" encoding="UTF-8"?>
<testsuite name="grabflow.location.ipc.SharedLocationBufferTest" tests="10" skipped="0" failures="0" errors="0" timestamp="2026-03-31T12:41:45" hostname="MacBook-Pro-cua-Khanh.local" time="0.022">
  <properties/>
  <testcase name="twoMappingsShareData()" classname="grabflow.location.ipc.SharedLocationBufferTest" time="0.012"/>
  <testcase name="writePositionAdvancesMonotonically()" classname="grabflow.location.ipc.SharedLocationBufferTest" time="0.001"/>
  <testcase name="ringBufferWrapsCorrectly()" classname="grabflow.location.ipc.SharedLocationBufferTest" time="0.002"/>
  <testcase name="readRangeReturnsCorrectEntries()" classname="grabflow.location.ipc.SharedLocationBufferTest" time="0.001"/>
  <testcase name="readOutOfBoundsThrows()" classname="grabflow.location.ipc.SharedLocationBufferTest" time="0.001"/>
  <testcase name="capacityReportsCorrectly()" classname="grabflow.location.ipc.SharedLocationBufferTest" time="0.001"/>
  <testcase name="writeAndReadRoundTrip()" classname="grabflow.location.ipc.SharedLocationBufferTest" time="0.001"/>
  <testcase name="multipleWritesPreserveAllFields()" classname="grabflow.location.ipc.SharedLocationBufferTest" time="0.001"/>
  <testcase name="longDriverIdTruncatedToMax()" classname="grabflow.location.ipc.SharedLocationBufferTest" time="0.001"/>
  <testcase name="forceFlushesToDisk()" classname="grabflow.location.ipc.SharedLocationBufferTest" time="0.001"/>
  <system-out><![CDATA[19:41:45.154 [Test worker] INFO grabflow.location.ipc.SharedLocationBuffer -- Mapped location buffer: /var/folders/vn/6mz0gbtj611dys59tgbwr1gc0000gp/T/junit1117575305451519093/shared.buf (100 slots, 12808 bytes, mode=RW)
19:41:45.157 [Test worker] INFO grabflow.location.ipc.SharedLocationBuffer -- Mapped location buffer: /var/folders/vn/6mz0gbtj611dys59tgbwr1gc0000gp/T/junit1117575305451519093/shared.buf (100 slots, 12808 bytes, mode=RO)
19:41:45.160 [Test worker] INFO grabflow.location.ipc.SharedLocationBuffer -- Mapped location buffer: /var/folders/vn/6mz0gbtj611dys59tgbwr1gc0000gp/T/junit10785787522607884824/test.buf (100 slots, 12808 bytes, mode=RW)
19:41:45.162 [Test worker] INFO grabflow.location.ipc.SharedLocationBuffer -- Mapped location buffer: /var/folders/vn/6mz0gbtj611dys59tgbwr1gc0000gp/T/junit1343028060837055281/test.buf (4 slots, 520 bytes, mode=RW)
19:41:45.163 [Test worker] INFO grabflow.location.ipc.SharedLocationBuffer -- Mapped location buffer: /var/folders/vn/6mz0gbtj611dys59tgbwr1gc0000gp/T/junit7014985829857583260/test.buf (100 slots, 12808 bytes, mode=RW)
19:41:45.164 [Test worker] INFO grabflow.location.ipc.SharedLocationBuffer -- Mapped location buffer: /var/folders/vn/6mz0gbtj611dys59tgbwr1gc0000gp/T/junit9248018728510450367/test.buf (10 slots, 1288 bytes, mode=RW)
19:41:45.165 [Test worker] INFO grabflow.location.ipc.SharedLocationBuffer -- Mapped location buffer: /var/folders/vn/6mz0gbtj611dys59tgbwr1gc0000gp/T/junit11450364748636877896/test.buf (42 slots, 5384 bytes, mode=RW)
19:41:45.166 [Test worker] INFO grabflow.location.ipc.SharedLocationBuffer -- Mapped location buffer: /var/folders/vn/6mz0gbtj611dys59tgbwr1gc0000gp/T/junit17722579872883571589/test.buf (100 slots, 12808 bytes, mode=RW)
19:41:45.167 [Test worker] INFO grabflow.location.ipc.SharedLocationBuffer -- Mapped location buffer: /var/folders/vn/6mz0gbtj611dys59tgbwr1gc0000gp/T/junit6006748585571171784/test.buf (100 slots, 12808 bytes, mode=RW)
19:41:45.168 [Test worker] INFO grabflow.location.ipc.SharedLocationBuffer -- Mapped location buffer: /var/folders/vn/6mz0gbtj611dys59tgbwr1gc0000gp/T/junit10257121958614297279/test.buf (100 slots, 12808 bytes, mode=RW)
19:41:45.169 [Test worker] INFO grabflow.location.ipc.SharedLocationBuffer -- Mapped location buffer: /var/folders/vn/6mz0gbtj611dys59tgbwr1gc0000gp/T/junit13771852810654390443/persist.buf (100 slots, 12808 bytes, mode=RW)
19:41:45.170 [Test worker] INFO grabflow.location.ipc.SharedLocationBuffer -- Mapped location buffer: /var/folders/vn/6mz0gbtj611dys59tgbwr1gc0000gp/T/junit13771852810654390443/persist.buf (100 slots, 12808 bytes, mode=RO)
]]></system-out>
  <system-err><![CDATA[]]></system-err>
</testsuite>
