<?xml version="1.0" encoding="UTF-8"?>
<testsuite name="grabflow.location.geo.SpatialIndexTest" tests="11" skipped="0" failures="0" errors="0" timestamp="2026-03-31T12:41:44" hostname="MacBook-Pro-cua-Khanh.local" time="0.348">
  <properties/>
  <testcase name="cellCountReflectsOccupiedCells()" classname="grabflow.location.geo.SpatialIndexTest" time="0.026"/>
  <testcase name="emptyIndexReturnsEmptyList()" classname="grabflow.location.geo.SpatialIndexTest" time="0.003"/>
  <testcase name="removeNonexistentDriverIsNoOp()" classname="grabflow.location.geo.SpatialIndexTest" time="0.0"/>
  <testcase name="driverCountTracksCorrectly()" classname="grabflow.location.geo.SpatialIndexTest" time="0.0"/>
  <testcase name="updateSameCellReplacesLocation()" classname="grabflow.location.geo.SpatialIndexTest" time="0.0"/>
  <testcase name="removeDriverExcludesFromResults()" classname="grabflow.location.geo.SpatialIndexTest" time="0.001"/>
  <testcase name="radiusFilterExcludesDistantDrivers()" classname="grabflow.location.geo.SpatialIndexTest" time="0.0"/>
  <testcase name="findNearestReturnsClosestFirst()" classname="grabflow.location.geo.SpatialIndexTest" time="0.0"/>
  <testcase name="updateMovesDriverBetweenCells()" classname="grabflow.location.geo.SpatialIndexTest" time="0.0"/>
  <testcase name="maxResultsLimitsOutput()" classname="grabflow.location.geo.SpatialIndexTest" time="0.001"/>
  <testcase name="concurrentUpdatesAndQueries()" classname="grabflow.location.geo.SpatialIndexTest" time="0.314"/>
  <system-out><![CDATA[]]></system-out>
  <system-err><![CDATA[]]></system-err>
</testsuite>
