<?xml version="1.0" encoding="UTF-8"?>
<testsuite name="grabflow.location.tracking.Crc32ChecksumTest" tests="9" skipped="0" failures="0" errors="0" timestamp="2026-03-31T12:41:45" hostname="MacBook-Pro-cua-Khanh.local" time="0.003">
  <properties/>
  <testcase name="corruptedDataDetected()" classname="grabflow.location.tracking.Crc32ChecksumTest" time="0.0"/>
  <testcase name="polynomialIsIeee802_3()" classname="grabflow.location.tracking.Crc32ChecksumTest" time="0.0"/>
  <testcase name="rangeComputeMatchesFull()" classname="grabflow.location.tracking.Crc32ChecksumTest" time="0.0"/>
  <testcase name="verifyReturnsFalseForCorruptData()" classname="grabflow.location.tracking.Crc32ChecksumTest" time="0.0"/>
  <testcase name="singleByteValues()" classname="grabflow.location.tracking.Crc32ChecksumTest" time="0.0"/>
  <testcase name="verifyReturnsTrueForValidData()" classname="grabflow.location.tracking.Crc32ChecksumTest" time="0.0"/>
  <testcase name="lookupTableMatchesBitwiseComputation()" classname="grabflow.location.tracking.Crc32ChecksumTest" time="0.0"/>
  <testcase name="emptyInputReturnsZero()" classname="grabflow.location.tracking.Crc32ChecksumTest" time="0.0"/>
  <testcase name="computeKnownVector()" classname="grabflow.location.tracking.Crc32ChecksumTest" time="0.0"/>
  <system-out><![CDATA[]]></system-out>
  <system-err><![CDATA[]]></system-err>
</testsuite>
