<?xml version="1.0" encoding="UTF-8"?>
<testsuite name="grabflow.location.geo.H3IndexTest" tests="36" skipped="0" failures="0" errors="0" timestamp="2026-03-31T12:41:44" hostname="MacBook-Pro-cua-Khanh.local" time="0.031">
  <properties/>
  <testcase name="extremeLatitudes()" classname="grabflow.location.geo.H3IndexTest" time="0.001"/>
  <testcase name="parentResolutionMustBeLower()" classname="grabflow.location.geo.H3IndexTest" time="0.002"/>
  <testcase name="[1] 0" classname="grabflow.location.geo.H3IndexTest" time="0.001"/>
  <testcase name="[2] 1" classname="grabflow.location.geo.H3IndexTest" time="0.001"/>
  <testcase name="[3] 5" classname="grabflow.location.geo.H3IndexTest" time="0.0"/>
  <testcase name="[4] 7" classname="grabflow.location.geo.H3IndexTest" time="0.0"/>
  <testcase name="[5] 9" classname="grabflow.location.geo.H3IndexTest" time="0.001"/>
  <testcase name="[6] 11" classname="grabflow.location.geo.H3IndexTest" time="0.0"/>
  <testcase name="[7] 15" classname="grabflow.location.geo.H3IndexTest" time="0.0"/>
  <testcase name="kRingContainsCenter()" classname="grabflow.location.geo.H3IndexTest" time="0.0"/>
  <testcase name="kRingNeighborsAreNearby()" classname="grabflow.location.geo.H3IndexTest" time="0.001"/>
  <testcase name="latLngToCellIsDeterministic()" classname="grabflow.location.geo.H3IndexTest" time="0.0"/>
  <testcase name="cellToLatLngRoundTripCoarseResolution()" classname="grabflow.location.geo.H3IndexTest" time="0.0"/>
  <testcase name="parentCellContainsChild()" classname="grabflow.location.geo.H3IndexTest" time="0.0"/>
  <testcase name="encodeDecodeZeroCoordinates()" classname="grabflow.location.geo.H3IndexTest" time="0.0"/>
  <testcase name="kRingZeroReturnsSelf()" classname="grabflow.location.geo.H3IndexTest" time="0.002"/>
  <testcase name="hoChiMinhCityProducesStableCell()" classname="grabflow.location.geo.H3IndexTest" time="0.001"/>
  <testcase name="edgeLengthDecreasesWithResolution()" classname="grabflow.location.geo.H3IndexTest" time="0.0"/>
  <testcase name="edgeLengthAtResolution9IsAbout174m()" classname="grabflow.location.geo.H3IndexTest" time="0.001"/>
  <testcase name="differentResolutionsProduceDifferentCells()" classname="grabflow.location.geo.H3IndexTest" time="0.0"/>
  <testcase name="encodeDecodeAxialRoundTrip()" classname="grabflow.location.geo.H3IndexTest" time="0.0"/>
  <testcase name="equatorOriginProducesValidCell()" classname="grabflow.location.geo.H3IndexTest" time="0.001"/>
  <testcase name="encodeDecodeNegativeCoordinates()" classname="grabflow.location.geo.H3IndexTest" time="0.0"/>
  <testcase name="cellToLatLngRoundTripsWithinTolerance()" classname="grabflow.location.geo.H3IndexTest" time="0.0"/>
  <testcase name="hexRoundFractionalCoordinates()" classname="grabflow.location.geo.H3IndexTest" time="0.0"/>
  <testcase name="differentPointsProduceDifferentCells()" classname="grabflow.location.geo.H3IndexTest" time="0.0"/>
  <testcase name="nearbyPointsSameCellAtCoarseResolution()" classname="grabflow.location.geo.H3IndexTest" time="0.0"/>
  <testcase name="kRingNegativeThrows()" classname="grabflow.location.geo.H3IndexTest" time="0.0"/>
  <testcase name="hexRoundExactIntegerCoordinates()" classname="grabflow.location.geo.H3IndexTest" time="0.001"/>
  <testcase name="invalidResolutionThrows()" classname="grabflow.location.geo.H3IndexTest" time="0.001"/>
  <testcase name="[1] 1" classname="grabflow.location.geo.H3IndexTest" time="0.001"/>
  <testcase name="[2] 2" classname="grabflow.location.geo.H3IndexTest" time="0.0"/>
  <testcase name="[3] 3" classname="grabflow.location.geo.H3IndexTest" time="0.0"/>
  <testcase name="[4] 4" classname="grabflow.location.geo.H3IndexTest" time="0.0"/>
  <testcase name="[5] 5" classname="grabflow.location.geo.H3IndexTest" time="0.0"/>
  <testcase name="kRingCellsAreUnique()" classname="grabflow.location.geo.H3IndexTest" time="0.003"/>
  <system-out><![CDATA[]]></system-out>
  <system-err><![CDATA[]]></system-err>
</testsuite>
