<?xml version="1.0" encoding="UTF-8"?>
<testsuite name="grabflow.location.tracking.GpsPacketTest" tests="6" skipped="0" failures="0" errors="0" timestamp="2026-03-31T12:41:45" hostname="MacBook-Pro-cua-Khanh.local" time="0.003">
  <properties/>
  <testcase name="factoryComputesCrcAutomatically()" classname="grabflow.location.tracking.GpsPacketTest" time="0.001"/>
  <testcase name="corruptedPacketThrows()" classname="grabflow.location.tracking.GpsPacketTest" time="0.001"/>
  <testcase name="wireFormatLayout()" classname="grabflow.location.tracking.GpsPacketTest" time="0.0"/>
  <testcase name="emptyDriverIdHandled()" classname="grabflow.location.tracking.GpsPacketTest" time="0.001"/>
  <testcase name="serializeAndDeserializeRoundTrip()" classname="grabflow.location.tracking.GpsPacketTest" time="0.0"/>
  <testcase name="longDriverIdHandled()" classname="grabflow.location.tracking.GpsPacketTest" time="0.0"/>
  <system-out><![CDATA[]]></system-out>
  <system-err><![CDATA[]]></system-err>
</testsuite>
