<?xml version="1.0" encoding="UTF-8"?>
<testsuite name="grabflow.pricing.SurgeCalculatorTest" tests="18" skipped="0" failures="0" errors="0" timestamp="2026-03-31T12:41:47" hostname="MacBook-Pro-cua-Khanh.local" time="0.043">
  <properties/>
  <testcase name="resetClearsAllZoneMetrics()" classname="grabflow.pricing.SurgeCalculatorTest" time="0.001"/>
  <testcase name="slowerRampAtRatioFour()" classname="grabflow.pricing.SurgeCalculatorTest" time="0.0"/>
  <testcase name="noSurgeWhenSupplyExceedsDemand()" classname="grabflow.pricing.SurgeCalculatorTest" time="0.0"/>
  <testcase name="getAllSurgeZonesIsUnmodifiable()" classname="grabflow.pricing.SurgeCalculatorTest" time="0.0"/>
  <testcase name="zeroSupplyTreatedAsOne()" classname="grabflow.pricing.SurgeCalculatorTest" time="0.0"/>
  <testcase name="noSurgeWhenSupplyMeetsDemand()" classname="grabflow.pricing.SurgeCalculatorTest" time="0.001"/>
  <testcase name="noSupplyRecordedDefaultsToOneDriver()" classname="grabflow.pricing.SurgeCalculatorTest" time="0.0"/>
  <testcase name="surgeAboveFourButBelowCap()" classname="grabflow.pricing.SurgeCalculatorTest" time="0.001"/>
  <testcase name="concurrentDemandRecordingIsAccurate()" classname="grabflow.pricing.SurgeCalculatorTest" time="0.031"/>
  <testcase name="linearRampAtRatioOnePointFive()" classname="grabflow.pricing.SurgeCalculatorTest" time="0.001"/>
  <testcase name="noSurgeWhenNoDemandRecorded()" classname="grabflow.pricing.SurgeCalculatorTest" time="0.0"/>
  <testcase name="linearRampAtRatioTwo()" classname="grabflow.pricing.SurgeCalculatorTest" time="0.001"/>
  <testcase name="illegalSupplyThrows()" classname="grabflow.pricing.SurgeCalculatorTest" time="0.0"/>
  <testcase name="cappedAtMaxMultiplierForExtremeRatio()" classname="grabflow.pricing.SurgeCalculatorTest" time="0.001"/>
  <testcase name="getAllSurgeZonesReturnsOnlySurgingZones()" classname="grabflow.pricing.SurgeCalculatorTest" time="0.003"/>
  <testcase name="resetAllowsAccumulationAfterward()" classname="grabflow.pricing.SurgeCalculatorTest" time="0.0"/>
  <testcase name="slowerRampAtRatioThree()" classname="grabflow.pricing.SurgeCalculatorTest" time="0.001"/>
  <testcase name="computeMultiplierAtExactBoundaries()" classname="grabflow.pricing.SurgeCalculatorTest" time="0.0"/>
  <system-out><![CDATA[19:41:47.178 [Test worker] DEBUG grabflow.pricing.SurgeCalculator -- Supply updated for zone 103582791429521408: 1 drivers
19:41:47.178 [Test worker] DEBUG grabflow.pricing.SurgeCalculator -- Demand recorded for zone 103582791429521408
19:41:47.179 [Test worker] DEBUG grabflow.pricing.SurgeCalculator -- Demand recorded for zone 103582791429521408
19:41:47.179 [Test worker] DEBUG grabflow.pricing.SurgeCalculator -- Zone 103582791429521408 surge: demand=2, supply=1, ratio=2.0, multiplier=1.5
19:41:47.179 [Test worker] INFO grabflow.pricing.SurgeCalculator -- SurgeCalculator reset: all zone metrics cleared
19:41:47.179 [Test worker] DEBUG grabflow.pricing.SurgeCalculator -- Supply updated for zone 103582791429521408: 1 drivers
19:41:47.179 [Test worker] DEBUG grabflow.pricing.SurgeCalculator -- Demand recorded for zone 103582791429521408
19:41:47.179 [Test worker] DEBUG grabflow.pricing.SurgeCalculator -- Demand recorded for zone 103582791429521408
19:41:47.179 [Test worker] DEBUG grabflow.pricing.SurgeCalculator -- Demand recorded for zone 103582791429521408
19:41:47.179 [Test worker] DEBUG grabflow.pricing.SurgeCalculator -- Demand recorded for zone 103582791429521408
19:41:47.179 [Test worker] DEBUG grabflow.pricing.SurgeCalculator -- Zone 103582791429521408 surge: demand=4, supply=1, ratio=4.0, multiplier=2.0
19:41:47.180 [Test worker] DEBUG grabflow.pricing.SurgeCalculator -- Supply updated for zone 103582791429521408: 10 drivers
19:41:47.180 [Test worker] DEBUG grabflow.pricing.SurgeCalculator -- Demand recorded for zone 103582791429521408
19:41:47.180 [Test worker] DEBUG grabflow.pricing.SurgeCalculator -- Zone 103582791429521408 surge: demand=1, supply=10, ratio=0.1, multiplier=1.0
19:41:47.180 [Test worker] DEBUG grabflow.pricing.SurgeCalculator -- Demand recorded for zone 103582791429521408
19:41:47.180 [Test worker] DEBUG grabflow.pricing.SurgeCalculator -- Zone 103582791429521408 surge: demand=1, supply=1, ratio=1.0, multiplier=1.0
19:41:47.181 [Test worker] DEBUG grabflow.pricing.SurgeCalculator -- Supply updated for zone 103582791429521408: 0 drivers
19:41:47.181 [Test worker] DEBUG grabflow.pricing.SurgeCalculator -- Demand recorded for zone 103582791429521408
19:41:47.181 [Test worker] DEBUG grabflow.pricing.SurgeCalculator -- Demand recorded for zone 103582791429521408
19:41:47.181 [Test worker] DEBUG grabflow.pricing.SurgeCalculator -- Demand recorded for zone 103582791429521408
19:41:47.181 [Test worker] DEBUG grabflow.pricing.SurgeCalculator -- Zone 103582791429521408 surge: demand=3, supply=0, ratio=3.0, multiplier=1.75
19:41:47.181 [Test worker] DEBUG grabflow.pricing.SurgeCalculator -- Supply updated for zone 103582791429521408: 4 drivers
19:41:47.181 [Test worker] DEBUG grabflow.pricing.SurgeCalculator -- Demand recorded for zone 103582791429521408
19:41:47.181 [Test worker] DEBUG grabflow.pricing.SurgeCalculator -- Demand recorded for zone 103582791429521408
19:41:47.182 [Test worker] DEBUG grabflow.pricing.SurgeCalculator -- Demand recorded for zone 103582791429521408
19:41:47.182 [Test worker] DEBUG grabflow.pricing.SurgeCalculator -- Demand recorded for zone 103582791429521408
19:41:47.182 [Test worker] DEBUG grabflow.pricing.SurgeCalculator -- Zone 103582791429521408 surge: demand=4, supply=4, ratio=1.0, multiplier=1.0
19:41:47.182 [Test worker] DEBUG grabflow.pricing.SurgeCalculator -- Demand recorded for zone 103582791429521408
19:41:47.182 [Test worker] DEBUG grabflow.pricing.SurgeCalculator -- Demand recorded for zone 103582791429521408
19:41:47.182 [Test worker] DEBUG grabflow.pricing.SurgeCalculator -- Zone 103582791429521408 surge: demand=2, supply=1, ratio=2.0, multiplier=1.5
19:41:47.182 [Test worker] DEBUG grabflow.pricing.SurgeCalculator -- Supply updated for zone 103582791429521408: 1 drivers
19:41:47.182 [Test worker] DEBUG grabflow.pricing.SurgeCalculator -- Demand recorded for zone 103582791429521408
19:41:47.182 [Test worker] DEBUG grabflow.pricing.SurgeCalculator -- Demand recorded for zone 103582791429521408
19:41:47.183 [Test worker] DEBUG grabflow.pricing.SurgeCalculator -- Demand recorded for zone 103582791429521408
19:41:47.183 [Test worker] DEBUG grabflow.pricing.SurgeCalculator -- Demand recorded for zone 103582791429521408
19:41:47.183 [Test worker] DEBUG grabflow.pricing.SurgeCalculator -- Demand recorded for zone 103582791429521408
19:41:47.183 [Test worker] DEBUG grabflow.pricing.SurgeCalculator -- Zone 103582791429521408 surge: demand=5, supply=1, ratio=5.0, multiplier=2.5
19:41:47.186 [] DEBUG grabflow.pricing.SurgeCalculator -- Demand recorded for zone 103582791429521408
19:41:47.186 [] DEBUG grabflow.pricing.SurgeCalculator -- Demand recorded for zone 103582791429521408
19:41:47.186 [] DEBUG grabflow.pricing.SurgeCalculator -- Demand recorded for zone 103582791429521408
19:41:47.186 [] DEBUG grabflow.pricing.SurgeCalculator -- Demand recorded for zone 103582791429521408
19:41:47.186 [] DEBUG grabflow.pricing.SurgeCalculator -- Demand recorded for zone 103582791429521408
19:41:47.186 [] DEBUG grabflow.pricing.SurgeCalculator -- Demand recorded for zone 103582791429521408
19:41:47.186 [] DEBUG grabflow.pricing.SurgeCalculator -- Demand recorded for zone 103582791429521408
19:41:47.186 [] DEBUG grabflow.pricing.SurgeCalculator -- Demand recorded for zone 103582791429521408
19:41:47.186 [] DEBUG grabflow.pricing.SurgeCalculator -- Demand recorded for zone 103582791429521408
19:41:47.186 [] DEBUG grabflow.pricing.SurgeCalculator -- Demand recorded for zone 103582791429521408
19:41:47.186 [] DEBUG grabflow.pricing.SurgeCalculator -- Demand recorded for zone 103582791429521408
19:41:47.186 [] DEBUG grabflow.pricing.SurgeCalculator -- Demand recorded for zone 103582791429521408
19:41:47.186 [] DEBUG grabflow.pricing.SurgeCalculator -- Demand recorded for zone 103582791429521408
19:41:47.186 [] DEBUG grabflow.pricing.SurgeCalculator -- Demand recorded for zone 103582791429521408
19:41:47.186 [] DEBUG grabflow.pricing.SurgeCalculator -- Demand recorded for zone 103582791429521408
19:41:47.186 [] DEBUG grabflow.pricing.SurgeCalculator -- Demand recorded for zone 103582791429521408
19:41:47.187 [] DEBUG grabflow.pricing.SurgeCalculator -- Demand recorded for zone 103582791429521408
19:41:47.187 [] DEBUG grabflow.pricing.SurgeCalculator -- Demand recorded for zone 103582791429521408
19:41:47.186 [] DEBUG grabflow.pricing.SurgeCalculator -- Demand recorded for zone 103582791429521408
19:41:47.187 [] DEBUG grabflow.pricing.SurgeCalculator -- Demand recorded for zone 103582791429521408
19:41:47.187 [] DEBUG grabflow.pricing.SurgeCalculator -- Demand recorded for zone 103582791429521408
19:41:47.187 [] DEBUG grabflow.pricing.SurgeCalculator -- Demand recorded for zone 103582791429521408
19:41:47.186 [] DEBUG grabflow.pricing.SurgeCalculator -- Demand recorded for zone 103582791429521408
19:41:47.186 [] DEBUG grabflow.pricing.SurgeCalculator -- Demand recorded for zone 103582791429521408
19:41:47.187 [] DEBUG grabflow.pricing.SurgeCalculator -- Demand recorded for zone 103582791429521408
19:41:47.187 [] DEBUG grabflow.pricing.SurgeCalculator -- Demand recorded for zone 103582791429521408
19:41:47.186 [] DEBUG grabflow.pricing.SurgeCalculator -- Demand recorded for zone 103582791429521408
19:41:47.186 [] DEBUG grabflow.pricing.SurgeCalculator -- Demand recorded for zone 103582791429521408
19:41:47.186 [] DEBUG grabflow.pricing.SurgeCalculator -- Demand recorded for zone 103582791429521408
19:41:47.186 [] DEBUG grabflow.pricing.SurgeCalculator -- Demand recorded for zone 103582791429521408
19:41:47.187 [] DEBUG grabflow.pricing.SurgeCalculator -- Demand recorded for zone 103582791429521408
19:41:47.187 [] DEBUG grabflow.pricing.SurgeCalculator -- Demand recorded for zone 103582791429521408
19:41:47.187 [] DEBUG grabflow.pricing.SurgeCalculator -- Demand recorded for zone 103582791429521408
19:41:47.187 [] DEBUG grabflow.pricing.SurgeCalculator -- Demand recorded for zone 103582791429521408
19:41:47.187 [] DEBUG grabflow.pricing.SurgeCalculator -- Demand recorded for zone 103582791429521408
19:41:47.187 [] DEBUG grabflow.pricing.SurgeCalculator -- Demand recorded for zone 103582791429521408
19:41:47.187 [] DEBUG grabflow.pricing.SurgeCalculator -- Demand recorded for zone 103582791429521408
19:41:47.187 [] DEBUG grabflow.pricing.SurgeCalculator -- Demand recorded for zone 103582791429521408
19:41:47.187 [] DEBUG grabflow.pricing.SurgeCalculator -- Demand recorded for zone 103582791429521408
19:41:47.187 [] DEBUG grabflow.pricing.SurgeCalculator -- Demand recorded for zone 103582791429521408
19:41:47.187 [] DEBUG grabflow.pricing.SurgeCalculator -- Demand recorded for zone 103582791429521408
19:41:47.187 [] DEBUG grabflow.pricing.SurgeCalculator -- Demand recorded for zone 103582791429521408
19:41:47.187 [] DEBUG grabflow.pricing.SurgeCalculator -- Demand recorded for zone 103582791429521408
19:41:47.187 [] DEBUG grabflow.pricing.SurgeCalculator -- Demand recorded for zone 103582791429521408
19:41:47.187 [] DEBUG grabflow.pricing.SurgeCalculator -- Demand recorded for zone 103582791429521408
19:41:47.188 [] DEBUG grabflow.pricing.SurgeCalculator -- Demand recorded for zone 103582791429521408
19:41:47.187 [] DEBUG grabflow.pricing.SurgeCalculator -- Demand recorded for zone 103582791429521408
19:41:47.187 [] DEBUG grabflow.pricing.SurgeCalculator -- Demand recorded for zone 103582791429521408
19:41:47.188 [] DEBUG grabflow.pricing.SurgeCalculator -- Demand recorded for zone 103582791429521408
19:41:47.188 [] DEBUG grabflow.pricing.SurgeCalculator -- Demand recorded for zone 103582791429521408
19:41:47.187 [] DEBUG grabflow.pricing.SurgeCalculator -- Demand recorded for zone 103582791429521408
19:41:47.188 [] DEBUG grabflow.pricing.SurgeCalculator -- Demand recorded for zone 103582791429521408
19:41:47.188 [] DEBUG grabflow.pricing.SurgeCalculator -- Demand recorded for zone 103582791429521408
19:41:47.187 [] DEBUG grabflow.pricing.SurgeCalculator -- Demand recorded for zone 103582791429521408
19:41:47.187 [] DEBUG grabflow.pricing.SurgeCalculator -- Demand recorded for zone 103582791429521408
19:41:47.188 [] DEBUG grabflow.pricing.SurgeCalculator -- Demand recorded for zone 103582791429521408
19:41:47.188 [] DEBUG grabflow.pricing.SurgeCalculator -- Demand recorded for zone 103582791429521408
19:41:47.188 [] DEBUG grabflow.pricing.SurgeCalculator -- Demand recorded for zone 103582791429521408
19:41:47.187 [] DEBUG grabflow.pricing.SurgeCalculator -- Demand recorded for zone 103582791429521408
19:41:47.188 [] DEBUG grabflow.pricing.SurgeCalculator -- Demand recorded for zone 103582791429521408
19:41:47.188 [] DEBUG grabflow.pricing.SurgeCalculator -- Demand recorded for zone 103582791429521408
19:41:47.188 [] DEBUG grabflow.pricing.SurgeCalculator -- Demand recorded for zone 103582791429521408
19:41:47.188 [] DEBUG grabflow.pricing.SurgeCalculator -- Demand recorded for zone 103582791429521408
19:41:47.188 [] DEBUG grabflow.pricing.SurgeCalculator -- Demand recorded for zone 103582791429521408
19:41:47.188 [] DEBUG grabflow.pricing.SurgeCalculator -- Demand recorded for zone 103582791429521408
19:41:47.188 [] DEBUG grabflow.pricing.SurgeCalculator -- Demand recorded for zone 103582791429521408
19:41:47.188 [] DEBUG grabflow.pricing.SurgeCalculator -- Demand recorded for zone 103582791429521408
19:41:47.188 [] DEBUG grabflow.pricing.SurgeCalculator -- Demand recorded for zone 103582791429521408
19:41:47.188 [] DEBUG grabflow.pricing.SurgeCalculator -- Demand recorded for zone 103582791429521408
19:41:47.188 [] DEBUG grabflow.pricing.SurgeCalculator -- Demand recorded for zone 103582791429521408
19:41:47.188 [] DEBUG grabflow.pricing.SurgeCalculator -- Demand recorded for zone 103582791429521408
19:41:47.188 [] DEBUG grabflow.pricing.SurgeCalculator -- Demand recorded for zone 103582791429521408
19:41:47.188 [] DEBUG grabflow.pricing.SurgeCalculator -- Demand recorded for zone 103582791429521408
19:41:47.188 [] DEBUG grabflow.pricing.SurgeCalculator -- Demand recorded for zone 103582791429521408
19:41:47.188 [] DEBUG grabflow.pricing.SurgeCalculator -- Demand recorded for zone 103582791429521408
19:41:47.188 [] DEBUG grabflow.pricing.SurgeCalculator -- Demand recorded for zone 103582791429521408
19:41:47.188 [] DEBUG grabflow.pricing.SurgeCalculator -- Demand recorded for zone 103582791429521408
19:41:47.188 [] DEBUG grabflow.pricing.SurgeCalculator -- Demand recorded for zone 103582791429521408
19:41:47.188 [] DEBUG grabflow.pricing.SurgeCalculator -- Demand recorded for zone 103582791429521408
19:41:47.188 [] DEBUG grabflow.pricing.SurgeCalculator -- Demand recorded for zone 103582791429521408
19:41:47.189 [] DEBUG grabflow.pricing.SurgeCalculator -- Demand recorded for zone 103582791429521408
19:41:47.189 [] DEBUG grabflow.pricing.SurgeCalculator -- Demand recorded for zone 103582791429521408
19:41:47.189 [] DEBUG grabflow.pricing.SurgeCalculator -- Demand recorded for zone 103582791429521408
19:41:47.189 [] DEBUG grabflow.pricing.SurgeCalculator -- Demand recorded for zone 103582791429521408
19:41:47.189 [] DEBUG grabflow.pricing.SurgeCalculator -- Demand recorded for zone 103582791429521408
19:41:47.189 [] DEBUG grabflow.pricing.SurgeCalculator -- Demand recorded for zone 103582791429521408
19:41:47.189 [] DEBUG grabflow.pricing.SurgeCalculator -- Demand recorded for zone 103582791429521408
19:41:47.189 [] DEBUG grabflow.pricing.SurgeCalculator -- Demand recorded for zone 103582791429521408
19:41:47.188 [] DEBUG grabflow.pricing.SurgeCalculator -- Demand recorded for zone 103582791429521408
19:41:47.189 [] DEBUG grabflow.pricing.SurgeCalculator -- Demand recorded for zone 103582791429521408
19:41:47.188 [] DEBUG grabflow.pricing.SurgeCalculator -- Demand recorded for zone 103582791429521408
19:41:47.189 [] DEBUG grabflow.pricing.SurgeCalculator -- Demand recorded for zone 103582791429521408
19:41:47.189 [] DEBUG grabflow.pricing.SurgeCalculator -- Demand recorded for zone 103582791429521408
19:41:47.189 [] DEBUG grabflow.pricing.SurgeCalculator -- Demand recorded for zone 103582791429521408
19:41:47.188 [] DEBUG grabflow.pricing.SurgeCalculator -- Demand recorded for zone 103582791429521408
19:41:47.189 [] DEBUG grabflow.pricing.SurgeCalculator -- Demand recorded for zone 103582791429521408
19:41:47.189 [] DEBUG grabflow.pricing.SurgeCalculator -- Demand recorded for zone 103582791429521408
19:41:47.189 [] DEBUG grabflow.pricing.SurgeCalculator -- Demand recorded for zone 103582791429521408
19:41:47.188 [] DEBUG grabflow.pricing.SurgeCalculator -- Demand recorded for zone 103582791429521408
19:41:47.188 [] DEBUG grabflow.pricing.SurgeCalculator -- Demand recorded for zone 103582791429521408
19:41:47.188 [] DEBUG grabflow.pricing.SurgeCalculator -- Demand recorded for zone 103582791429521408
19:41:47.189 [] DEBUG grabflow.pricing.SurgeCalculator -- Demand recorded for zone 103582791429521408
19:41:47.189 [] DEBUG grabflow.pricing.SurgeCalculator -- Demand recorded for zone 103582791429521408
19:41:47.189 [] DEBUG grabflow.pricing.SurgeCalculator -- Demand recorded for zone 103582791429521408
19:41:47.189 [] DEBUG grabflow.pricing.SurgeCalculator -- Demand recorded for zone 103582791429521408
19:41:47.189 [] DEBUG grabflow.pricing.SurgeCalculator -- Demand recorded for zone 103582791429521408
19:41:47.189 [] DEBUG grabflow.pricing.SurgeCalculator -- Demand recorded for zone 103582791429521408
19:41:47.189 [] DEBUG grabflow.pricing.SurgeCalculator -- Demand recorded for zone 103582791429521408
19:41:47.189 [] DEBUG grabflow.pricing.SurgeCalculator -- Demand recorded for zone 103582791429521408
19:41:47.189 [] DEBUG grabflow.pricing.SurgeCalculator -- Demand recorded for zone 103582791429521408
19:41:47.189 [] DEBUG grabflow.pricing.SurgeCalculator -- Demand recorded for zone 103582791429521408
19:41:47.189 [] DEBUG grabflow.pricing.SurgeCalculator -- Demand recorded for zone 103582791429521408
19:41:47.189 [] DEBUG grabflow.pricing.SurgeCalculator -- Demand recorded for zone 103582791429521408
19:41:47.189 [] DEBUG grabflow.pricing.SurgeCalculator -- Demand recorded for zone 103582791429521408
19:41:47.190 [] DEBUG grabflow.pricing.SurgeCalculator -- Demand recorded for zone 103582791429521408
19:41:47.190 [] DEBUG grabflow.pricing.SurgeCalculator -- Demand recorded for zone 103582791429521408
19:41:47.189 [] DEBUG grabflow.pricing.SurgeCalculator -- Demand recorded for zone 103582791429521408
19:41:47.190 [] DEBUG grabflow.pricing.SurgeCalculator -- Demand recorded for zone 103582791429521408
19:41:47.190 [] DEBUG grabflow.pricing.SurgeCalculator -- Demand recorded for zone 103582791429521408
19:41:47.189 [] DEBUG grabflow.pricing.SurgeCalculator -- Demand recorded for zone 103582791429521408
19:41:47.189 [] DEBUG grabflow.pricing.SurgeCalculator -- Demand recorded for zone 103582791429521408
19:41:47.190 [] DEBUG grabflow.pricing.SurgeCalculator -- Demand recorded for zone 103582791429521408
19:41:47.190 [] DEBUG grabflow.pricing.SurgeCalculator -- Demand recorded for zone 103582791429521408
19:41:47.190 [] DEBUG grabflow.pricing.SurgeCalculator -- Demand recorded for zone 103582791429521408
19:41:47.189 [] DEBUG grabflow.pricing.SurgeCalculator -- Demand recorded for zone 103582791429521408
19:41:47.189 [] DEBUG grabflow.pricing.SurgeCalculator -- Demand recorded for zone 103582791429521408
19:41:47.190 [] DEBUG grabflow.pricing.SurgeCalculator -- Demand recorded for zone 103582791429521408
19:41:47.190 [] DEBUG grabflow.pricing.SurgeCalculator -- Demand recorded for zone 103582791429521408
19:41:47.189 [] DEBUG grabflow.pricing.SurgeCalculator -- Demand recorded for zone 103582791429521408
19:41:47.190 [] DEBUG grabflow.pricing.SurgeCalculator -- Demand recorded for zone 103582791429521408
19:41:47.190 [] DEBUG grabflow.pricing.SurgeCalculator -- Demand recorded for zone 103582791429521408
19:41:47.190 [] DEBUG grabflow.pricing.SurgeCalculator -- Demand recorded for zone 103582791429521408
19:41:47.190 [] DEBUG grabflow.pricing.SurgeCalculator -- Demand recorded for zone 103582791429521408
19:41:47.190 [] DEBUG grabflow.pricing.SurgeCalculator -- Demand recorded for zone 103582791429521408
19:41:47.190 [] DEBUG grabflow.pricing.SurgeCalculator -- Demand recorded for zone 103582791429521408
19:41:47.190 [] DEBUG grabflow.pricing.SurgeCalculator -- Demand recorded for zone 103582791429521408
19:41:47.190 [] DEBUG grabflow.pricing.SurgeCalculator -- Demand recorded for zone 103582791429521408
19:41:47.190 [] DEBUG grabflow.pricing.SurgeCalculator -- Demand recorded for zone 103582791429521408
19:41:47.190 [] DEBUG grabflow.pricing.SurgeCalculator -- Demand recorded for zone 103582791429521408
19:41:47.190 [] DEBUG grabflow.pricing.SurgeCalculator -- Demand recorded for zone 103582791429521408
19:41:47.190 [] DEBUG grabflow.pricing.SurgeCalculator -- Demand recorded for zone 103582791429521408
19:41:47.190 [] DEBUG grabflow.pricing.SurgeCalculator -- Demand recorded for zone 103582791429521408
19:41:47.190 [] DEBUG grabflow.pricing.SurgeCalculator -- Demand recorded for zone 103582791429521408
19:41:47.190 [] DEBUG grabflow.pricing.SurgeCalculator -- Demand recorded for zone 103582791429521408
19:41:47.190 [] DEBUG grabflow.pricing.SurgeCalculator -- Demand recorded for zone 103582791429521408
19:41:47.190 [] DEBUG grabflow.pricing.SurgeCalculator -- Demand recorded for zone 103582791429521408
19:41:47.190 [] DEBUG grabflow.pricing.SurgeCalculator -- Demand recorded for zone 103582791429521408
19:41:47.190 [] DEBUG grabflow.pricing.SurgeCalculator -- Demand recorded for zone 103582791429521408
19:41:47.190 [] DEBUG grabflow.pricing.SurgeCalculator -- Demand recorded for zone 103582791429521408
19:41:47.191 [] DEBUG grabflow.pricing.SurgeCalculator -- Demand recorded for zone 103582791429521408
19:41:47.191 [] DEBUG grabflow.pricing.SurgeCalculator -- Demand recorded for zone 103582791429521408
19:41:47.190 [] DEBUG grabflow.pricing.SurgeCalculator -- Demand recorded for zone 103582791429521408
19:41:47.191 [] DEBUG grabflow.pricing.SurgeCalculator -- Demand recorded for zone 103582791429521408
19:41:47.191 [] DEBUG grabflow.pricing.SurgeCalculator -- Demand recorded for zone 103582791429521408
19:41:47.191 [] DEBUG grabflow.pricing.SurgeCalculator -- Demand recorded for zone 103582791429521408
19:41:47.191 [] DEBUG grabflow.pricing.SurgeCalculator -- Demand recorded for zone 103582791429521408
19:41:47.191 [] DEBUG grabflow.pricing.SurgeCalculator -- Demand recorded for zone 103582791429521408
19:41:47.190 [] DEBUG grabflow.pricing.SurgeCalculator -- Demand recorded for zone 103582791429521408
19:41:47.191 [] DEBUG grabflow.pricing.SurgeCalculator -- Demand recorded for zone 103582791429521408
19:41:47.190 [] DEBUG grabflow.pricing.SurgeCalculator -- Demand recorded for zone 103582791429521408
19:41:47.190 [] DEBUG grabflow.pricing.SurgeCalculator -- Demand recorded for zone 103582791429521408
19:41:47.190 [] DEBUG grabflow.pricing.SurgeCalculator -- Demand recorded for zone 103582791429521408
19:41:47.191 [] DEBUG grabflow.pricing.SurgeCalculator -- Demand recorded for zone 103582791429521408
19:41:47.191 [] DEBUG grabflow.pricing.SurgeCalculator -- Demand recorded for zone 103582791429521408
19:41:47.190 [] DEBUG grabflow.pricing.SurgeCalculator -- Demand recorded for zone 103582791429521408
19:41:47.191 [] DEBUG grabflow.pricing.SurgeCalculator -- Demand recorded for zone 103582791429521408
19:41:47.191 [] DEBUG grabflow.pricing.SurgeCalculator -- Demand recorded for zone 103582791429521408
19:41:47.191 [] DEBUG grabflow.pricing.SurgeCalculator -- Demand recorded for zone 103582791429521408
19:41:47.191 [] DEBUG grabflow.pricing.SurgeCalculator -- Demand recorded for zone 103582791429521408
19:41:47.191 [] DEBUG grabflow.pricing.SurgeCalculator -- Demand recorded for zone 103582791429521408
19:41:47.191 [] DEBUG grabflow.pricing.SurgeCalculator -- Demand recorded for zone 103582791429521408
19:41:47.191 [] DEBUG grabflow.pricing.SurgeCalculator -- Demand recorded for zone 103582791429521408
19:41:47.191 [] DEBUG grabflow.pricing.SurgeCalculator -- Demand recorded for zone 103582791429521408
19:41:47.191 [] DEBUG grabflow.pricing.SurgeCalculator -- Demand recorded for zone 103582791429521408
19:41:47.191 [] DEBUG grabflow.pricing.SurgeCalculator -- Demand recorded for zone 103582791429521408
19:41:47.191 [] DEBUG grabflow.pricing.SurgeCalculator -- Demand recorded for zone 103582791429521408
19:41:47.191 [] DEBUG grabflow.pricing.SurgeCalculator -- Demand recorded for zone 103582791429521408
19:41:47.191 [] DEBUG grabflow.pricing.SurgeCalculator -- Demand recorded for zone 103582791429521408
19:41:47.191 [] DEBUG grabflow.pricing.SurgeCalculator -- Demand recorded for zone 103582791429521408
19:41:47.191 [] DEBUG grabflow.pricing.SurgeCalculator -- Demand recorded for zone 103582791429521408
19:41:47.191 [] DEBUG grabflow.pricing.SurgeCalculator -- Demand recorded for zone 103582791429521408
19:41:47.191 [] DEBUG grabflow.pricing.SurgeCalculator -- Demand recorded for zone 103582791429521408
19:41:47.191 [] DEBUG grabflow.pricing.SurgeCalculator -- Demand recorded for zone 103582791429521408
19:41:47.191 [] DEBUG grabflow.pricing.SurgeCalculator -- Demand recorded for zone 103582791429521408
19:41:47.191 [] DEBUG grabflow.pricing.SurgeCalculator -- Demand recorded for zone 103582791429521408
19:41:47.192 [] DEBUG grabflow.pricing.SurgeCalculator -- Demand recorded for zone 103582791429521408
19:41:47.192 [] DEBUG grabflow.pricing.SurgeCalculator -- Demand recorded for zone 103582791429521408
19:41:47.192 [] DEBUG grabflow.pricing.SurgeCalculator -- Demand recorded for zone 103582791429521408
19:41:47.192 [] DEBUG grabflow.pricing.SurgeCalculator -- Demand recorded for zone 103582791429521408
19:41:47.191 [] DEBUG grabflow.pricing.SurgeCalculator -- Demand recorded for zone 103582791429521408
19:41:47.191 [] DEBUG grabflow.pricing.SurgeCalculator -- Demand recorded for zone 103582791429521408
19:41:47.191 [] DEBUG grabflow.pricing.SurgeCalculator -- Demand recorded for zone 103582791429521408
19:41:47.192 [] DEBUG grabflow.pricing.SurgeCalculator -- Demand recorded for zone 103582791429521408
19:41:47.192 [] DEBUG grabflow.pricing.SurgeCalculator -- Demand recorded for zone 103582791429521408
19:41:47.192 [] DEBUG grabflow.pricing.SurgeCalculator -- Demand recorded for zone 103582791429521408
19:41:47.192 [] DEBUG grabflow.pricing.SurgeCalculator -- Demand recorded for zone 103582791429521408
19:41:47.192 [] DEBUG grabflow.pricing.SurgeCalculator -- Demand recorded for zone 103582791429521408
19:41:47.191 [] DEBUG grabflow.pricing.SurgeCalculator -- Demand recorded for zone 103582791429521408
19:41:47.192 [] DEBUG grabflow.pricing.SurgeCalculator -- Demand recorded for zone 103582791429521408
19:41:47.192 [] DEBUG grabflow.pricing.SurgeCalculator -- Demand recorded for zone 103582791429521408
19:41:47.192 [] DEBUG grabflow.pricing.SurgeCalculator -- Demand recorded for zone 103582791429521408
19:41:47.192 [] DEBUG grabflow.pricing.SurgeCalculator -- Demand recorded for zone 103582791429521408
19:41:47.192 [] DEBUG grabflow.pricing.SurgeCalculator -- Demand recorded for zone 103582791429521408
19:41:47.192 [] DEBUG grabflow.pricing.SurgeCalculator -- Demand recorded for zone 103582791429521408
19:41:47.192 [] DEBUG grabflow.pricing.SurgeCalculator -- Demand recorded for zone 103582791429521408
19:41:47.192 [] DEBUG grabflow.pricing.SurgeCalculator -- Demand recorded for zone 103582791429521408
19:41:47.192 [] DEBUG grabflow.pricing.SurgeCalculator -- Demand recorded for zone 103582791429521408
19:41:47.192 [] DEBUG grabflow.pricing.SurgeCalculator -- Demand recorded for zone 103582791429521408
19:41:47.192 [] DEBUG grabflow.pricing.SurgeCalculator -- Demand recorded for zone 103582791429521408
19:41:47.192 [] DEBUG grabflow.pricing.SurgeCalculator -- Demand recorded for zone 103582791429521408
19:41:47.192 [] DEBUG grabflow.pricing.SurgeCalculator -- Demand recorded for zone 103582791429521408
19:41:47.192 [] DEBUG grabflow.pricing.SurgeCalculator -- Demand recorded for zone 103582791429521408
19:41:47.192 [] DEBUG grabflow.pricing.SurgeCalculator -- Demand recorded for zone 103582791429521408
19:41:47.192 [] DEBUG grabflow.pricing.SurgeCalculator -- Demand recorded for zone 103582791429521408
19:41:47.192 [] DEBUG grabflow.pricing.SurgeCalculator -- Demand recorded for zone 103582791429521408
19:41:47.192 [] DEBUG grabflow.pricing.SurgeCalculator -- Demand recorded for zone 103582791429521408
19:41:47.192 [] DEBUG grabflow.pricing.SurgeCalculator -- Demand recorded for zone 103582791429521408
19:41:47.192 [] DEBUG grabflow.pricing.SurgeCalculator -- Demand recorded for zone 103582791429521408
19:41:47.192 [] DEBUG grabflow.pricing.SurgeCalculator -- Demand recorded for zone 103582791429521408
19:41:47.192 [] DEBUG grabflow.pricing.SurgeCalculator -- Demand recorded for zone 103582791429521408
19:41:47.192 [] DEBUG grabflow.pricing.SurgeCalculator -- Demand recorded for zone 103582791429521408
19:41:47.192 [] DEBUG grabflow.pricing.SurgeCalculator -- Demand recorded for zone 103582791429521408
19:41:47.192 [] DEBUG grabflow.pricing.SurgeCalculator -- Demand recorded for zone 103582791429521408
19:41:47.192 [] DEBUG grabflow.pricing.SurgeCalculator -- Demand recorded for zone 103582791429521408
19:41:47.193 [] DEBUG grabflow.pricing.SurgeCalculator -- Demand recorded for zone 103582791429521408
19:41:47.192 [] DEBUG grabflow.pricing.SurgeCalculator -- Demand recorded for zone 103582791429521408
19:41:47.193 [] DEBUG grabflow.pricing.SurgeCalculator -- Demand recorded for zone 103582791429521408
19:41:47.193 [] DEBUG grabflow.pricing.SurgeCalculator -- Demand recorded for zone 103582791429521408
19:41:47.192 [] DEBUG grabflow.pricing.SurgeCalculator -- Demand recorded for zone 103582791429521408
19:41:47.193 [] DEBUG grabflow.pricing.SurgeCalculator -- Demand recorded for zone 103582791429521408
19:41:47.192 [] DEBUG grabflow.pricing.SurgeCalculator -- Demand recorded for zone 103582791429521408
19:41:47.192 [] DEBUG grabflow.pricing.SurgeCalculator -- Demand recorded for zone 103582791429521408
19:41:47.193 [] DEBUG grabflow.pricing.SurgeCalculator -- Demand recorded for zone 103582791429521408
19:41:47.193 [] DEBUG grabflow.pricing.SurgeCalculator -- Demand recorded for zone 103582791429521408
19:41:47.193 [] DEBUG grabflow.pricing.SurgeCalculator -- Demand recorded for zone 103582791429521408
19:41:47.193 [] DEBUG grabflow.pricing.SurgeCalculator -- Demand recorded for zone 103582791429521408
19:41:47.193 [] DEBUG grabflow.pricing.SurgeCalculator -- Demand recorded for zone 103582791429521408
19:41:47.192 [] DEBUG grabflow.pricing.SurgeCalculator -- Demand recorded for zone 103582791429521408
19:41:47.193 [] DEBUG grabflow.pricing.SurgeCalculator -- Demand recorded for zone 103582791429521408
19:41:47.193 [] DEBUG grabflow.pricing.SurgeCalculator -- Demand recorded for zone 103582791429521408
19:41:47.193 [] DEBUG grabflow.pricing.SurgeCalculator -- Demand recorded for zone 103582791429521408
19:41:47.193 [] DEBUG grabflow.pricing.SurgeCalculator -- Demand recorded for zone 103582791429521408
19:41:47.193 [] DEBUG grabflow.pricing.SurgeCalculator -- Demand recorded for zone 103582791429521408
19:41:47.193 [] DEBUG grabflow.pricing.SurgeCalculator -- Demand recorded for zone 103582791429521408
19:41:47.193 [] DEBUG grabflow.pricing.SurgeCalculator -- Demand recorded for zone 103582791429521408
19:41:47.193 [] DEBUG grabflow.pricing.SurgeCalculator -- Demand recorded for zone 103582791429521408
19:41:47.193 [] DEBUG grabflow.pricing.SurgeCalculator -- Demand recorded for zone 103582791429521408
19:41:47.193 [] DEBUG grabflow.pricing.SurgeCalculator -- Demand recorded for zone 103582791429521408
19:41:47.193 [] DEBUG grabflow.pricing.SurgeCalculator -- Demand recorded for zone 103582791429521408
19:41:47.193 [] DEBUG grabflow.pricing.SurgeCalculator -- Demand recorded for zone 103582791429521408
19:41:47.193 [] DEBUG grabflow.pricing.SurgeCalculator -- Demand recorded for zone 103582791429521408
19:41:47.193 [] DEBUG grabflow.pricing.SurgeCalculator -- Demand recorded for zone 103582791429521408
19:41:47.193 [] DEBUG grabflow.pricing.SurgeCalculator -- Demand recorded for zone 103582791429521408
19:41:47.193 [] DEBUG grabflow.pricing.SurgeCalculator -- Demand recorded for zone 103582791429521408
19:41:47.193 [] DEBUG grabflow.pricing.SurgeCalculator -- Demand recorded for zone 103582791429521408
19:41:47.193 [] DEBUG grabflow.pricing.SurgeCalculator -- Demand recorded for zone 103582791429521408
19:41:47.193 [] DEBUG grabflow.pricing.SurgeCalculator -- Demand recorded for zone 103582791429521408
19:41:47.193 [] DEBUG grabflow.pricing.SurgeCalculator -- Demand recorded for zone 103582791429521408
19:41:47.193 [] DEBUG grabflow.pricing.SurgeCalculator -- Demand recorded for zone 103582791429521408
19:41:47.193 [] DEBUG grabflow.pricing.SurgeCalculator -- Demand recorded for zone 103582791429521408
19:41:47.193 [] DEBUG grabflow.pricing.SurgeCalculator -- Demand recorded for zone 103582791429521408
19:41:47.193 [] DEBUG grabflow.pricing.SurgeCalculator -- Demand recorded for zone 103582791429521408
19:41:47.193 [] DEBUG grabflow.pricing.SurgeCalculator -- Demand recorded for zone 103582791429521408
19:41:47.193 [] DEBUG grabflow.pricing.SurgeCalculator -- Demand recorded for zone 103582791429521408
19:41:47.193 [] DEBUG grabflow.pricing.SurgeCalculator -- Demand recorded for zone 103582791429521408
19:41:47.194 [] DEBUG grabflow.pricing.SurgeCalculator -- Demand recorded for zone 103582791429521408
19:41:47.194 [] DEBUG grabflow.pricing.SurgeCalculator -- Demand recorded for zone 103582791429521408
19:41:47.193 [] DEBUG grabflow.pricing.SurgeCalculator -- Demand recorded for zone 103582791429521408
19:41:47.194 [] DEBUG grabflow.pricing.SurgeCalculator -- Demand recorded for zone 103582791429521408
19:41:47.194 [] DEBUG grabflow.pricing.SurgeCalculator -- Demand recorded for zone 103582791429521408
19:41:47.193 [] DEBUG grabflow.pricing.SurgeCalculator -- Demand recorded for zone 103582791429521408
19:41:47.193 [] DEBUG grabflow.pricing.SurgeCalculator -- Demand recorded for zone 103582791429521408
19:41:47.194 [] DEBUG grabflow.pricing.SurgeCalculator -- Demand recorded for zone 103582791429521408
19:41:47.194 [] DEBUG grabflow.pricing.SurgeCalculator -- Demand recorded for zone 103582791429521408
19:41:47.194 [] DEBUG grabflow.pricing.SurgeCalculator -- Demand recorded for zone 103582791429521408
19:41:47.194 [] DEBUG grabflow.pricing.SurgeCalculator -- Demand recorded for zone 103582791429521408
19:41:47.193 [] DEBUG grabflow.pricing.SurgeCalculator -- Demand recorded for zone 103582791429521408
19:41:47.194 [] DEBUG grabflow.pricing.SurgeCalculator -- Demand recorded for zone 103582791429521408
19:41:47.193 [] DEBUG grabflow.pricing.SurgeCalculator -- Demand recorded for zone 103582791429521408
19:41:47.194 [] DEBUG grabflow.pricing.SurgeCalculator -- Demand recorded for zone 103582791429521408
19:41:47.194 [] DEBUG grabflow.pricing.SurgeCalculator -- Demand recorded for zone 103582791429521408
19:41:47.194 [] DEBUG grabflow.pricing.SurgeCalculator -- Demand recorded for zone 103582791429521408
19:41:47.194 [] DEBUG grabflow.pricing.SurgeCalculator -- Demand recorded for zone 103582791429521408
19:41:47.193 [] DEBUG grabflow.pricing.SurgeCalculator -- Demand recorded for zone 103582791429521408
19:41:47.194 [] DEBUG grabflow.pricing.SurgeCalculator -- Demand recorded for zone 103582791429521408
19:41:47.194 [] DEBUG grabflow.pricing.SurgeCalculator -- Demand recorded for zone 103582791429521408
19:41:47.194 [] DEBUG grabflow.pricing.SurgeCalculator -- Demand recorded for zone 103582791429521408
19:41:47.194 [] DEBUG grabflow.pricing.SurgeCalculator -- Demand recorded for zone 103582791429521408
19:41:47.194 [] DEBUG grabflow.pricing.SurgeCalculator -- Demand recorded for zone 103582791429521408
19:41:47.194 [] DEBUG grabflow.pricing.SurgeCalculator -- Demand recorded for zone 103582791429521408
19:41:47.194 [] DEBUG grabflow.pricing.SurgeCalculator -- Demand recorded for zone 103582791429521408
19:41:47.194 [] DEBUG grabflow.pricing.SurgeCalculator -- Demand recorded for zone 103582791429521408
19:41:47.194 [] DEBUG grabflow.pricing.SurgeCalculator -- Demand recorded for zone 103582791429521408
19:41:47.194 [] DEBUG grabflow.pricing.SurgeCalculator -- Demand recorded for zone 103582791429521408
19:41:47.194 [] DEBUG grabflow.pricing.SurgeCalculator -- Demand recorded for zone 103582791429521408
19:41:47.194 [] DEBUG grabflow.pricing.SurgeCalculator -- Demand recorded for zone 103582791429521408
19:41:47.194 [] DEBUG grabflow.pricing.SurgeCalculator -- Demand recorded for zone 103582791429521408
19:41:47.194 [] DEBUG grabflow.pricing.SurgeCalculator -- Demand recorded for zone 103582791429521408
19:41:47.194 [] DEBUG grabflow.pricing.SurgeCalculator -- Demand recorded for zone 103582791429521408
19:41:47.194 [] DEBUG grabflow.pricing.SurgeCalculator -- Demand recorded for zone 103582791429521408
19:41:47.194 [] DEBUG grabflow.pricing.SurgeCalculator -- Demand recorded for zone 103582791429521408
19:41:47.194 [] DEBUG grabflow.pricing.SurgeCalculator -- Demand recorded for zone 103582791429521408
19:41:47.194 [] DEBUG grabflow.pricing.SurgeCalculator -- Demand recorded for zone 103582791429521408
19:41:47.194 [] DEBUG grabflow.pricing.SurgeCalculator -- Demand recorded for zone 103582791429521408
19:41:47.194 [] DEBUG grabflow.pricing.SurgeCalculator -- Demand recorded for zone 103582791429521408
19:41:47.194 [] DEBUG grabflow.pricing.SurgeCalculator -- Demand recorded for zone 103582791429521408
19:41:47.194 [] DEBUG grabflow.pricing.SurgeCalculator -- Demand recorded for zone 103582791429521408
19:41:47.195 [] DEBUG grabflow.pricing.SurgeCalculator -- Demand recorded for zone 103582791429521408
19:41:47.195 [] DEBUG grabflow.pricing.SurgeCalculator -- Demand recorded for zone 103582791429521408
19:41:47.195 [] DEBUG grabflow.pricing.SurgeCalculator -- Demand recorded for zone 103582791429521408
19:41:47.195 [] DEBUG grabflow.pricing.SurgeCalculator -- Demand recorded for zone 103582791429521408
19:41:47.195 [] DEBUG grabflow.pricing.SurgeCalculator -- Demand recorded for zone 103582791429521408
19:41:47.195 [] DEBUG grabflow.pricing.SurgeCalculator -- Demand recorded for zone 103582791429521408
19:41:47.194 [] DEBUG grabflow.pricing.SurgeCalculator -- Demand recorded for zone 103582791429521408
19:41:47.194 [] DEBUG grabflow.pricing.SurgeCalculator -- Demand recorded for zone 103582791429521408
19:41:47.195 [] DEBUG grabflow.pricing.SurgeCalculator -- Demand recorded for zone 103582791429521408
19:41:47.195 [] DEBUG grabflow.pricing.SurgeCalculator -- Demand recorded for zone 103582791429521408
19:41:47.195 [] DEBUG grabflow.pricing.SurgeCalculator -- Demand recorded for zone 103582791429521408
19:41:47.195 [] DEBUG grabflow.pricing.SurgeCalculator -- Demand recorded for zone 103582791429521408
19:41:47.194 [] DEBUG grabflow.pricing.SurgeCalculator -- Demand recorded for zone 103582791429521408
19:41:47.195 [] DEBUG grabflow.pricing.SurgeCalculator -- Demand recorded for zone 103582791429521408
19:41:47.194 [] DEBUG grabflow.pricing.SurgeCalculator -- Demand recorded for zone 103582791429521408
19:41:47.194 [] DEBUG grabflow.pricing.SurgeCalculator -- Demand recorded for zone 103582791429521408
19:41:47.195 [] DEBUG grabflow.pricing.SurgeCalculator -- Demand recorded for zone 103582791429521408
19:41:47.194 [] DEBUG grabflow.pricing.SurgeCalculator -- Demand recorded for zone 103582791429521408
19:41:47.195 [] DEBUG grabflow.pricing.SurgeCalculator -- Demand recorded for zone 103582791429521408
19:41:47.195 [] DEBUG grabflow.pricing.SurgeCalculator -- Demand recorded for zone 103582791429521408
19:41:47.195 [] DEBUG grabflow.pricing.SurgeCalculator -- Demand recorded for zone 103582791429521408
19:41:47.195 [] DEBUG grabflow.pricing.SurgeCalculator -- Demand recorded for zone 103582791429521408
19:41:47.195 [] DEBUG grabflow.pricing.SurgeCalculator -- Demand recorded for zone 103582791429521408
19:41:47.195 [] DEBUG grabflow.pricing.SurgeCalculator -- Demand recorded for zone 103582791429521408
19:41:47.195 [] DEBUG grabflow.pricing.SurgeCalculator -- Demand recorded for zone 103582791429521408
19:41:47.195 [] DEBUG grabflow.pricing.SurgeCalculator -- Demand recorded for zone 103582791429521408
19:41:47.195 [] DEBUG grabflow.pricing.SurgeCalculator -- Demand recorded for zone 103582791429521408
19:41:47.195 [] DEBUG grabflow.pricing.SurgeCalculator -- Demand recorded for zone 103582791429521408
19:41:47.195 [] DEBUG grabflow.pricing.SurgeCalculator -- Demand recorded for zone 103582791429521408
19:41:47.195 [] DEBUG grabflow.pricing.SurgeCalculator -- Demand recorded for zone 103582791429521408
19:41:47.195 [] DEBUG grabflow.pricing.SurgeCalculator -- Demand recorded for zone 103582791429521408
19:41:47.195 [] DEBUG grabflow.pricing.SurgeCalculator -- Demand recorded for zone 103582791429521408
19:41:47.195 [] DEBUG grabflow.pricing.SurgeCalculator -- Demand recorded for zone 103582791429521408
19:41:47.195 [] DEBUG grabflow.pricing.SurgeCalculator -- Demand recorded for zone 103582791429521408
19:41:47.195 [] DEBUG grabflow.pricing.SurgeCalculator -- Demand recorded for zone 103582791429521408
19:41:47.195 [] DEBUG grabflow.pricing.SurgeCalculator -- Demand recorded for zone 103582791429521408
19:41:47.195 [] DEBUG grabflow.pricing.SurgeCalculator -- Demand recorded for zone 103582791429521408
19:41:47.195 [] DEBUG grabflow.pricing.SurgeCalculator -- Demand recorded for zone 103582791429521408
19:41:47.195 [] DEBUG grabflow.pricing.SurgeCalculator -- Demand recorded for zone 103582791429521408
19:41:47.195 [] DEBUG grabflow.pricing.SurgeCalculator -- Demand recorded for zone 103582791429521408
19:41:47.195 [] DEBUG grabflow.pricing.SurgeCalculator -- Demand recorded for zone 103582791429521408
19:41:47.195 [] DEBUG grabflow.pricing.SurgeCalculator -- Demand recorded for zone 103582791429521408
19:41:47.195 [] DEBUG grabflow.pricing.SurgeCalculator -- Demand recorded for zone 103582791429521408
19:41:47.195 [] DEBUG grabflow.pricing.SurgeCalculator -- Demand recorded for zone 103582791429521408
19:41:47.195 [] DEBUG grabflow.pricing.SurgeCalculator -- Demand recorded for zone 103582791429521408
19:41:47.195 [] DEBUG grabflow.pricing.SurgeCalculator -- Demand recorded for zone 103582791429521408
19:41:47.195 [] DEBUG grabflow.pricing.SurgeCalculator -- Demand recorded for zone 103582791429521408
19:41:47.195 [] DEBUG grabflow.pricing.SurgeCalculator -- Demand recorded for zone 103582791429521408
19:41:47.195 [] DEBUG grabflow.pricing.SurgeCalculator -- Demand recorded for zone 103582791429521408
19:41:47.196 [] DEBUG grabflow.pricing.SurgeCalculator -- Demand recorded for zone 103582791429521408
19:41:47.195 [] DEBUG grabflow.pricing.SurgeCalculator -- Demand recorded for zone 103582791429521408
19:41:47.195 [] DEBUG grabflow.pricing.SurgeCalculator -- Demand recorded for zone 103582791429521408
19:41:47.195 [] DEBUG grabflow.pricing.SurgeCalculator -- Demand recorded for zone 103582791429521408
19:41:47.196 [] DEBUG grabflow.pricing.SurgeCalculator -- Demand recorded for zone 103582791429521408
19:41:47.196 [] DEBUG grabflow.pricing.SurgeCalculator -- Demand recorded for zone 103582791429521408
19:41:47.196 [] DEBUG grabflow.pricing.SurgeCalculator -- Demand recorded for zone 103582791429521408
19:41:47.196 [] DEBUG grabflow.pricing.SurgeCalculator -- Demand recorded for zone 103582791429521408
19:41:47.195 [] DEBUG grabflow.pricing.SurgeCalculator -- Demand recorded for zone 103582791429521408
19:41:47.196 [] DEBUG grabflow.pricing.SurgeCalculator -- Demand recorded for zone 103582791429521408
19:41:47.196 [] DEBUG grabflow.pricing.SurgeCalculator -- Demand recorded for zone 103582791429521408
19:41:47.196 [] DEBUG grabflow.pricing.SurgeCalculator -- Demand recorded for zone 103582791429521408
19:41:47.196 [] DEBUG grabflow.pricing.SurgeCalculator -- Demand recorded for zone 103582791429521408
19:41:47.195 [] DEBUG grabflow.pricing.SurgeCalculator -- Demand recorded for zone 103582791429521408
19:41:47.196 [] DEBUG grabflow.pricing.SurgeCalculator -- Demand recorded for zone 103582791429521408
19:41:47.196 [] DEBUG grabflow.pricing.SurgeCalculator -- Demand recorded for zone 103582791429521408
19:41:47.196 [] DEBUG grabflow.pricing.SurgeCalculator -- Demand recorded for zone 103582791429521408
19:41:47.196 [] DEBUG grabflow.pricing.SurgeCalculator -- Demand recorded for zone 103582791429521408
19:41:47.196 [] DEBUG grabflow.pricing.SurgeCalculator -- Demand recorded for zone 103582791429521408
19:41:47.195 [] DEBUG grabflow.pricing.SurgeCalculator -- Demand recorded for zone 103582791429521408
19:41:47.196 [] DEBUG grabflow.pricing.SurgeCalculator -- Demand recorded for zone 103582791429521408
19:41:47.196 [] DEBUG grabflow.pricing.SurgeCalculator -- Demand recorded for zone 103582791429521408
19:41:47.196 [] DEBUG grabflow.pricing.SurgeCalculator -- Demand recorded for zone 103582791429521408
19:41:47.196 [] DEBUG grabflow.pricing.SurgeCalculator -- Demand recorded for zone 103582791429521408
19:41:47.196 [] DEBUG grabflow.pricing.SurgeCalculator -- Demand recorded for zone 103582791429521408
19:41:47.196 [] DEBUG grabflow.pricing.SurgeCalculator -- Demand recorded for zone 103582791429521408
19:41:47.196 [] DEBUG grabflow.pricing.SurgeCalculator -- Demand recorded for zone 103582791429521408
19:41:47.196 [] DEBUG grabflow.pricing.SurgeCalculator -- Demand recorded for zone 103582791429521408
19:41:47.196 [] DEBUG grabflow.pricing.SurgeCalculator -- Demand recorded for zone 103582791429521408
19:41:47.196 [] DEBUG grabflow.pricing.SurgeCalculator -- Demand recorded for zone 103582791429521408
19:41:47.196 [] DEBUG grabflow.pricing.SurgeCalculator -- Demand recorded for zone 103582791429521408
19:41:47.196 [] DEBUG grabflow.pricing.SurgeCalculator -- Demand recorded for zone 103582791429521408
19:41:47.196 [] DEBUG grabflow.pricing.SurgeCalculator -- Demand recorded for zone 103582791429521408
19:41:47.196 [] DEBUG grabflow.pricing.SurgeCalculator -- Demand recorded for zone 103582791429521408
19:41:47.196 [] DEBUG grabflow.pricing.SurgeCalculator -- Demand recorded for zone 103582791429521408
19:41:47.196 [] DEBUG grabflow.pricing.SurgeCalculator -- Demand recorded for zone 103582791429521408
19:41:47.197 [] DEBUG grabflow.pricing.SurgeCalculator -- Demand recorded for zone 103582791429521408
19:41:47.197 [] DEBUG grabflow.pricing.SurgeCalculator -- Demand recorded for zone 103582791429521408
19:41:47.196 [] DEBUG grabflow.pricing.SurgeCalculator -- Demand recorded for zone 103582791429521408
19:41:47.196 [] DEBUG grabflow.pricing.SurgeCalculator -- Demand recorded for zone 103582791429521408
19:41:47.197 [] DEBUG grabflow.pricing.SurgeCalculator -- Demand recorded for zone 103582791429521408
19:41:47.197 [] DEBUG grabflow.pricing.SurgeCalculator -- Demand recorded for zone 103582791429521408
19:41:47.197 [] DEBUG grabflow.pricing.SurgeCalculator -- Demand recorded for zone 103582791429521408
19:41:47.197 [] DEBUG grabflow.pricing.SurgeCalculator -- Demand recorded for zone 103582791429521408
19:41:47.197 [] DEBUG grabflow.pricing.SurgeCalculator -- Demand recorded for zone 103582791429521408
19:41:47.197 [] DEBUG grabflow.pricing.SurgeCalculator -- Demand recorded for zone 103582791429521408
19:41:47.196 [] DEBUG grabflow.pricing.SurgeCalculator -- Demand recorded for zone 103582791429521408
19:41:47.197 [] DEBUG grabflow.pricing.SurgeCalculator -- Demand recorded for zone 103582791429521408
19:41:47.197 [] DEBUG grabflow.pricing.SurgeCalculator -- Demand recorded for zone 103582791429521408
19:41:47.197 [] DEBUG grabflow.pricing.SurgeCalculator -- Demand recorded for zone 103582791429521408
19:41:47.197 [] DEBUG grabflow.pricing.SurgeCalculator -- Demand recorded for zone 103582791429521408
19:41:47.197 [] DEBUG grabflow.pricing.SurgeCalculator -- Demand recorded for zone 103582791429521408
19:41:47.197 [] DEBUG grabflow.pricing.SurgeCalculator -- Demand recorded for zone 103582791429521408
19:41:47.197 [] DEBUG grabflow.pricing.SurgeCalculator -- Demand recorded for zone 103582791429521408
19:41:47.196 [] DEBUG grabflow.pricing.SurgeCalculator -- Demand recorded for zone 103582791429521408
19:41:47.196 [] DEBUG grabflow.pricing.SurgeCalculator -- Demand recorded for zone 103582791429521408
19:41:47.197 [] DEBUG grabflow.pricing.SurgeCalculator -- Demand recorded for zone 103582791429521408
19:41:47.197 [] DEBUG grabflow.pricing.SurgeCalculator -- Demand recorded for zone 103582791429521408
19:41:47.197 [] DEBUG grabflow.pricing.SurgeCalculator -- Demand recorded for zone 103582791429521408
19:41:47.196 [] DEBUG grabflow.pricing.SurgeCalculator -- Demand recorded for zone 103582791429521408
19:41:47.197 [] DEBUG grabflow.pricing.SurgeCalculator -- Demand recorded for zone 103582791429521408
19:41:47.197 [] DEBUG grabflow.pricing.SurgeCalculator -- Demand recorded for zone 103582791429521408
19:41:47.197 [] DEBUG grabflow.pricing.SurgeCalculator -- Demand recorded for zone 103582791429521408
19:41:47.197 [] DEBUG grabflow.pricing.SurgeCalculator -- Demand recorded for zone 103582791429521408
19:41:47.197 [] DEBUG grabflow.pricing.SurgeCalculator -- Demand recorded for zone 103582791429521408
19:41:47.197 [] DEBUG grabflow.pricing.SurgeCalculator -- Demand recorded for zone 103582791429521408
19:41:47.197 [] DEBUG grabflow.pricing.SurgeCalculator -- Demand recorded for zone 103582791429521408
19:41:47.197 [] DEBUG grabflow.pricing.SurgeCalculator -- Demand recorded for zone 103582791429521408
19:41:47.197 [] DEBUG grabflow.pricing.SurgeCalculator -- Demand recorded for zone 103582791429521408
19:41:47.197 [] DEBUG grabflow.pricing.SurgeCalculator -- Demand recorded for zone 103582791429521408
19:41:47.197 [] DEBUG grabflow.pricing.SurgeCalculator -- Demand recorded for zone 103582791429521408
19:41:47.197 [] DEBUG grabflow.pricing.SurgeCalculator -- Demand recorded for zone 103582791429521408
19:41:47.197 [] DEBUG grabflow.pricing.SurgeCalculator -- Demand recorded for zone 103582791429521408
19:41:47.197 [] DEBUG grabflow.pricing.SurgeCalculator -- Demand recorded for zone 103582791429521408
19:41:47.197 [] DEBUG grabflow.pricing.SurgeCalculator -- Demand recorded for zone 103582791429521408
19:41:47.197 [] DEBUG grabflow.pricing.SurgeCalculator -- Demand recorded for zone 103582791429521408
19:41:47.197 [] DEBUG grabflow.pricing.SurgeCalculator -- Demand recorded for zone 103582791429521408
19:41:47.197 [] DEBUG grabflow.pricing.SurgeCalculator -- Demand recorded for zone 103582791429521408
19:41:47.197 [] DEBUG grabflow.pricing.SurgeCalculator -- Demand recorded for zone 103582791429521408
19:41:47.198 [] DEBUG grabflow.pricing.SurgeCalculator -- Demand recorded for zone 103582791429521408
19:41:47.197 [] DEBUG grabflow.pricing.SurgeCalculator -- Demand recorded for zone 103582791429521408
19:41:47.198 [] DEBUG grabflow.pricing.SurgeCalculator -- Demand recorded for zone 103582791429521408
19:41:47.197 [] DEBUG grabflow.pricing.SurgeCalculator -- Demand recorded for zone 103582791429521408
19:41:47.198 [] DEBUG grabflow.pricing.SurgeCalculator -- Demand recorded for zone 103582791429521408
19:41:47.198 [] DEBUG grabflow.pricing.SurgeCalculator -- Demand recorded for zone 103582791429521408
19:41:47.198 [] DEBUG grabflow.pricing.SurgeCalculator -- Demand recorded for zone 103582791429521408
19:41:47.198 [] DEBUG grabflow.pricing.SurgeCalculator -- Demand recorded for zone 103582791429521408
19:41:47.198 [] DEBUG grabflow.pricing.SurgeCalculator -- Demand recorded for zone 103582791429521408
19:41:47.198 [] DEBUG grabflow.pricing.SurgeCalculator -- Demand recorded for zone 103582791429521408
19:41:47.198 [] DEBUG grabflow.pricing.SurgeCalculator -- Demand recorded for zone 103582791429521408
19:41:47.198 [] DEBUG grabflow.pricing.SurgeCalculator -- Demand recorded for zone 103582791429521408
19:41:47.198 [] DEBUG grabflow.pricing.SurgeCalculator -- Demand recorded for zone 103582791429521408
19:41:47.197 [] DEBUG grabflow.pricing.SurgeCalculator -- Demand recorded for zone 103582791429521408
19:41:47.198 [] DEBUG grabflow.pricing.SurgeCalculator -- Demand recorded for zone 103582791429521408
19:41:47.198 [] DEBUG grabflow.pricing.SurgeCalculator -- Demand recorded for zone 103582791429521408
19:41:47.198 [] DEBUG grabflow.pricing.SurgeCalculator -- Demand recorded for zone 103582791429521408
19:41:47.197 [] DEBUG grabflow.pricing.SurgeCalculator -- Demand recorded for zone 103582791429521408
19:41:47.198 [] DEBUG grabflow.pricing.SurgeCalculator -- Demand recorded for zone 103582791429521408
19:41:47.197 [] DEBUG grabflow.pricing.SurgeCalculator -- Demand recorded for zone 103582791429521408
19:41:47.197 [] DEBUG grabflow.pricing.SurgeCalculator -- Demand recorded for zone 103582791429521408
19:41:47.198 [] DEBUG grabflow.pricing.SurgeCalculator -- Demand recorded for zone 103582791429521408
19:41:47.198 [] DEBUG grabflow.pricing.SurgeCalculator -- Demand recorded for zone 103582791429521408
19:41:47.198 [] DEBUG grabflow.pricing.SurgeCalculator -- Demand recorded for zone 103582791429521408
19:41:47.198 [] DEBUG grabflow.pricing.SurgeCalculator -- Demand recorded for zone 103582791429521408
19:41:47.198 [] DEBUG grabflow.pricing.SurgeCalculator -- Demand recorded for zone 103582791429521408
19:41:47.198 [] DEBUG grabflow.pricing.SurgeCalculator -- Demand recorded for zone 103582791429521408
19:41:47.198 [] DEBUG grabflow.pricing.SurgeCalculator -- Demand recorded for zone 103582791429521408
19:41:47.198 [] DEBUG grabflow.pricing.SurgeCalculator -- Demand recorded for zone 103582791429521408
19:41:47.198 [] DEBUG grabflow.pricing.SurgeCalculator -- Demand recorded for zone 103582791429521408
19:41:47.198 [] DEBUG grabflow.pricing.SurgeCalculator -- Demand recorded for zone 103582791429521408
19:41:47.198 [] DEBUG grabflow.pricing.SurgeCalculator -- Demand recorded for zone 103582791429521408
19:41:47.198 [] DEBUG grabflow.pricing.SurgeCalculator -- Demand recorded for zone 103582791429521408
19:41:47.198 [] DEBUG grabflow.pricing.SurgeCalculator -- Demand recorded for zone 103582791429521408
19:41:47.198 [] DEBUG grabflow.pricing.SurgeCalculator -- Demand recorded for zone 103582791429521408
19:41:47.198 [] DEBUG grabflow.pricing.SurgeCalculator -- Demand recorded for zone 103582791429521408
19:41:47.198 [] DEBUG grabflow.pricing.SurgeCalculator -- Demand recorded for zone 103582791429521408
19:41:47.198 [] DEBUG grabflow.pricing.SurgeCalculator -- Demand recorded for zone 103582791429521408
19:41:47.198 [] DEBUG grabflow.pricing.SurgeCalculator -- Demand recorded for zone 103582791429521408
19:41:47.198 [] DEBUG grabflow.pricing.SurgeCalculator -- Demand recorded for zone 103582791429521408
19:41:47.198 [] DEBUG grabflow.pricing.SurgeCalculator -- Demand recorded for zone 103582791429521408
19:41:47.198 [] DEBUG grabflow.pricing.SurgeCalculator -- Demand recorded for zone 103582791429521408
19:41:47.198 [] DEBUG grabflow.pricing.SurgeCalculator -- Demand recorded for zone 103582791429521408
19:41:47.198 [] DEBUG grabflow.pricing.SurgeCalculator -- Demand recorded for zone 103582791429521408
19:41:47.198 [] DEBUG grabflow.pricing.SurgeCalculator -- Demand recorded for zone 103582791429521408
19:41:47.199 [] DEBUG grabflow.pricing.SurgeCalculator -- Demand recorded for zone 103582791429521408
19:41:47.199 [] DEBUG grabflow.pricing.SurgeCalculator -- Demand recorded for zone 103582791429521408
19:41:47.199 [] DEBUG grabflow.pricing.SurgeCalculator -- Demand recorded for zone 103582791429521408
19:41:47.199 [] DEBUG grabflow.pricing.SurgeCalculator -- Demand recorded for zone 103582791429521408
19:41:47.199 [] DEBUG grabflow.pricing.SurgeCalculator -- Demand recorded for zone 103582791429521408
19:41:47.199 [] DEBUG grabflow.pricing.SurgeCalculator -- Demand recorded for zone 103582791429521408
19:41:47.198 [] DEBUG grabflow.pricing.SurgeCalculator -- Demand recorded for zone 103582791429521408
19:41:47.199 [] DEBUG grabflow.pricing.SurgeCalculator -- Demand recorded for zone 103582791429521408
19:41:47.199 [] DEBUG grabflow.pricing.SurgeCalculator -- Demand recorded for zone 103582791429521408
19:41:47.199 [] DEBUG grabflow.pricing.SurgeCalculator -- Demand recorded for zone 103582791429521408
19:41:47.199 [] DEBUG grabflow.pricing.SurgeCalculator -- Demand recorded for zone 103582791429521408
19:41:47.199 [] DEBUG grabflow.pricing.SurgeCalculator -- Demand recorded for zone 103582791429521408
19:41:47.199 [] DEBUG grabflow.pricing.SurgeCalculator -- Demand recorded for zone 103582791429521408
19:41:47.198 [] DEBUG grabflow.pricing.SurgeCalculator -- Demand recorded for zone 103582791429521408
19:41:47.198 [] DEBUG grabflow.pricing.SurgeCalculator -- Demand recorded for zone 103582791429521408
19:41:47.198 [] DEBUG grabflow.pricing.SurgeCalculator -- Demand recorded for zone 103582791429521408
19:41:47.199 [] DEBUG grabflow.pricing.SurgeCalculator -- Demand recorded for zone 103582791429521408
19:41:47.198 [] DEBUG grabflow.pricing.SurgeCalculator -- Demand recorded for zone 103582791429521408
19:41:47.198 [] DEBUG grabflow.pricing.SurgeCalculator -- Demand recorded for zone 103582791429521408
19:41:47.199 [] DEBUG grabflow.pricing.SurgeCalculator -- Demand recorded for zone 103582791429521408
19:41:47.199 [] DEBUG grabflow.pricing.SurgeCalculator -- Demand recorded for zone 103582791429521408
19:41:47.199 [] DEBUG grabflow.pricing.SurgeCalculator -- Demand recorded for zone 103582791429521408
19:41:47.199 [] DEBUG grabflow.pricing.SurgeCalculator -- Demand recorded for zone 103582791429521408
19:41:47.199 [] DEBUG grabflow.pricing.SurgeCalculator -- Demand recorded for zone 103582791429521408
19:41:47.199 [] DEBUG grabflow.pricing.SurgeCalculator -- Demand recorded for zone 103582791429521408
19:41:47.199 [] DEBUG grabflow.pricing.SurgeCalculator -- Demand recorded for zone 103582791429521408
19:41:47.199 [] DEBUG grabflow.pricing.SurgeCalculator -- Demand recorded for zone 103582791429521408
19:41:47.199 [] DEBUG grabflow.pricing.SurgeCalculator -- Demand recorded for zone 103582791429521408
19:41:47.199 [] DEBUG grabflow.pricing.SurgeCalculator -- Demand recorded for zone 103582791429521408
19:41:47.199 [] DEBUG grabflow.pricing.SurgeCalculator -- Demand recorded for zone 103582791429521408
19:41:47.199 [] DEBUG grabflow.pricing.SurgeCalculator -- Demand recorded for zone 103582791429521408
19:41:47.199 [] DEBUG grabflow.pricing.SurgeCalculator -- Demand recorded for zone 103582791429521408
19:41:47.199 [] DEBUG grabflow.pricing.SurgeCalculator -- Demand recorded for zone 103582791429521408
19:41:47.199 [] DEBUG grabflow.pricing.SurgeCalculator -- Demand recorded for zone 103582791429521408
19:41:47.199 [] DEBUG grabflow.pricing.SurgeCalculator -- Demand recorded for zone 103582791429521408
19:41:47.199 [] DEBUG grabflow.pricing.SurgeCalculator -- Demand recorded for zone 103582791429521408
19:41:47.199 [] DEBUG grabflow.pricing.SurgeCalculator -- Demand recorded for zone 103582791429521408
19:41:47.199 [] DEBUG grabflow.pricing.SurgeCalculator -- Demand recorded for zone 103582791429521408
19:41:47.199 [] DEBUG grabflow.pricing.SurgeCalculator -- Demand recorded for zone 103582791429521408
19:41:47.199 [] DEBUG grabflow.pricing.SurgeCalculator -- Demand recorded for zone 103582791429521408
19:41:47.199 [] DEBUG grabflow.pricing.SurgeCalculator -- Demand recorded for zone 103582791429521408
19:41:47.199 [] DEBUG grabflow.pricing.SurgeCalculator -- Demand recorded for zone 103582791429521408
19:41:47.200 [] DEBUG grabflow.pricing.SurgeCalculator -- Demand recorded for zone 103582791429521408
19:41:47.199 [] DEBUG grabflow.pricing.SurgeCalculator -- Demand recorded for zone 103582791429521408
19:41:47.200 [] DEBUG grabflow.pricing.SurgeCalculator -- Demand recorded for zone 103582791429521408
19:41:47.199 [] DEBUG grabflow.pricing.SurgeCalculator -- Demand recorded for zone 103582791429521408
19:41:47.200 [] DEBUG grabflow.pricing.SurgeCalculator -- Demand recorded for zone 103582791429521408
19:41:47.200 [] DEBUG grabflow.pricing.SurgeCalculator -- Demand recorded for zone 103582791429521408
19:41:47.199 [] DEBUG grabflow.pricing.SurgeCalculator -- Demand recorded for zone 103582791429521408
19:41:47.200 [] DEBUG grabflow.pricing.SurgeCalculator -- Demand recorded for zone 103582791429521408
19:41:47.200 [] DEBUG grabflow.pricing.SurgeCalculator -- Demand recorded for zone 103582791429521408
19:41:47.200 [] DEBUG grabflow.pricing.SurgeCalculator -- Demand recorded for zone 103582791429521408
19:41:47.200 [] DEBUG grabflow.pricing.SurgeCalculator -- Demand recorded for zone 103582791429521408
19:41:47.200 [] DEBUG grabflow.pricing.SurgeCalculator -- Demand recorded for zone 103582791429521408
19:41:47.200 [] DEBUG grabflow.pricing.SurgeCalculator -- Demand recorded for zone 103582791429521408
19:41:47.200 [] DEBUG grabflow.pricing.SurgeCalculator -- Demand recorded for zone 103582791429521408
19:41:47.199 [] DEBUG grabflow.pricing.SurgeCalculator -- Demand recorded for zone 103582791429521408
19:41:47.199 [] DEBUG grabflow.pricing.SurgeCalculator -- Demand recorded for zone 103582791429521408
19:41:47.200 [] DEBUG grabflow.pricing.SurgeCalculator -- Demand recorded for zone 103582791429521408
19:41:47.200 [] DEBUG grabflow.pricing.SurgeCalculator -- Demand recorded for zone 103582791429521408
19:41:47.200 [] DEBUG grabflow.pricing.SurgeCalculator -- Demand recorded for zone 103582791429521408
19:41:47.200 [] DEBUG grabflow.pricing.SurgeCalculator -- Demand recorded for zone 103582791429521408
19:41:47.200 [] DEBUG grabflow.pricing.SurgeCalculator -- Demand recorded for zone 103582791429521408
19:41:47.200 [] DEBUG grabflow.pricing.SurgeCalculator -- Demand recorded for zone 103582791429521408
19:41:47.200 [] DEBUG grabflow.pricing.SurgeCalculator -- Demand recorded for zone 103582791429521408
19:41:47.200 [] DEBUG grabflow.pricing.SurgeCalculator -- Demand recorded for zone 103582791429521408
19:41:47.200 [] DEBUG grabflow.pricing.SurgeCalculator -- Demand recorded for zone 103582791429521408
19:41:47.200 [] DEBUG grabflow.pricing.SurgeCalculator -- Demand recorded for zone 103582791429521408
19:41:47.200 [] DEBUG grabflow.pricing.SurgeCalculator -- Demand recorded for zone 103582791429521408
19:41:47.200 [] DEBUG grabflow.pricing.SurgeCalculator -- Demand recorded for zone 103582791429521408
19:41:47.200 [] DEBUG grabflow.pricing.SurgeCalculator -- Demand recorded for zone 103582791429521408
19:41:47.200 [] DEBUG grabflow.pricing.SurgeCalculator -- Demand recorded for zone 103582791429521408
19:41:47.200 [] DEBUG grabflow.pricing.SurgeCalculator -- Demand recorded for zone 103582791429521408
19:41:47.200 [] DEBUG grabflow.pricing.SurgeCalculator -- Demand recorded for zone 103582791429521408
19:41:47.200 [] DEBUG grabflow.pricing.SurgeCalculator -- Demand recorded for zone 103582791429521408
19:41:47.200 [] DEBUG grabflow.pricing.SurgeCalculator -- Demand recorded for zone 103582791429521408
19:41:47.200 [] DEBUG grabflow.pricing.SurgeCalculator -- Demand recorded for zone 103582791429521408
19:41:47.201 [] DEBUG grabflow.pricing.SurgeCalculator -- Demand recorded for zone 103582791429521408
19:41:47.201 [] DEBUG grabflow.pricing.SurgeCalculator -- Demand recorded for zone 103582791429521408
19:41:47.201 [] DEBUG grabflow.pricing.SurgeCalculator -- Demand recorded for zone 103582791429521408
19:41:47.200 [] DEBUG grabflow.pricing.SurgeCalculator -- Demand recorded for zone 103582791429521408
19:41:47.200 [] DEBUG grabflow.pricing.SurgeCalculator -- Demand recorded for zone 103582791429521408
19:41:47.201 [] DEBUG grabflow.pricing.SurgeCalculator -- Demand recorded for zone 103582791429521408
19:41:47.200 [] DEBUG grabflow.pricing.SurgeCalculator -- Demand recorded for zone 103582791429521408
19:41:47.201 [] DEBUG grabflow.pricing.SurgeCalculator -- Demand recorded for zone 103582791429521408
19:41:47.200 [] DEBUG grabflow.pricing.SurgeCalculator -- Demand recorded for zone 103582791429521408
19:41:47.201 [] DEBUG grabflow.pricing.SurgeCalculator -- Demand recorded for zone 103582791429521408
19:41:47.201 [] DEBUG grabflow.pricing.SurgeCalculator -- Demand recorded for zone 103582791429521408
19:41:47.200 [] DEBUG grabflow.pricing.SurgeCalculator -- Demand recorded for zone 103582791429521408
19:41:47.201 [] DEBUG grabflow.pricing.SurgeCalculator -- Demand recorded for zone 103582791429521408
19:41:47.201 [] DEBUG grabflow.pricing.SurgeCalculator -- Demand recorded for zone 103582791429521408
19:41:47.200 [] DEBUG grabflow.pricing.SurgeCalculator -- Demand recorded for zone 103582791429521408
19:41:47.201 [] DEBUG grabflow.pricing.SurgeCalculator -- Demand recorded for zone 103582791429521408
19:41:47.201 [] DEBUG grabflow.pricing.SurgeCalculator -- Demand recorded for zone 103582791429521408
19:41:47.201 [] DEBUG grabflow.pricing.SurgeCalculator -- Demand recorded for zone 103582791429521408
19:41:47.201 [] DEBUG grabflow.pricing.SurgeCalculator -- Demand recorded for zone 103582791429521408
19:41:47.201 [] DEBUG grabflow.pricing.SurgeCalculator -- Demand recorded for zone 103582791429521408
19:41:47.201 [] DEBUG grabflow.pricing.SurgeCalculator -- Demand recorded for zone 103582791429521408
19:41:47.201 [] DEBUG grabflow.pricing.SurgeCalculator -- Demand recorded for zone 103582791429521408
19:41:47.201 [] DEBUG grabflow.pricing.SurgeCalculator -- Demand recorded for zone 103582791429521408
19:41:47.201 [] DEBUG grabflow.pricing.SurgeCalculator -- Demand recorded for zone 103582791429521408
19:41:47.201 [] DEBUG grabflow.pricing.SurgeCalculator -- Demand recorded for zone 103582791429521408
19:41:47.201 [] DEBUG grabflow.pricing.SurgeCalculator -- Demand recorded for zone 103582791429521408
19:41:47.201 [] DEBUG grabflow.pricing.SurgeCalculator -- Demand recorded for zone 103582791429521408
19:41:47.201 [] DEBUG grabflow.pricing.SurgeCalculator -- Demand recorded for zone 103582791429521408
19:41:47.201 [] DEBUG grabflow.pricing.SurgeCalculator -- Demand recorded for zone 103582791429521408
19:41:47.201 [] DEBUG grabflow.pricing.SurgeCalculator -- Demand recorded for zone 103582791429521408
19:41:47.201 [] DEBUG grabflow.pricing.SurgeCalculator -- Demand recorded for zone 103582791429521408
19:41:47.201 [] DEBUG grabflow.pricing.SurgeCalculator -- Demand recorded for zone 103582791429521408
19:41:47.201 [] DEBUG grabflow.pricing.SurgeCalculator -- Demand recorded for zone 103582791429521408
19:41:47.201 [] DEBUG grabflow.pricing.SurgeCalculator -- Demand recorded for zone 103582791429521408
19:41:47.201 [] DEBUG grabflow.pricing.SurgeCalculator -- Demand recorded for zone 103582791429521408
19:41:47.201 [] DEBUG grabflow.pricing.SurgeCalculator -- Demand recorded for zone 103582791429521408
19:41:47.201 [] DEBUG grabflow.pricing.SurgeCalculator -- Demand recorded for zone 103582791429521408
19:41:47.201 [] DEBUG grabflow.pricing.SurgeCalculator -- Demand recorded for zone 103582791429521408
19:41:47.201 [] DEBUG grabflow.pricing.SurgeCalculator -- Demand recorded for zone 103582791429521408
19:41:47.201 [] DEBUG grabflow.pricing.SurgeCalculator -- Demand recorded for zone 103582791429521408
19:41:47.201 [] DEBUG grabflow.pricing.SurgeCalculator -- Demand recorded for zone 103582791429521408
19:41:47.201 [] DEBUG grabflow.pricing.SurgeCalculator -- Demand recorded for zone 103582791429521408
19:41:47.201 [] DEBUG grabflow.pricing.SurgeCalculator -- Demand recorded for zone 103582791429521408
19:41:47.201 [] DEBUG grabflow.pricing.SurgeCalculator -- Demand recorded for zone 103582791429521408
19:41:47.201 [] DEBUG grabflow.pricing.SurgeCalculator -- Demand recorded for zone 103582791429521408
19:41:47.201 [] DEBUG grabflow.pricing.SurgeCalculator -- Demand recorded for zone 103582791429521408
19:41:47.201 [] DEBUG grabflow.pricing.SurgeCalculator -- Demand recorded for zone 103582791429521408
19:41:47.201 [] DEBUG grabflow.pricing.SurgeCalculator -- Demand recorded for zone 103582791429521408
19:41:47.201 [] DEBUG grabflow.pricing.SurgeCalculator -- Demand recorded for zone 103582791429521408
19:41:47.201 [] DEBUG grabflow.pricing.SurgeCalculator -- Demand recorded for zone 103582791429521408
19:41:47.202 [] DEBUG grabflow.pricing.SurgeCalculator -- Demand recorded for zone 103582791429521408
19:41:47.202 [] DEBUG grabflow.pricing.SurgeCalculator -- Demand recorded for zone 103582791429521408
19:41:47.202 [] DEBUG grabflow.pricing.SurgeCalculator -- Demand recorded for zone 103582791429521408
19:41:47.202 [] DEBUG grabflow.pricing.SurgeCalculator -- Demand recorded for zone 103582791429521408
19:41:47.202 [] DEBUG grabflow.pricing.SurgeCalculator -- Demand recorded for zone 103582791429521408
19:41:47.202 [] DEBUG grabflow.pricing.SurgeCalculator -- Demand recorded for zone 103582791429521408
19:41:47.202 [] DEBUG grabflow.pricing.SurgeCalculator -- Demand recorded for zone 103582791429521408
19:41:47.202 [] DEBUG grabflow.pricing.SurgeCalculator -- Demand recorded for zone 103582791429521408
19:41:47.202 [] DEBUG grabflow.pricing.SurgeCalculator -- Demand recorded for zone 103582791429521408
19:41:47.202 [] DEBUG grabflow.pricing.SurgeCalculator -- Demand recorded for zone 103582791429521408
19:41:47.202 [] DEBUG grabflow.pricing.SurgeCalculator -- Demand recorded for zone 103582791429521408
19:41:47.202 [] DEBUG grabflow.pricing.SurgeCalculator -- Demand recorded for zone 103582791429521408
19:41:47.202 [] DEBUG grabflow.pricing.SurgeCalculator -- Demand recorded for zone 103582791429521408
19:41:47.202 [] DEBUG grabflow.pricing.SurgeCalculator -- Demand recorded for zone 103582791429521408
19:41:47.201 [] DEBUG grabflow.pricing.SurgeCalculator -- Demand recorded for zone 103582791429521408
19:41:47.202 [] DEBUG grabflow.pricing.SurgeCalculator -- Demand recorded for zone 103582791429521408
19:41:47.202 [] DEBUG grabflow.pricing.SurgeCalculator -- Demand recorded for zone 103582791429521408
19:41:47.202 [] DEBUG grabflow.pricing.SurgeCalculator -- Demand recorded for zone 103582791429521408
19:41:47.202 [] DEBUG grabflow.pricing.SurgeCalculator -- Demand recorded for zone 103582791429521408
19:41:47.201 [] DEBUG grabflow.pricing.SurgeCalculator -- Demand recorded for zone 103582791429521408
19:41:47.202 [] DEBUG grabflow.pricing.SurgeCalculator -- Demand recorded for zone 103582791429521408
19:41:47.202 [] DEBUG grabflow.pricing.SurgeCalculator -- Demand recorded for zone 103582791429521408
19:41:47.202 [] DEBUG grabflow.pricing.SurgeCalculator -- Demand recorded for zone 103582791429521408
19:41:47.202 [] DEBUG grabflow.pricing.SurgeCalculator -- Demand recorded for zone 103582791429521408
19:41:47.202 [] DEBUG grabflow.pricing.SurgeCalculator -- Demand recorded for zone 103582791429521408
19:41:47.201 [] DEBUG grabflow.pricing.SurgeCalculator -- Demand recorded for zone 103582791429521408
19:41:47.202 [] DEBUG grabflow.pricing.SurgeCalculator -- Demand recorded for zone 103582791429521408
19:41:47.201 [] DEBUG grabflow.pricing.SurgeCalculator -- Demand recorded for zone 103582791429521408
19:41:47.202 [] DEBUG grabflow.pricing.SurgeCalculator -- Demand recorded for zone 103582791429521408
19:41:47.202 [] DEBUG grabflow.pricing.SurgeCalculator -- Demand recorded for zone 103582791429521408
19:41:47.201 [] DEBUG grabflow.pricing.SurgeCalculator -- Demand recorded for zone 103582791429521408
19:41:47.202 [] DEBUG grabflow.pricing.SurgeCalculator -- Demand recorded for zone 103582791429521408
19:41:47.202 [] DEBUG grabflow.pricing.SurgeCalculator -- Demand recorded for zone 103582791429521408
19:41:47.202 [] DEBUG grabflow.pricing.SurgeCalculator -- Demand recorded for zone 103582791429521408
19:41:47.201 [] DEBUG grabflow.pricing.SurgeCalculator -- Demand recorded for zone 103582791429521408
19:41:47.202 [] DEBUG grabflow.pricing.SurgeCalculator -- Demand recorded for zone 103582791429521408
19:41:47.202 [] DEBUG grabflow.pricing.SurgeCalculator -- Demand recorded for zone 103582791429521408
19:41:47.202 [] DEBUG grabflow.pricing.SurgeCalculator -- Demand recorded for zone 103582791429521408
19:41:47.202 [] DEBUG grabflow.pricing.SurgeCalculator -- Demand recorded for zone 103582791429521408
19:41:47.202 [] DEBUG grabflow.pricing.SurgeCalculator -- Demand recorded for zone 103582791429521408
19:41:47.202 [] DEBUG grabflow.pricing.SurgeCalculator -- Demand recorded for zone 103582791429521408
19:41:47.202 [] DEBUG grabflow.pricing.SurgeCalculator -- Demand recorded for zone 103582791429521408
19:41:47.202 [] DEBUG grabflow.pricing.SurgeCalculator -- Demand recorded for zone 103582791429521408
19:41:47.202 [] DEBUG grabflow.pricing.SurgeCalculator -- Demand recorded for zone 103582791429521408
19:41:47.202 [] DEBUG grabflow.pricing.SurgeCalculator -- Demand recorded for zone 103582791429521408
19:41:47.202 [] DEBUG grabflow.pricing.SurgeCalculator -- Demand recorded for zone 103582791429521408
19:41:47.202 [] DEBUG grabflow.pricing.SurgeCalculator -- Demand recorded for zone 103582791429521408
19:41:47.202 [] DEBUG grabflow.pricing.SurgeCalculator -- Demand recorded for zone 103582791429521408
19:41:47.202 [] DEBUG grabflow.pricing.SurgeCalculator -- Demand recorded for zone 103582791429521408
19:41:47.202 [] DEBUG grabflow.pricing.SurgeCalculator -- Demand recorded for zone 103582791429521408
19:41:47.202 [] DEBUG grabflow.pricing.SurgeCalculator -- Demand recorded for zone 103582791429521408
19:41:47.202 [] DEBUG grabflow.pricing.SurgeCalculator -- Demand recorded for zone 103582791429521408
19:41:47.202 [] DEBUG grabflow.pricing.SurgeCalculator -- Demand recorded for zone 103582791429521408
19:41:47.202 [] DEBUG grabflow.pricing.SurgeCalculator -- Demand recorded for zone 103582791429521408
19:41:47.202 [] DEBUG grabflow.pricing.SurgeCalculator -- Demand recorded for zone 103582791429521408
19:41:47.203 [] DEBUG grabflow.pricing.SurgeCalculator -- Demand recorded for zone 103582791429521408
19:41:47.203 [] DEBUG grabflow.pricing.SurgeCalculator -- Demand recorded for zone 103582791429521408
19:41:47.202 [] DEBUG grabflow.pricing.SurgeCalculator -- Demand recorded for zone 103582791429521408
19:41:47.203 [] DEBUG grabflow.pricing.SurgeCalculator -- Demand recorded for zone 103582791429521408
19:41:47.203 [] DEBUG grabflow.pricing.SurgeCalculator -- Demand recorded for zone 103582791429521408
19:41:47.203 [] DEBUG grabflow.pricing.SurgeCalculator -- Demand recorded for zone 103582791429521408
19:41:47.203 [] DEBUG grabflow.pricing.SurgeCalculator -- Demand recorded for zone 103582791429521408
19:41:47.203 [] DEBUG grabflow.pricing.SurgeCalculator -- Demand recorded for zone 103582791429521408
19:41:47.203 [] DEBUG grabflow.pricing.SurgeCalculator -- Demand recorded for zone 103582791429521408
19:41:47.203 [] DEBUG grabflow.pricing.SurgeCalculator -- Demand recorded for zone 103582791429521408
19:41:47.203 [] DEBUG grabflow.pricing.SurgeCalculator -- Demand recorded for zone 103582791429521408
19:41:47.203 [] DEBUG grabflow.pricing.SurgeCalculator -- Demand recorded for zone 103582791429521408
19:41:47.202 [] DEBUG grabflow.pricing.SurgeCalculator -- Demand recorded for zone 103582791429521408
19:41:47.202 [] DEBUG grabflow.pricing.SurgeCalculator -- Demand recorded for zone 103582791429521408
19:41:47.202 [] DEBUG grabflow.pricing.SurgeCalculator -- Demand recorded for zone 103582791429521408
19:41:47.202 [] DEBUG grabflow.pricing.SurgeCalculator -- Demand recorded for zone 103582791429521408
19:41:47.203 [] DEBUG grabflow.pricing.SurgeCalculator -- Demand recorded for zone 103582791429521408
19:41:47.203 [] DEBUG grabflow.pricing.SurgeCalculator -- Demand recorded for zone 103582791429521408
19:41:47.203 [] DEBUG grabflow.pricing.SurgeCalculator -- Demand recorded for zone 103582791429521408
19:41:47.203 [] DEBUG grabflow.pricing.SurgeCalculator -- Demand recorded for zone 103582791429521408
19:41:47.202 [] DEBUG grabflow.pricing.SurgeCalculator -- Demand recorded for zone 103582791429521408
19:41:47.203 [] DEBUG grabflow.pricing.SurgeCalculator -- Demand recorded for zone 103582791429521408
19:41:47.203 [] DEBUG grabflow.pricing.SurgeCalculator -- Demand recorded for zone 103582791429521408
19:41:47.203 [] DEBUG grabflow.pricing.SurgeCalculator -- Demand recorded for zone 103582791429521408
19:41:47.203 [] DEBUG grabflow.pricing.SurgeCalculator -- Demand recorded for zone 103582791429521408
19:41:47.203 [] DEBUG grabflow.pricing.SurgeCalculator -- Demand recorded for zone 103582791429521408
19:41:47.203 [] DEBUG grabflow.pricing.SurgeCalculator -- Demand recorded for zone 103582791429521408
19:41:47.203 [] DEBUG grabflow.pricing.SurgeCalculator -- Demand recorded for zone 103582791429521408
19:41:47.203 [] DEBUG grabflow.pricing.SurgeCalculator -- Demand recorded for zone 103582791429521408
19:41:47.203 [] DEBUG grabflow.pricing.SurgeCalculator -- Demand recorded for zone 103582791429521408
19:41:47.203 [] DEBUG grabflow.pricing.SurgeCalculator -- Demand recorded for zone 103582791429521408
19:41:47.203 [] DEBUG grabflow.pricing.SurgeCalculator -- Demand recorded for zone 103582791429521408
19:41:47.203 [] DEBUG grabflow.pricing.SurgeCalculator -- Demand recorded for zone 103582791429521408
19:41:47.203 [] DEBUG grabflow.pricing.SurgeCalculator -- Demand recorded for zone 103582791429521408
19:41:47.203 [] DEBUG grabflow.pricing.SurgeCalculator -- Demand recorded for zone 103582791429521408
19:41:47.203 [] DEBUG grabflow.pricing.SurgeCalculator -- Demand recorded for zone 103582791429521408
19:41:47.203 [] DEBUG grabflow.pricing.SurgeCalculator -- Demand recorded for zone 103582791429521408
19:41:47.203 [] DEBUG grabflow.pricing.SurgeCalculator -- Demand recorded for zone 103582791429521408
19:41:47.203 [] DEBUG grabflow.pricing.SurgeCalculator -- Demand recorded for zone 103582791429521408
19:41:47.203 [] DEBUG grabflow.pricing.SurgeCalculator -- Demand recorded for zone 103582791429521408
19:41:47.203 [] DEBUG grabflow.pricing.SurgeCalculator -- Demand recorded for zone 103582791429521408
19:41:47.203 [] DEBUG grabflow.pricing.SurgeCalculator -- Demand recorded for zone 103582791429521408
19:41:47.203 [] DEBUG grabflow.pricing.SurgeCalculator -- Demand recorded for zone 103582791429521408
19:41:47.203 [] DEBUG grabflow.pricing.SurgeCalculator -- Demand recorded for zone 103582791429521408
19:41:47.203 [] DEBUG grabflow.pricing.SurgeCalculator -- Demand recorded for zone 103582791429521408
19:41:47.203 [] DEBUG grabflow.pricing.SurgeCalculator -- Demand recorded for zone 103582791429521408
19:41:47.203 [] DEBUG grabflow.pricing.SurgeCalculator -- Demand recorded for zone 103582791429521408
19:41:47.203 [] DEBUG grabflow.pricing.SurgeCalculator -- Demand recorded for zone 103582791429521408
19:41:47.203 [] DEBUG grabflow.pricing.SurgeCalculator -- Demand recorded for zone 103582791429521408
19:41:47.203 [] DEBUG grabflow.pricing.SurgeCalculator -- Demand recorded for zone 103582791429521408
19:41:47.203 [] DEBUG grabflow.pricing.SurgeCalculator -- Demand recorded for zone 103582791429521408
19:41:47.203 [] DEBUG grabflow.pricing.SurgeCalculator -- Demand recorded for zone 103582791429521408
19:41:47.203 [] DEBUG grabflow.pricing.SurgeCalculator -- Demand recorded for zone 103582791429521408
19:41:47.203 [] DEBUG grabflow.pricing.SurgeCalculator -- Demand recorded for zone 103582791429521408
19:41:47.203 [] DEBUG grabflow.pricing.SurgeCalculator -- Demand recorded for zone 103582791429521408
[...]
19:41:47.214 [] DEBUG grabflow.pricing.SurgeCalculator -- Demand recorded for zone 103582791429521408
19:41:47.214 [] DEBUG grabflow.pricing.SurgeCalculator -- Demand recorded for zone 103582791429521408
19:41:47.214 [] DEBUG grabflow.pricing.SurgeCalculator -- Demand recorded for zone 103582791429521408
19:41:47.214 [] DEBUG grabflow.pricing.SurgeCalculator -- Demand recorded for zone 103582791429521408
19:41:47.214 [] DEBUG grabflow.pricing.SurgeCalculator -- Demand recorded for zone 103582791429521408
19:41:47.214 [] DEBUG grabflow.pricing.SurgeCalculator -- Demand recorded for zone 103582791429521408
19:41:47.214 [] DEBUG grabflow.pricing.SurgeCalculator -- Demand recorded for zone 103582791429521408
19:41:47.214 [] DEBUG grabflow.pricing.SurgeCalculator -- Demand recorded for zone 103582791429521408
19:41:47.214 [] DEBUG grabflow.pricing.SurgeCalculator -- Demand recorded for zone 103582791429521408
19:41:47.214 [] DEBUG grabflow.pricing.SurgeCalculator -- Demand recorded for zone 103582791429521408
19:41:47.214 [] DEBUG grabflow.pricing.SurgeCalculator -- Demand recorded for zone 103582791429521408
19:41:47.214 [] DEBUG grabflow.pricing.SurgeCalculator -- Demand recorded for zone 103582791429521408
19:41:47.214 [] DEBUG grabflow.pricing.SurgeCalculator -- Demand recorded for zone 103582791429521408
19:41:47.214 [] DEBUG grabflow.pricing.SurgeCalculator -- Demand recorded for zone 103582791429521408
19:41:47.214 [] DEBUG grabflow.pricing.SurgeCalculator -- Demand recorded for zone 103582791429521408
19:41:47.214 [] DEBUG grabflow.pricing.SurgeCalculator -- Demand recorded for zone 103582791429521408
19:41:47.214 [] DEBUG grabflow.pricing.SurgeCalculator -- Demand recorded for zone 103582791429521408
19:41:47.214 [] DEBUG grabflow.pricing.SurgeCalculator -- Demand recorded for zone 103582791429521408
19:41:47.214 [] DEBUG grabflow.pricing.SurgeCalculator -- Demand recorded for zone 103582791429521408
19:41:47.214 [] DEBUG grabflow.pricing.SurgeCalculator -- Demand recorded for zone 103582791429521408
19:41:47.214 [] DEBUG grabflow.pricing.SurgeCalculator -- Demand recorded for zone 103582791429521408
19:41:47.214 [] DEBUG grabflow.pricing.SurgeCalculator -- Demand recorded for zone 103582791429521408
19:41:47.214 [] DEBUG grabflow.pricing.SurgeCalculator -- Demand recorded for zone 103582791429521408
19:41:47.214 [] DEBUG grabflow.pricing.SurgeCalculator -- Demand recorded for zone 103582791429521408
19:41:47.214 [] DEBUG grabflow.pricing.SurgeCalculator -- Demand recorded for zone 103582791429521408
19:41:47.214 [] DEBUG grabflow.pricing.SurgeCalculator -- Demand recorded for zone 103582791429521408
19:41:47.214 [] DEBUG grabflow.pricing.SurgeCalculator -- Demand recorded for zone 103582791429521408
19:41:47.214 [] DEBUG grabflow.pricing.SurgeCalculator -- Demand recorded for zone 103582791429521408
19:41:47.214 [] DEBUG grabflow.pricing.SurgeCalculator -- Demand recorded for zone 103582791429521408
19:41:47.214 [] DEBUG grabflow.pricing.SurgeCalculator -- Demand recorded for zone 103582791429521408
19:41:47.214 [] DEBUG grabflow.pricing.SurgeCalculator -- Demand recorded for zone 103582791429521408
19:41:47.214 [] DEBUG grabflow.pricing.SurgeCalculator -- Demand recorded for zone 103582791429521408
19:41:47.214 [] DEBUG grabflow.pricing.SurgeCalculator -- Demand recorded for zone 103582791429521408
19:41:47.214 [] DEBUG grabflow.pricing.SurgeCalculator -- Demand recorded for zone 103582791429521408
19:41:47.214 [] DEBUG grabflow.pricing.SurgeCalculator -- Demand recorded for zone 103582791429521408
19:41:47.214 [] DEBUG grabflow.pricing.SurgeCalculator -- Demand recorded for zone 103582791429521408
19:41:47.214 [] DEBUG grabflow.pricing.SurgeCalculator -- Demand recorded for zone 103582791429521408
19:41:47.214 [] DEBUG grabflow.pricing.SurgeCalculator -- Demand recorded for zone 103582791429521408
19:41:47.214 [] DEBUG grabflow.pricing.SurgeCalculator -- Demand recorded for zone 103582791429521408
19:41:47.214 [] DEBUG grabflow.pricing.SurgeCalculator -- Demand recorded for zone 103582791429521408
19:41:47.214 [] DEBUG grabflow.pricing.SurgeCalculator -- Demand recorded for zone 103582791429521408
19:41:47.215 [Test worker] DEBUG grabflow.pricing.SurgeCalculator -- Supply updated for zone 103582791429521408: 2 drivers
19:41:47.215 [Test worker] DEBUG grabflow.pricing.SurgeCalculator -- Demand recorded for zone 103582791429521408
19:41:47.215 [Test worker] DEBUG grabflow.pricing.SurgeCalculator -- Demand recorded for zone 103582791429521408
19:41:47.215 [Test worker] DEBUG grabflow.pricing.SurgeCalculator -- Demand recorded for zone 103582791429521408
19:41:47.215 [Test worker] DEBUG grabflow.pricing.SurgeCalculator -- Zone 103582791429521408 surge: demand=3, supply=2, ratio=1.5, multiplier=1.25
19:41:47.215 [Test worker] DEBUG grabflow.pricing.SurgeCalculator -- Supply updated for zone 103582791429521408: 5 drivers
19:41:47.216 [Test worker] DEBUG grabflow.pricing.SurgeCalculator -- Supply updated for zone 103582791429521408: 1 drivers
19:41:47.216 [Test worker] DEBUG grabflow.pricing.SurgeCalculator -- Demand recorded for zone 103582791429521408
19:41:47.216 [Test worker] DEBUG grabflow.pricing.SurgeCalculator -- Demand recorded for zone 103582791429521408
19:41:47.216 [Test worker] DEBUG grabflow.pricing.SurgeCalculator -- Zone 103582791429521408 surge: demand=2, supply=1, ratio=2.0, multiplier=1.5
19:41:47.217 [Test worker] DEBUG grabflow.pricing.SurgeCalculator -- Supply updated for zone 103582791429521408: 1 drivers
19:41:47.217 [Test worker] DEBUG grabflow.pricing.SurgeCalculator -- Demand recorded for zone 103582791429521408
19:41:47.217 [Test worker] DEBUG grabflow.pricing.SurgeCalculator -- Demand recorded for zone 103582791429521408
19:41:47.217 [Test worker] DEBUG grabflow.pricing.SurgeCalculator -- Demand recorded for zone 103582791429521408
19:41:47.217 [Test worker] DEBUG grabflow.pricing.SurgeCalculator -- Demand recorded for zone 103582791429521408
19:41:47.217 [Test worker] DEBUG grabflow.pricing.SurgeCalculator -- Demand recorded for zone 103582791429521408
19:41:47.217 [Test worker] DEBUG grabflow.pricing.SurgeCalculator -- Demand recorded for zone 103582791429521408
19:41:47.217 [Test worker] DEBUG grabflow.pricing.SurgeCalculator -- Demand recorded for zone 103582791429521408
19:41:47.217 [Test worker] DEBUG grabflow.pricing.SurgeCalculator -- Demand recorded for zone 103582791429521408
19:41:47.217 [Test worker] DEBUG grabflow.pricing.SurgeCalculator -- Demand recorded for zone 103582791429521408
19:41:47.217 [Test worker] DEBUG grabflow.pricing.SurgeCalculator -- Demand recorded for zone 103582791429521408
19:41:47.217 [Test worker] DEBUG grabflow.pricing.SurgeCalculator -- Demand recorded for zone 103582791429521408
19:41:47.217 [Test worker] DEBUG grabflow.pricing.SurgeCalculator -- Demand recorded for zone 103582791429521408
19:41:47.217 [Test worker] DEBUG grabflow.pricing.SurgeCalculator -- Demand recorded for zone 103582791429521408
19:41:47.217 [Test worker] DEBUG grabflow.pricing.SurgeCalculator -- Demand recorded for zone 103582791429521408
19:41:47.217 [Test worker] DEBUG grabflow.pricing.SurgeCalculator -- Demand recorded for zone 103582791429521408
19:41:47.217 [Test worker] DEBUG grabflow.pricing.SurgeCalculator -- Demand recorded for zone 103582791429521408
19:41:47.217 [Test worker] DEBUG grabflow.pricing.SurgeCalculator -- Demand recorded for zone 103582791429521408
19:41:47.217 [Test worker] DEBUG grabflow.pricing.SurgeCalculator -- Demand recorded for zone 103582791429521408
19:41:47.217 [Test worker] DEBUG grabflow.pricing.SurgeCalculator -- Demand recorded for zone 103582791429521408
19:41:47.217 [Test worker] DEBUG grabflow.pricing.SurgeCalculator -- Demand recorded for zone 103582791429521408
19:41:47.217 [Test worker] DEBUG grabflow.pricing.SurgeCalculator -- Demand recorded for zone 103582791429521408
19:41:47.217 [Test worker] DEBUG grabflow.pricing.SurgeCalculator -- Demand recorded for zone 103582791429521408
19:41:47.217 [Test worker] DEBUG grabflow.pricing.SurgeCalculator -- Demand recorded for zone 103582791429521408
19:41:47.217 [Test worker] DEBUG grabflow.pricing.SurgeCalculator -- Demand recorded for zone 103582791429521408
19:41:47.217 [Test worker] DEBUG grabflow.pricing.SurgeCalculator -- Demand recorded for zone 103582791429521408
19:41:47.217 [Test worker] DEBUG grabflow.pricing.SurgeCalculator -- Demand recorded for zone 103582791429521408
19:41:47.217 [Test worker] DEBUG grabflow.pricing.SurgeCalculator -- Demand recorded for zone 103582791429521408
19:41:47.217 [Test worker] DEBUG grabflow.pricing.SurgeCalculator -- Demand recorded for zone 103582791429521408
19:41:47.217 [Test worker] DEBUG grabflow.pricing.SurgeCalculator -- Demand recorded for zone 103582791429521408
19:41:47.217 [Test worker] DEBUG grabflow.pricing.SurgeCalculator -- Demand recorded for zone 103582791429521408
19:41:47.217 [Test worker] DEBUG grabflow.pricing.SurgeCalculator -- Demand recorded for zone 103582791429521408
19:41:47.217 [Test worker] DEBUG grabflow.pricing.SurgeCalculator -- Demand recorded for zone 103582791429521408
19:41:47.217 [Test worker] DEBUG grabflow.pricing.SurgeCalculator -- Demand recorded for zone 103582791429521408
19:41:47.217 [Test worker] DEBUG grabflow.pricing.SurgeCalculator -- Demand recorded for zone 103582791429521408
19:41:47.217 [Test worker] DEBUG grabflow.pricing.SurgeCalculator -- Demand recorded for zone 103582791429521408
19:41:47.217 [Test worker] DEBUG grabflow.pricing.SurgeCalculator -- Demand recorded for zone 103582791429521408
19:41:47.217 [Test worker] DEBUG grabflow.pricing.SurgeCalculator -- Demand recorded for zone 103582791429521408
19:41:47.217 [Test worker] DEBUG grabflow.pricing.SurgeCalculator -- Demand recorded for zone 103582791429521408
19:41:47.217 [Test worker] DEBUG grabflow.pricing.SurgeCalculator -- Demand recorded for zone 103582791429521408
19:41:47.217 [Test worker] DEBUG grabflow.pricing.SurgeCalculator -- Demand recorded for zone 103582791429521408
19:41:47.217 [Test worker] DEBUG grabflow.pricing.SurgeCalculator -- Demand recorded for zone 103582791429521408
19:41:47.217 [Test worker] DEBUG grabflow.pricing.SurgeCalculator -- Demand recorded for zone 103582791429521408
19:41:47.217 [Test worker] DEBUG grabflow.pricing.SurgeCalculator -- Demand recorded for zone 103582791429521408
19:41:47.217 [Test worker] DEBUG grabflow.pricing.SurgeCalculator -- Demand recorded for zone 103582791429521408
19:41:47.217 [Test worker] DEBUG grabflow.pricing.SurgeCalculator -- Demand recorded for zone 103582791429521408
19:41:47.217 [Test worker] DEBUG grabflow.pricing.SurgeCalculator -- Demand recorded for zone 103582791429521408
19:41:47.217 [Test worker] DEBUG grabflow.pricing.SurgeCalculator -- Demand recorded for zone 103582791429521408
19:41:47.217 [Test worker] DEBUG grabflow.pricing.SurgeCalculator -- Demand recorded for zone 103582791429521408
19:41:47.217 [Test worker] DEBUG grabflow.pricing.SurgeCalculator -- Demand recorded for zone 103582791429521408
19:41:47.217 [Test worker] DEBUG grabflow.pricing.SurgeCalculator -- Demand recorded for zone 103582791429521408
19:41:47.217 [Test worker] DEBUG grabflow.pricing.SurgeCalculator -- Demand recorded for zone 103582791429521408
19:41:47.217 [Test worker] DEBUG grabflow.pricing.SurgeCalculator -- Demand recorded for zone 103582791429521408
19:41:47.217 [Test worker] DEBUG grabflow.pricing.SurgeCalculator -- Demand recorded for zone 103582791429521408
19:41:47.217 [Test worker] DEBUG grabflow.pricing.SurgeCalculator -- Demand recorded for zone 103582791429521408
19:41:47.217 [Test worker] DEBUG grabflow.pricing.SurgeCalculator -- Demand recorded for zone 103582791429521408
19:41:47.217 [Test worker] DEBUG grabflow.pricing.SurgeCalculator -- Demand recorded for zone 103582791429521408
19:41:47.217 [Test worker] DEBUG grabflow.pricing.SurgeCalculator -- Demand recorded for zone 103582791429521408
19:41:47.217 [Test worker] DEBUG grabflow.pricing.SurgeCalculator -- Demand recorded for zone 103582791429521408
19:41:47.217 [Test worker] DEBUG grabflow.pricing.SurgeCalculator -- Demand recorded for zone 103582791429521408
19:41:47.217 [Test worker] DEBUG grabflow.pricing.SurgeCalculator -- Demand recorded for zone 103582791429521408
19:41:47.217 [Test worker] DEBUG grabflow.pricing.SurgeCalculator -- Demand recorded for zone 103582791429521408
19:41:47.217 [Test worker] DEBUG grabflow.pricing.SurgeCalculator -- Demand recorded for zone 103582791429521408
19:41:47.217 [Test worker] DEBUG grabflow.pricing.SurgeCalculator -- Demand recorded for zone 103582791429521408
19:41:47.217 [Test worker] DEBUG grabflow.pricing.SurgeCalculator -- Demand recorded for zone 103582791429521408
19:41:47.217 [Test worker] DEBUG grabflow.pricing.SurgeCalculator -- Demand recorded for zone 103582791429521408
19:41:47.217 [Test worker] DEBUG grabflow.pricing.SurgeCalculator -- Demand recorded for zone 103582791429521408
19:41:47.217 [Test worker] DEBUG grabflow.pricing.SurgeCalculator -- Demand recorded for zone 103582791429521408
19:41:47.217 [Test worker] DEBUG grabflow.pricing.SurgeCalculator -- Demand recorded for zone 103582791429521408
19:41:47.217 [Test worker] DEBUG grabflow.pricing.SurgeCalculator -- Demand recorded for zone 103582791429521408
19:41:47.217 [Test worker] DEBUG grabflow.pricing.SurgeCalculator -- Demand recorded for zone 103582791429521408
19:41:47.217 [Test worker] DEBUG grabflow.pricing.SurgeCalculator -- Demand recorded for zone 103582791429521408
19:41:47.217 [Test worker] DEBUG grabflow.pricing.SurgeCalculator -- Demand recorded for zone 103582791429521408
19:41:47.217 [Test worker] DEBUG grabflow.pricing.SurgeCalculator -- Demand recorded for zone 103582791429521408
19:41:47.217 [Test worker] DEBUG grabflow.pricing.SurgeCalculator -- Demand recorded for zone 103582791429521408
19:41:47.217 [Test worker] DEBUG grabflow.pricing.SurgeCalculator -- Demand recorded for zone 103582791429521408
19:41:47.217 [Test worker] DEBUG grabflow.pricing.SurgeCalculator -- Demand recorded for zone 103582791429521408
19:41:47.217 [Test worker] DEBUG grabflow.pricing.SurgeCalculator -- Demand recorded for zone 103582791429521408
19:41:47.217 [Test worker] DEBUG grabflow.pricing.SurgeCalculator -- Demand recorded for zone 103582791429521408
19:41:47.217 [Test worker] DEBUG grabflow.pricing.SurgeCalculator -- Demand recorded for zone 103582791429521408
19:41:47.217 [Test worker] DEBUG grabflow.pricing.SurgeCalculator -- Demand recorded for zone 103582791429521408
19:41:47.217 [Test worker] DEBUG grabflow.pricing.SurgeCalculator -- Demand recorded for zone 103582791429521408
19:41:47.217 [Test worker] DEBUG grabflow.pricing.SurgeCalculator -- Demand recorded for zone 103582791429521408
19:41:47.217 [Test worker] DEBUG grabflow.pricing.SurgeCalculator -- Demand recorded for zone 103582791429521408
19:41:47.217 [Test worker] DEBUG grabflow.pricing.SurgeCalculator -- Demand recorded for zone 103582791429521408
19:41:47.217 [Test worker] DEBUG grabflow.pricing.SurgeCalculator -- Demand recorded for zone 103582791429521408
19:41:47.217 [Test worker] DEBUG grabflow.pricing.SurgeCalculator -- Demand recorded for zone 103582791429521408
19:41:47.217 [Test worker] DEBUG grabflow.pricing.SurgeCalculator -- Demand recorded for zone 103582791429521408
19:41:47.217 [Test worker] DEBUG grabflow.pricing.SurgeCalculator -- Demand recorded for zone 103582791429521408
19:41:47.217 [Test worker] DEBUG grabflow.pricing.SurgeCalculator -- Demand recorded for zone 103582791429521408
19:41:47.217 [Test worker] DEBUG grabflow.pricing.SurgeCalculator -- Demand recorded for zone 103582791429521408
19:41:47.217 [Test worker] DEBUG grabflow.pricing.SurgeCalculator -- Demand recorded for zone 103582791429521408
19:41:47.217 [Test worker] DEBUG grabflow.pricing.SurgeCalculator -- Demand recorded for zone 103582791429521408
19:41:47.217 [Test worker] DEBUG grabflow.pricing.SurgeCalculator -- Demand recorded for zone 103582791429521408
19:41:47.217 [Test worker] DEBUG grabflow.pricing.SurgeCalculator -- Demand recorded for zone 103582791429521408
19:41:47.217 [Test worker] DEBUG grabflow.pricing.SurgeCalculator -- Demand recorded for zone 103582791429521408
19:41:47.217 [Test worker] DEBUG grabflow.pricing.SurgeCalculator -- Demand recorded for zone 103582791429521408
19:41:47.217 [Test worker] DEBUG grabflow.pricing.SurgeCalculator -- Demand recorded for zone 103582791429521408
19:41:47.217 [Test worker] DEBUG grabflow.pricing.SurgeCalculator -- Demand recorded for zone 103582791429521408
19:41:47.217 [Test worker] DEBUG grabflow.pricing.SurgeCalculator -- Demand recorded for zone 103582791429521408
19:41:47.217 [Test worker] DEBUG grabflow.pricing.SurgeCalculator -- Demand recorded for zone 103582791429521408
19:41:47.217 [Test worker] DEBUG grabflow.pricing.SurgeCalculator -- Zone 103582791429521408 surge: demand=100, supply=1, ratio=100.0, multiplier=3.0
19:41:47.217 [Test worker] DEBUG grabflow.pricing.SurgeCalculator -- Supply updated for zone 103582791429521408: 1 drivers
19:41:47.217 [Test worker] DEBUG grabflow.pricing.SurgeCalculator -- Demand recorded for zone 103582791429521408
19:41:47.217 [Test worker] DEBUG grabflow.pricing.SurgeCalculator -- Demand recorded for zone 103582791429521408
19:41:47.217 [Test worker] DEBUG grabflow.pricing.SurgeCalculator -- Supply updated for zone 103582791429521409: 5 drivers
19:41:47.217 [Test worker] DEBUG grabflow.pricing.SurgeCalculator -- Demand recorded for zone 103582791429521409
19:41:47.217 [Test worker] DEBUG grabflow.pricing.SurgeCalculator -- Zone 103582791429521408 surge: demand=2, supply=1, ratio=2.0, multiplier=1.5
19:41:47.218 [Test worker] DEBUG grabflow.pricing.SurgeCalculator -- Zone 103582791429521409 surge: demand=1, supply=5, ratio=0.2, multiplier=1.0
19:41:47.220 [Test worker] DEBUG grabflow.pricing.SurgeCalculator -- Demand recorded for zone 103582791429521408
19:41:47.220 [Test worker] DEBUG grabflow.pricing.SurgeCalculator -- Demand recorded for zone 103582791429521408
19:41:47.220 [Test worker] DEBUG grabflow.pricing.SurgeCalculator -- Demand recorded for zone 103582791429521408
19:41:47.220 [Test worker] DEBUG grabflow.pricing.SurgeCalculator -- Demand recorded for zone 103582791429521408
19:41:47.220 [Test worker] DEBUG grabflow.pricing.SurgeCalculator -- Demand recorded for zone 103582791429521408
19:41:47.220 [Test worker] INFO grabflow.pricing.SurgeCalculator -- SurgeCalculator reset: all zone metrics cleared
19:41:47.220 [Test worker] DEBUG grabflow.pricing.SurgeCalculator -- Supply updated for zone 103582791429521408: 2 drivers
19:41:47.220 [Test worker] DEBUG grabflow.pricing.SurgeCalculator -- Demand recorded for zone 103582791429521408
19:41:47.220 [Test worker] DEBUG grabflow.pricing.SurgeCalculator -- Zone 103582791429521408 surge: demand=1, supply=2, ratio=0.5, multiplier=1.0
19:41:47.221 [Test worker] DEBUG grabflow.pricing.SurgeCalculator -- Supply updated for zone 103582791429521408: 2 drivers
19:41:47.221 [Test worker] DEBUG grabflow.pricing.SurgeCalculator -- Demand recorded for zone 103582791429521408
19:41:47.221 [Test worker] DEBUG grabflow.pricing.SurgeCalculator -- Demand recorded for zone 103582791429521408
19:41:47.221 [Test worker] DEBUG grabflow.pricing.SurgeCalculator -- Demand recorded for zone 103582791429521408
19:41:47.221 [Test worker] DEBUG grabflow.pricing.SurgeCalculator -- Demand recorded for zone 103582791429521408
19:41:47.221 [Test worker] DEBUG grabflow.pricing.SurgeCalculator -- Demand recorded for zone 103582791429521408
19:41:47.221 [Test worker] DEBUG grabflow.pricing.SurgeCalculator -- Demand recorded for zone 103582791429521408
19:41:47.221 [Test worker] DEBUG grabflow.pricing.SurgeCalculator -- Zone 103582791429521408 surge: demand=6, supply=2, ratio=3.0, multiplier=1.75
]]></system-out>
  <system-err><![CDATA[]]></system-err>
</testsuite>
