<?xml version="1.0" encoding="UTF-8"?>
<testsuite name="grabflow.pricing.FareEstimatorTest" tests="15" skipped="0" failures="0" errors="0" timestamp="2026-03-31T12:41:47" hostname="MacBook-Pro-cua-Khanh.local" time="0.067">
  <properties/>
  <testcase name="defaultsReturnSensibleValues()" classname="grabflow.pricing.FareEstimatorTest" time="0.05"/>
  <testcase name="surgeMultiplierDoublesFare()" classname="grabflow.pricing.FareEstimatorTest" time="0.004"/>
  <testcase name="rawFareEqualsComponentSum()" classname="grabflow.pricing.FareEstimatorTest" time="0.001"/>
  <testcase name="customConfigApplied()" classname="grabflow.pricing.FareEstimatorTest" time="0.001"/>
  <testcase name="minimumFareEnforcedForVeryShortTrip()" classname="grabflow.pricing.FareEstimatorTest" time="0.001"/>
  <testcase name="surgeBelowOneThrows()" classname="grabflow.pricing.FareEstimatorTest" time="0.001"/>
  <testcase name="surgeIsAppliedBeforeMinimumFareCheck()" classname="grabflow.pricing.FareEstimatorTest" time="0.0"/>
  <testcase name="baseFareOnlyForZeroDistanceAndTime()" classname="grabflow.pricing.FareEstimatorTest" time="0.001"/>
  <testcase name="nullConfigThrows()" classname="grabflow.pricing.FareEstimatorTest" time="0.001"/>
  <testcase name="negativeDistanceThrows()" classname="grabflow.pricing.FareEstimatorTest" time="0.0"/>
  <testcase name="minimumFareNotAppliedWhenRawExceedsIt()" classname="grabflow.pricing.FareEstimatorTest" time="0.0"/>
  <testcase name="fareCalculationWithDistanceAndTime()" classname="grabflow.pricing.FareEstimatorTest" time="0.001"/>
  <testcase name="negativeDurationThrows()" classname="grabflow.pricing.FareEstimatorTest" time="0.0"/>
  <testcase name="invalidPricingConfigThrows()" classname="grabflow.pricing.FareEstimatorTest" time="0.001"/>
  <testcase name="surgeMultiplierStoredInBreakdown()" classname="grabflow.pricing.FareEstimatorTest" time="0.001"/>
  <system-out><![CDATA[19:41:47.136 [Test worker] DEBUG grabflow.pricing.FareEstimator -- Fare estimated: dist=5.0 km, time=10.0 min, surge=1.0 -> total=3.8
19:41:47.138 [Test worker] DEBUG grabflow.pricing.FareEstimator -- Fare estimated: dist=5.0 km, time=10.0 min, surge=2.0 -> total=7.6
19:41:47.140 [Test worker] DEBUG grabflow.pricing.FareEstimator -- Fare estimated: dist=3.0 km, time=6.0 min, surge=1.8 -> total=4.824000000000001
19:41:47.140 [Test worker] DEBUG grabflow.pricing.FareEstimator -- Fare estimated: dist=2.0 km, time=8.0 min, surge=1.0 -> total=1.3
19:41:47.141 [Test worker] DEBUG grabflow.pricing.FareEstimator -- Fare estimated: dist=0.1 km, time=1.0 min, surge=1.0 -> total=2.0
19:41:47.144 [Test worker] DEBUG grabflow.pricing.FareEstimator -- Fare estimated: dist=0.0 km, time=0.0 min, surge=3.0 -> total=3.0
19:41:47.145 [Test worker] DEBUG grabflow.pricing.FareEstimator -- Fare estimated: dist=0.0 km, time=0.0 min, surge=1.0 -> total=2.0
19:41:47.147 [Test worker] DEBUG grabflow.pricing.FareEstimator -- Fare estimated: dist=10.0 km, time=20.0 min, surge=1.0 -> total=6.6
19:41:47.148 [Test worker] DEBUG grabflow.pricing.FareEstimator -- Fare estimated: dist=5.0 km, time=10.0 min, surge=1.0 -> total=3.8
19:41:47.150 [Test worker] DEBUG grabflow.pricing.FareEstimator -- Fare estimated: dist=2.0 km, time=5.0 min, surge=1.5 -> total=3.3000000000000003
]]></system-out>
  <system-err><![CDATA[]]></system-err>
</testsuite>
