<?xml version="1.0" encoding="UTF-8"?>
<testsuite name="grabflow.gateway.net.ProtocolDetectorTest" tests="17" skipped="0" failures="0" errors="0" timestamp="2026-03-31T12:41:36" hostname="MacBook-Pro-cua-Khanh.local" time="0.005">
  <properties/>
  <testcase name="worksWithBufferOffset()" classname="grabflow.gateway.net.ProtocolDetectorTest" time="0.0"/>
  <testcase name="detectsTls13Handshake()" classname="grabflow.gateway.net.ProtocolDetectorTest" time="0.0"/>
  <testcase name="detectsTls12Handshake()" classname="grabflow.gateway.net.ProtocolDetectorTest" time="0.0"/>
  <testcase name="detectsPutRequest()" classname="grabflow.gateway.net.ProtocolDetectorTest" time="0.0"/>
  <testcase name="detectsHeadRequest()" classname="grabflow.gateway.net.ProtocolDetectorTest" time="0.0"/>
  <testcase name="detectsGetRequest()" classname="grabflow.gateway.net.ProtocolDetectorTest" time="0.0"/>
  <testcase name="detectsPostRequest()" classname="grabflow.gateway.net.ProtocolDetectorTest" time="0.0"/>
  <testcase name="doesNotConsumeBufferPosition()" classname="grabflow.gateway.net.ProtocolDetectorTest" time="0.0"/>
  <testcase name="detectsHttp2PriorKnowledge()" classname="grabflow.gateway.net.ProtocolDetectorTest" time="0.0"/>
  <testcase name="returnsUnknownForTooFewBytes()" classname="grabflow.gateway.net.ProtocolDetectorTest" time="0.0"/>
  <testcase name="returnsUnknownForRandomBytes()" classname="grabflow.gateway.net.ProtocolDetectorTest" time="0.0"/>
  <testcase name="detectsConnectRequest()" classname="grabflow.gateway.net.ProtocolDetectorTest" time="0.0"/>
  <testcase name="detectsTlsHandshake()" classname="grabflow.gateway.net.ProtocolDetectorTest" time="0.0"/>
  <testcase name="detectsDeleteRequest()" classname="grabflow.gateway.net.ProtocolDetectorTest" time="0.0"/>
  <testcase name="detectsOptionsRequest()" classname="grabflow.gateway.net.ProtocolDetectorTest" time="0.001"/>
  <testcase name="returnsUnknownForEmptyBuffer()" classname="grabflow.gateway.net.ProtocolDetectorTest" time="0.0"/>
  <testcase name="detectsPatchRequest()" classname="grabflow.gateway.net.ProtocolDetectorTest" time="0.0"/>
  <system-out><![CDATA[]]></system-out>
  <system-err><![CDATA[]]></system-err>
</testsuite>
