<?xml version="1.0" encoding="UTF-8"?>
<testsuite name="grabflow.gateway.dns.DnsCacheTest" tests="10" skipped="0" failures="0" errors="0" timestamp="2026-03-31T12:41:36" hostname="MacBook-Pro-cua-Khanh.local" time="0.034">
  <properties/>
  <testcase name="getMissingDomainReturnsEmpty()" classname="grabflow.gateway.dns.DnsCacheTest" time="0.001"/>
  <testcase name="threadSafeConcurrentAccess()" classname="grabflow.gateway.dns.DnsCacheTest" time="0.023"/>
  <testcase name="liveRecordsAreReturnedEvenIfSomeExpired()" classname="grabflow.gateway.dns.DnsCacheTest" time="0.004"/>
  <testcase name="putAndGetIsCaseInsensitive()" classname="grabflow.gateway.dns.DnsCacheTest" time="0.0"/>
  <testcase name="expiredRecordsAreEvicted()" classname="grabflow.gateway.dns.DnsCacheTest" time="0.0"/>
  <testcase name="putAndGetRecords()" classname="grabflow.gateway.dns.DnsCacheTest" time="0.001"/>
  <testcase name="evictExpiredOnEmptyCacheIsNoop()" classname="grabflow.gateway.dns.DnsCacheTest" time="0.0"/>
  <testcase name="maxSizeEvictsOldest()" classname="grabflow.gateway.dns.DnsCacheTest" time="0.002"/>
  <testcase name="evictExpiredRemovesStaleEntries()" classname="grabflow.gateway.dns.DnsCacheTest" time="0.001"/>
  <testcase name="clearRemovesAllEntries()" classname="grabflow.gateway.dns.DnsCacheTest" time="0.0"/>
  <system-out><![CDATA[19:41:36.671 [Test worker] DEBUG grabflow.gateway.dns.DnsCache -- DNS cache miss: nonexistent.example.com
19:41:36.675 [pool-1-thread-7] DEBUG grabflow.gateway.dns.DnsCache -- DNS cache put: domain1.example.com (1 record(s))
19:41:36.675 [pool-1-thread-8] DEBUG grabflow.gateway.dns.DnsCache -- DNS cache put: domain2.example.com (1 record(s))
19:41:36.675 [pool-1-thread-20] DEBUG grabflow.gateway.dns.DnsCache -- DNS cache put: domain4.example.com (1 record(s))
19:41:36.675 [pool-1-thread-13] DEBUG grabflow.gateway.dns.DnsCache -- DNS cache put: domain2.example.com (1 record(s))
19:41:36.675 [pool-1-thread-9] DEBUG grabflow.gateway.dns.DnsCache -- DNS cache put: domain3.example.com (1 record(s))
19:41:36.676 [pool-1-thread-8] DEBUG grabflow.gateway.dns.DnsCache -- DNS cache hit: domain2.example.com (1 live record(s))
19:41:36.676 [pool-1-thread-9] DEBUG grabflow.gateway.dns.DnsCache -- DNS cache hit: domain3.example.com (1 live record(s))
19:41:36.675 [pool-1-thread-10] DEBUG grabflow.gateway.dns.DnsCache -- DNS cache put: domain4.example.com (1 record(s))
19:41:36.676 [pool-1-thread-10] DEBUG grabflow.gateway.dns.DnsCache -- DNS cache hit: domain4.example.com (1 live record(s))
19:41:36.676 [pool-1-thread-8] DEBUG grabflow.gateway.dns.DnsCache -- DNS cache put: domain2.example.com (1 record(s))
19:41:36.676 [pool-1-thread-10] DEBUG grabflow.gateway.dns.DnsCache -- DNS cache put: domain4.example.com (1 record(s))
19:41:36.675 [pool-1-thread-12] DEBUG grabflow.gateway.dns.DnsCache -- DNS cache put: domain1.example.com (1 record(s))
19:41:36.675 [pool-1-thread-11] DEBUG grabflow.gateway.dns.DnsCache -- DNS cache put: domain0.example.com (1 record(s))
19:41:36.675 [pool-1-thread-6] DEBUG grabflow.gateway.dns.DnsCache -- DNS cache put: domain0.example.com (1 record(s))
19:41:36.675 [pool-1-thread-1] DEBUG grabflow.gateway.dns.DnsCache -- DNS cache put: domain0.example.com (1 record(s))
19:41:36.675 [pool-1-thread-14] DEBUG grabflow.gateway.dns.DnsCache -- DNS cache put: domain3.example.com (1 record(s))
19:41:36.675 [pool-1-thread-2] DEBUG grabflow.gateway.dns.DnsCache -- DNS cache put: domain1.example.com (1 record(s))
19:41:36.675 [pool-1-thread-19] DEBUG grabflow.gateway.dns.DnsCache -- DNS cache put: domain3.example.com (1 record(s))
19:41:36.675 [pool-1-thread-15] DEBUG grabflow.gateway.dns.DnsCache -- DNS cache put: domain4.example.com (1 record(s))
19:41:36.676 [pool-1-thread-15] DEBUG grabflow.gateway.dns.DnsCache -- DNS cache hit: domain4.example.com (1 live record(s))
19:41:36.675 [pool-1-thread-17] DEBUG grabflow.gateway.dns.DnsCache -- DNS cache put: domain1.example.com (1 record(s))
19:41:36.675 [pool-1-thread-3] DEBUG grabflow.gateway.dns.DnsCache -- DNS cache put: domain2.example.com (1 record(s))
19:41:36.675 [pool-1-thread-16] DEBUG grabflow.gateway.dns.DnsCache -- DNS cache put: domain0.example.com (1 record(s))
19:41:36.677 [pool-1-thread-3] DEBUG grabflow.gateway.dns.DnsCache -- DNS cache hit: domain2.example.com (1 live record(s))
19:41:36.677 [pool-1-thread-16] DEBUG grabflow.gateway.dns.DnsCache -- DNS cache hit: domain0.example.com (1 live record(s))
19:41:36.675 [pool-1-thread-4] DEBUG grabflow.gateway.dns.DnsCache -- DNS cache put: domain3.example.com (1 record(s))
19:41:36.675 [pool-1-thread-18] DEBUG grabflow.gateway.dns.DnsCache -- DNS cache put: domain2.example.com (1 record(s))
19:41:36.675 [pool-1-thread-5] DEBUG grabflow.gateway.dns.DnsCache -- DNS cache put: domain4.example.com (1 record(s))
19:41:36.677 [pool-1-thread-5] DEBUG grabflow.gateway.dns.DnsCache -- DNS cache hit: domain4.example.com (1 live record(s))
19:41:36.677 [pool-1-thread-5] DEBUG grabflow.gateway.dns.DnsCache -- DNS cache put: domain4.example.com (1 record(s))
19:41:36.676 [pool-1-thread-20] DEBUG grabflow.gateway.dns.DnsCache -- DNS cache hit: domain4.example.com (1 live record(s))
19:41:36.676 [pool-1-thread-7] DEBUG grabflow.gateway.dns.DnsCache -- DNS cache hit: domain1.example.com (1 live record(s))
19:41:36.677 [pool-1-thread-20] DEBUG grabflow.gateway.dns.DnsCache -- DNS cache put: domain4.example.com (1 record(s))
19:41:36.676 [pool-1-thread-13] DEBUG grabflow.gateway.dns.DnsCache -- DNS cache hit: domain2.example.com (1 live record(s))
19:41:36.676 [pool-1-thread-9] DEBUG grabflow.gateway.dns.DnsCache -- DNS cache put: domain3.example.com (1 record(s))
19:41:36.677 [pool-1-thread-13] DEBUG grabflow.gateway.dns.DnsCache -- DNS cache put: domain2.example.com (1 record(s))
19:41:36.676 [pool-1-thread-8] DEBUG grabflow.gateway.dns.DnsCache -- DNS cache hit: domain2.example.com (1 live record(s))
19:41:36.677 [pool-1-thread-13] DEBUG grabflow.gateway.dns.DnsCache -- DNS cache hit: domain2.example.com (1 live record(s))
19:41:36.677 [pool-1-thread-13] DEBUG grabflow.gateway.dns.DnsCache -- DNS cache put: domain2.example.com (1 record(s))
19:41:36.676 [pool-1-thread-10] DEBUG grabflow.gateway.dns.DnsCache -- DNS cache hit: domain4.example.com (1 live record(s))
19:41:36.676 [pool-1-thread-12] DEBUG grabflow.gateway.dns.DnsCache -- DNS cache hit: domain1.example.com (1 live record(s))
19:41:36.677 [pool-1-thread-10] DEBUG grabflow.gateway.dns.DnsCache -- DNS cache put: domain4.example.com (1 record(s))
19:41:36.676 [pool-1-thread-11] DEBUG grabflow.gateway.dns.DnsCache -- DNS cache hit: domain0.example.com (1 live record(s))
19:41:36.677 [pool-1-thread-12] DEBUG grabflow.gateway.dns.DnsCache -- DNS cache put: domain1.example.com (1 record(s))
19:41:36.676 [pool-1-thread-6] DEBUG grabflow.gateway.dns.DnsCache -- DNS cache hit: domain0.example.com (1 live record(s))
19:41:36.676 [pool-1-thread-1] DEBUG grabflow.gateway.dns.DnsCache -- DNS cache hit: domain0.example.com (1 live record(s))
19:41:36.677 [pool-1-thread-6] DEBUG grabflow.gateway.dns.DnsCache -- DNS cache put: domain0.example.com (1 record(s))
19:41:36.676 [pool-1-thread-14] DEBUG grabflow.gateway.dns.DnsCache -- DNS cache hit: domain3.example.com (1 live record(s))
19:41:36.676 [pool-1-thread-2] DEBUG grabflow.gateway.dns.DnsCache -- DNS cache hit: domain1.example.com (1 live record(s))
19:41:36.677 [pool-1-thread-14] DEBUG grabflow.gateway.dns.DnsCache -- DNS cache put: domain3.example.com (1 record(s))
19:41:36.676 [pool-1-thread-19] DEBUG grabflow.gateway.dns.DnsCache -- DNS cache hit: domain3.example.com (1 live record(s))
19:41:36.678 [pool-1-thread-2] DEBUG grabflow.gateway.dns.DnsCache -- DNS cache put: domain1.example.com (1 record(s))
19:41:36.676 [pool-1-thread-15] DEBUG grabflow.gateway.dns.DnsCache -- DNS cache put: domain4.example.com (1 record(s))
19:41:36.678 [pool-1-thread-15] DEBUG grabflow.gateway.dns.DnsCache -- DNS cache hit: domain4.example.com (1 live record(s))
19:41:36.676 [pool-1-thread-17] DEBUG grabflow.gateway.dns.DnsCache -- DNS cache hit: domain1.example.com (1 live record(s))
19:41:36.677 [pool-1-thread-3] DEBUG grabflow.gateway.dns.DnsCache -- DNS cache put: domain2.example.com (1 record(s))
19:41:36.677 [pool-1-thread-16] DEBUG grabflow.gateway.dns.DnsCache -- DNS cache put: domain0.example.com (1 record(s))
19:41:36.677 [pool-1-thread-4] DEBUG grabflow.gateway.dns.DnsCache -- DNS cache hit: domain3.example.com (1 live record(s))
19:41:36.678 [pool-1-thread-16] DEBUG grabflow.gateway.dns.DnsCache -- DNS cache hit: domain0.example.com (1 live record(s))
19:41:36.677 [pool-1-thread-18] DEBUG grabflow.gateway.dns.DnsCache -- DNS cache hit: domain2.example.com (1 live record(s))
19:41:36.677 [pool-1-thread-5] DEBUG grabflow.gateway.dns.DnsCache -- DNS cache hit: domain4.example.com (1 live record(s))
19:41:36.678 [pool-1-thread-18] DEBUG grabflow.gateway.dns.DnsCache -- DNS cache put: domain2.example.com (1 record(s))
19:41:36.678 [pool-1-thread-18] DEBUG grabflow.gateway.dns.DnsCache -- DNS cache hit: domain2.example.com (1 live record(s))
19:41:36.677 [pool-1-thread-7] DEBUG grabflow.gateway.dns.DnsCache -- DNS cache put: domain1.example.com (1 record(s))
19:41:36.677 [pool-1-thread-20] DEBUG grabflow.gateway.dns.DnsCache -- DNS cache hit: domain4.example.com (1 live record(s))
19:41:36.677 [pool-1-thread-9] DEBUG grabflow.gateway.dns.DnsCache -- DNS cache hit: domain3.example.com (1 live record(s))
19:41:36.678 [pool-1-thread-20] DEBUG grabflow.gateway.dns.DnsCache -- DNS cache put: domain4.example.com (1 record(s))
19:41:36.677 [pool-1-thread-8] DEBUG grabflow.gateway.dns.DnsCache -- DNS cache put: domain2.example.com (1 record(s))
19:41:36.678 [pool-1-thread-20] DEBUG grabflow.gateway.dns.DnsCache -- DNS cache hit: domain4.example.com (1 live record(s))
19:41:36.678 [pool-1-thread-8] DEBUG grabflow.gateway.dns.DnsCache -- DNS cache hit: domain2.example.com (1 live record(s))
19:41:36.678 [pool-1-thread-20] DEBUG grabflow.gateway.dns.DnsCache -- DNS cache put: domain4.example.com (1 record(s))
19:41:36.677 [pool-1-thread-13] DEBUG grabflow.gateway.dns.DnsCache -- DNS cache hit: domain2.example.com (1 live record(s))
19:41:36.678 [pool-1-thread-20] DEBUG grabflow.gateway.dns.DnsCache -- DNS cache hit: domain4.example.com (1 live record(s))
19:41:36.677 [pool-1-thread-10] DEBUG grabflow.gateway.dns.DnsCache -- DNS cache hit: domain4.example.com (1 live record(s))
19:41:36.677 [pool-1-thread-11] DEBUG grabflow.gateway.dns.DnsCache -- DNS cache put: domain0.example.com (1 record(s))
19:41:36.678 [pool-1-thread-10] DEBUG grabflow.gateway.dns.DnsCache -- DNS cache put: domain4.example.com (1 record(s))
19:41:36.678 [pool-1-thread-11] DEBUG grabflow.gateway.dns.DnsCache -- DNS cache hit: domain0.example.com (1 live record(s))
19:41:36.677 [pool-1-thread-12] DEBUG grabflow.gateway.dns.DnsCache -- DNS cache hit: domain1.example.com (1 live record(s))
19:41:36.678 [pool-1-thread-11] DEBUG grabflow.gateway.dns.DnsCache -- DNS cache put: domain0.example.com (1 record(s))
19:41:36.678 [pool-1-thread-12] DEBUG grabflow.gateway.dns.DnsCache -- DNS cache put: domain1.example.com (1 record(s))
19:41:36.678 [pool-1-thread-11] DEBUG grabflow.gateway.dns.DnsCache -- DNS cache hit: domain0.example.com (1 live record(s))
19:41:36.677 [pool-1-thread-6] DEBUG grabflow.gateway.dns.DnsCache -- DNS cache hit: domain0.example.com (1 live record(s))
19:41:36.677 [pool-1-thread-1] DEBUG grabflow.gateway.dns.DnsCache -- DNS cache put: domain0.example.com (1 record(s))
19:41:36.678 [pool-1-thread-6] DEBUG grabflow.gateway.dns.DnsCache -- DNS cache put: domain0.example.com (1 record(s))
19:41:36.678 [pool-1-thread-14] DEBUG grabflow.gateway.dns.DnsCache -- DNS cache hit: domain3.example.com (1 live record(s))
19:41:36.679 [pool-1-thread-6] DEBUG grabflow.gateway.dns.DnsCache -- DNS cache hit: domain0.example.com (1 live record(s))
19:41:36.679 [pool-1-thread-14] DEBUG grabflow.gateway.dns.DnsCache -- DNS cache put: domain3.example.com (1 record(s))
19:41:36.678 [pool-1-thread-19] DEBUG grabflow.gateway.dns.DnsCache -- DNS cache put: domain3.example.com (1 record(s))
19:41:36.678 [pool-1-thread-2] DEBUG grabflow.gateway.dns.DnsCache -- DNS cache hit: domain1.example.com (1 live record(s))
19:41:36.679 [pool-1-thread-19] DEBUG grabflow.gateway.dns.DnsCache -- DNS cache hit: domain3.example.com (1 live record(s))
19:41:36.679 [pool-1-thread-2] DEBUG grabflow.gateway.dns.DnsCache -- DNS cache put: domain1.example.com (1 record(s))
19:41:36.679 [pool-1-thread-19] DEBUG grabflow.gateway.dns.DnsCache -- DNS cache put: domain3.example.com (1 record(s))
19:41:36.679 [pool-1-thread-2] DEBUG grabflow.gateway.dns.DnsCache -- DNS cache hit: domain1.example.com (1 live record(s))
19:41:36.678 [pool-1-thread-15] DEBUG grabflow.gateway.dns.DnsCache -- DNS cache put: domain4.example.com (1 record(s))
19:41:36.679 [pool-1-thread-2] DEBUG grabflow.gateway.dns.DnsCache -- DNS cache put: domain1.example.com (1 record(s))
19:41:36.678 [pool-1-thread-17] DEBUG grabflow.gateway.dns.DnsCache -- DNS cache put: domain1.example.com (1 record(s))
19:41:36.678 [pool-1-thread-3] DEBUG grabflow.gateway.dns.DnsCache -- DNS cache hit: domain2.example.com (1 live record(s))
19:41:36.678 [pool-1-thread-4] DEBUG grabflow.gateway.dns.DnsCache -- DNS cache put: domain3.example.com (1 record(s))
19:41:36.679 [pool-1-thread-3] DEBUG grabflow.gateway.dns.DnsCache -- DNS cache put: domain2.example.com (1 record(s))
19:41:36.678 [pool-1-thread-16] DEBUG grabflow.gateway.dns.DnsCache -- DNS cache put: domain0.example.com (1 record(s))
19:41:36.678 [pool-1-thread-5] DEBUG grabflow.gateway.dns.DnsCache -- DNS cache put: domain4.example.com (1 record(s))
19:41:36.678 [pool-1-thread-18] DEBUG grabflow.gateway.dns.DnsCache -- DNS cache put: domain2.example.com (1 record(s))
19:41:36.678 [pool-1-thread-7] DEBUG grabflow.gateway.dns.DnsCache -- DNS cache hit: domain1.example.com (1 live record(s))
19:41:36.678 [pool-1-thread-9] DEBUG grabflow.gateway.dns.DnsCache -- DNS cache put: domain3.example.com (1 record(s))
19:41:36.679 [pool-1-thread-7] DEBUG grabflow.gateway.dns.DnsCache -- DNS cache put: domain1.example.com (1 record(s))
19:41:36.678 [pool-1-thread-8] DEBUG grabflow.gateway.dns.DnsCache -- DNS cache put: domain2.example.com (1 record(s))
19:41:36.678 [pool-1-thread-13] DEBUG grabflow.gateway.dns.DnsCache -- DNS cache put: domain2.example.com (1 record(s))
19:41:36.678 [pool-1-thread-20] DEBUG grabflow.gateway.dns.DnsCache -- DNS cache put: domain4.example.com (1 record(s))
19:41:36.678 [pool-1-thread-10] DEBUG grabflow.gateway.dns.DnsCache -- DNS cache hit: domain4.example.com (1 live record(s))
19:41:36.678 [pool-1-thread-12] DEBUG grabflow.gateway.dns.DnsCache -- DNS cache hit: domain1.example.com (1 live record(s))
19:41:36.679 [pool-1-thread-12] DEBUG grabflow.gateway.dns.DnsCache -- DNS cache put: domain1.example.com (1 record(s))
19:41:36.678 [pool-1-thread-11] DEBUG grabflow.gateway.dns.DnsCache -- DNS cache put: domain0.example.com (1 record(s))
19:41:36.678 [pool-1-thread-1] DEBUG grabflow.gateway.dns.DnsCache -- DNS cache hit: domain0.example.com (1 live record(s))
19:41:36.679 [pool-1-thread-1] DEBUG grabflow.gateway.dns.DnsCache -- DNS cache put: domain0.example.com (1 record(s))
19:41:36.679 [pool-1-thread-6] DEBUG grabflow.gateway.dns.DnsCache -- DNS cache put: domain0.example.com (1 record(s))
19:41:36.679 [pool-1-thread-6] DEBUG grabflow.gateway.dns.DnsCache -- DNS cache hit: domain0.example.com (1 live record(s))
19:41:36.679 [pool-1-thread-14] DEBUG grabflow.gateway.dns.DnsCache -- DNS cache hit: domain3.example.com (1 live record(s))
19:41:36.680 [pool-1-thread-6] DEBUG grabflow.gateway.dns.DnsCache -- DNS cache put: domain0.example.com (1 record(s))
19:41:36.680 [pool-1-thread-14] DEBUG grabflow.gateway.dns.DnsCache -- DNS cache put: domain3.example.com (1 record(s))
19:41:36.679 [pool-1-thread-19] DEBUG grabflow.gateway.dns.DnsCache -- DNS cache hit: domain3.example.com (1 live record(s))
19:41:36.679 [pool-1-thread-15] DEBUG grabflow.gateway.dns.DnsCache -- DNS cache hit: domain4.example.com (1 live record(s))
19:41:36.679 [pool-1-thread-2] DEBUG grabflow.gateway.dns.DnsCache -- DNS cache hit: domain1.example.com (1 live record(s))
19:41:36.680 [pool-1-thread-2] DEBUG grabflow.gateway.dns.DnsCache -- DNS cache put: domain1.example.com (1 record(s))
19:41:36.679 [pool-1-thread-17] DEBUG grabflow.gateway.dns.DnsCache -- DNS cache hit: domain1.example.com (1 live record(s))
19:41:36.680 [pool-1-thread-17] DEBUG grabflow.gateway.dns.DnsCache -- DNS cache put: domain1.example.com (1 record(s))
19:41:36.680 [pool-1-thread-17] DEBUG grabflow.gateway.dns.DnsCache -- DNS cache hit: domain1.example.com (1 live record(s))
19:41:36.679 [pool-1-thread-4] DEBUG grabflow.gateway.dns.DnsCache -- DNS cache hit: domain3.example.com (1 live record(s))
19:41:36.680 [pool-1-thread-17] DEBUG grabflow.gateway.dns.DnsCache -- DNS cache put: domain1.example.com (1 record(s))
19:41:36.680 [pool-1-thread-17] DEBUG grabflow.gateway.dns.DnsCache -- DNS cache hit: domain1.example.com (1 live record(s))
19:41:36.680 [pool-1-thread-4] DEBUG grabflow.gateway.dns.DnsCache -- DNS cache put: domain3.example.com (1 record(s))
19:41:36.680 [pool-1-thread-17] DEBUG grabflow.gateway.dns.DnsCache -- DNS cache put: domain1.example.com (1 record(s))
19:41:36.680 [pool-1-thread-4] DEBUG grabflow.gateway.dns.DnsCache -- DNS cache hit: domain3.example.com (1 live record(s))
19:41:36.679 [pool-1-thread-3] DEBUG grabflow.gateway.dns.DnsCache -- DNS cache hit: domain2.example.com (1 live record(s))
19:41:36.679 [pool-1-thread-16] DEBUG grabflow.gateway.dns.DnsCache -- DNS cache hit: domain0.example.com (1 live record(s))
19:41:36.680 [pool-1-thread-3] DEBUG grabflow.gateway.dns.DnsCache -- DNS cache put: domain2.example.com (1 record(s))
19:41:36.680 [pool-1-thread-16] DEBUG grabflow.gateway.dns.DnsCache -- DNS cache put: domain0.example.com (1 record(s))
19:41:36.680 [pool-1-thread-3] DEBUG grabflow.gateway.dns.DnsCache -- DNS cache hit: domain2.example.com (1 live record(s))
19:41:36.680 [pool-1-thread-16] DEBUG grabflow.gateway.dns.DnsCache -- DNS cache hit: domain0.example.com (1 live record(s))
19:41:36.680 [pool-1-thread-3] DEBUG grabflow.gateway.dns.DnsCache -- DNS cache put: domain2.example.com (1 record(s))
19:41:36.680 [pool-1-thread-16] DEBUG grabflow.gateway.dns.DnsCache -- DNS cache put: domain0.example.com (1 record(s))
19:41:36.680 [pool-1-thread-3] DEBUG grabflow.gateway.dns.DnsCache -- DNS cache hit: domain2.example.com (1 live record(s))
19:41:36.680 [pool-1-thread-16] DEBUG grabflow.gateway.dns.DnsCache -- DNS cache hit: domain0.example.com (1 live record(s))
19:41:36.680 [pool-1-thread-3] DEBUG grabflow.gateway.dns.DnsCache -- DNS cache put: domain2.example.com (1 record(s))
19:41:36.680 [pool-1-thread-16] DEBUG grabflow.gateway.dns.DnsCache -- DNS cache put: domain0.example.com (1 record(s))
19:41:36.679 [pool-1-thread-5] DEBUG grabflow.gateway.dns.DnsCache -- DNS cache hit: domain4.example.com (1 live record(s))
19:41:36.679 [pool-1-thread-18] DEBUG grabflow.gateway.dns.DnsCache -- DNS cache hit: domain2.example.com (1 live record(s))
19:41:36.680 [pool-1-thread-5] DEBUG grabflow.gateway.dns.DnsCache -- DNS cache put: domain4.example.com (1 record(s))
19:41:36.680 [pool-1-thread-18] DEBUG grabflow.gateway.dns.DnsCache -- DNS cache put: domain2.example.com (1 record(s))
19:41:36.680 [pool-1-thread-5] DEBUG grabflow.gateway.dns.DnsCache -- DNS cache hit: domain4.example.com (1 live record(s))
19:41:36.679 [pool-1-thread-9] DEBUG grabflow.gateway.dns.DnsCache -- DNS cache hit: domain3.example.com (1 live record(s))
19:41:36.679 [pool-1-thread-7] DEBUG grabflow.gateway.dns.DnsCache -- DNS cache hit: domain1.example.com (1 live record(s))
19:41:36.679 [pool-1-thread-8] DEBUG grabflow.gateway.dns.DnsCache -- DNS cache hit: domain2.example.com (1 live record(s))
19:41:36.680 [pool-1-thread-7] DEBUG grabflow.gateway.dns.DnsCache -- DNS cache put: domain1.example.com (1 record(s))
19:41:36.680 [pool-1-thread-8] DEBUG grabflow.gateway.dns.DnsCache -- DNS cache put: domain2.example.com (1 record(s))
19:41:36.680 [pool-1-thread-8] DEBUG grabflow.gateway.dns.DnsCache -- DNS cache hit: domain2.example.com (1 live record(s))
19:41:36.680 [pool-1-thread-8] DEBUG grabflow.gateway.dns.DnsCache -- DNS cache put: domain2.example.com (1 record(s))
19:41:36.680 [pool-1-thread-8] DEBUG grabflow.gateway.dns.DnsCache -- DNS cache hit: domain2.example.com (1 live record(s))
19:41:36.679 [pool-1-thread-13] DEBUG grabflow.gateway.dns.DnsCache -- DNS cache hit: domain2.example.com (1 live record(s))
19:41:36.681 [pool-1-thread-8] DEBUG grabflow.gateway.dns.DnsCache -- DNS cache put: domain2.example.com (1 record(s))
19:41:36.679 [pool-1-thread-20] DEBUG grabflow.gateway.dns.DnsCache -- DNS cache hit: domain4.example.com (1 live record(s))
19:41:36.681 [pool-1-thread-8] DEBUG grabflow.gateway.dns.DnsCache -- DNS cache hit: domain2.example.com (1 live record(s))
19:41:36.681 [pool-1-thread-20] DEBUG grabflow.gateway.dns.DnsCache -- DNS cache put: domain4.example.com (1 record(s))
19:41:36.679 [pool-1-thread-10] DEBUG grabflow.gateway.dns.DnsCache -- DNS cache put: domain4.example.com (1 record(s))
19:41:36.679 [pool-1-thread-12] DEBUG grabflow.gateway.dns.DnsCache -- DNS cache hit: domain1.example.com (1 live record(s))
19:41:36.679 [pool-1-thread-11] DEBUG grabflow.gateway.dns.DnsCache -- DNS cache hit: domain0.example.com (1 live record(s))
19:41:36.681 [pool-1-thread-12] DEBUG grabflow.gateway.dns.DnsCache -- DNS cache put: domain1.example.com (1 record(s))
19:41:36.679 [pool-1-thread-1] DEBUG grabflow.gateway.dns.DnsCache -- DNS cache hit: domain0.example.com (1 live record(s))
19:41:36.680 [pool-1-thread-6] DEBUG grabflow.gateway.dns.DnsCache -- DNS cache hit: domain0.example.com (1 live record(s))
19:41:36.681 [pool-1-thread-1] DEBUG grabflow.gateway.dns.DnsCache -- DNS cache put: domain0.example.com (1 record(s))
19:41:36.680 [pool-1-thread-14] DEBUG grabflow.gateway.dns.DnsCache -- DNS cache hit: domain3.example.com (1 live record(s))
19:41:36.681 [pool-1-thread-6] DEBUG grabflow.gateway.dns.DnsCache -- DNS cache put: domain0.example.com (1 record(s))
19:41:36.680 [pool-1-thread-19] DEBUG grabflow.gateway.dns.DnsCache -- DNS cache put: domain3.example.com (1 record(s))
19:41:36.681 [pool-1-thread-6] DEBUG grabflow.gateway.dns.DnsCache -- DNS cache hit: domain0.example.com (1 live record(s))
19:41:36.681 [pool-1-thread-14] DEBUG grabflow.gateway.dns.DnsCache -- DNS cache put: domain3.example.com (1 record(s))
19:41:36.681 [pool-1-thread-6] DEBUG grabflow.gateway.dns.DnsCache -- DNS cache put: domain0.example.com (1 record(s))
19:41:36.681 [pool-1-thread-6] DEBUG grabflow.gateway.dns.DnsCache -- DNS cache hit: domain0.example.com (1 live record(s))
19:41:36.680 [pool-1-thread-15] DEBUG grabflow.gateway.dns.DnsCache -- DNS cache put: domain4.example.com (1 record(s))
19:41:36.681 [pool-1-thread-6] DEBUG grabflow.gateway.dns.DnsCache -- DNS cache put: domain0.example.com (1 record(s))
19:41:36.681 [pool-1-thread-15] DEBUG grabflow.gateway.dns.DnsCache -- DNS cache hit: domain4.example.com (1 live record(s))
19:41:36.680 [pool-1-thread-2] DEBUG grabflow.gateway.dns.DnsCache -- DNS cache hit: domain1.example.com (1 live record(s))
19:41:36.680 [pool-1-thread-17] DEBUG grabflow.gateway.dns.DnsCache -- DNS cache hit: domain1.example.com (1 live record(s))
19:41:36.681 [pool-1-thread-2] DEBUG grabflow.gateway.dns.DnsCache -- DNS cache put: domain1.example.com (1 record(s))
19:41:36.680 [pool-1-thread-4] DEBUG grabflow.gateway.dns.DnsCache -- DNS cache put: domain3.example.com (1 record(s))
19:41:36.680 [pool-1-thread-3] DEBUG grabflow.gateway.dns.DnsCache -- DNS cache hit: domain2.example.com (1 live record(s))
19:41:36.680 [pool-1-thread-16] DEBUG grabflow.gateway.dns.DnsCache -- DNS cache hit: domain0.example.com (1 live record(s))
19:41:36.680 [pool-1-thread-18] DEBUG grabflow.gateway.dns.DnsCache -- DNS cache hit: domain2.example.com (1 live record(s))
19:41:36.681 [pool-1-thread-16] DEBUG grabflow.gateway.dns.DnsCache -- DNS cache put: domain0.example.com (1 record(s))
19:41:36.681 [pool-1-thread-18] DEBUG grabflow.gateway.dns.DnsCache -- DNS cache put: domain2.example.com (1 record(s))
19:41:36.680 [pool-1-thread-5] DEBUG grabflow.gateway.dns.DnsCache -- DNS cache put: domain4.example.com (1 record(s))
19:41:36.680 [pool-1-thread-9] DEBUG grabflow.gateway.dns.DnsCache -- DNS cache put: domain3.example.com (1 record(s))
19:41:36.681 [pool-1-thread-9] DEBUG grabflow.gateway.dns.DnsCache -- DNS cache hit: domain3.example.com (1 live record(s))
19:41:36.680 [pool-1-thread-7] DEBUG grabflow.gateway.dns.DnsCache -- DNS cache hit: domain1.example.com (1 live record(s))
19:41:36.681 [pool-1-thread-13] DEBUG grabflow.gateway.dns.DnsCache -- DNS cache put: domain2.example.com (1 record(s))
19:41:36.681 [pool-1-thread-7] DEBUG grabflow.gateway.dns.DnsCache -- DNS cache put: domain1.example.com (1 record(s))
19:41:36.681 [pool-1-thread-13] DEBUG grabflow.gateway.dns.DnsCache -- DNS cache hit: domain2.example.com (1 live record(s))
19:41:36.681 [pool-1-thread-8] DEBUG grabflow.gateway.dns.DnsCache -- DNS cache put: domain2.example.com (1 record(s))
19:41:36.681 [pool-1-thread-13] DEBUG grabflow.gateway.dns.DnsCache -- DNS cache put: domain2.example.com (1 record(s))
19:41:36.682 [pool-1-thread-8] DEBUG grabflow.gateway.dns.DnsCache -- DNS cache hit: domain2.example.com (1 live record(s))
19:41:36.681 [pool-1-thread-20] DEBUG grabflow.gateway.dns.DnsCache -- DNS cache hit: domain4.example.com (1 live record(s))
19:41:36.682 [pool-1-thread-8] DEBUG grabflow.gateway.dns.DnsCache -- DNS cache put: domain2.example.com (1 record(s))
19:41:36.682 [pool-1-thread-20] DEBUG grabflow.gateway.dns.DnsCache -- DNS cache put: domain4.example.com (1 record(s))
19:41:36.681 [pool-1-thread-10] DEBUG grabflow.gateway.dns.DnsCache -- DNS cache hit: domain4.example.com (1 live record(s))
19:41:36.681 [pool-1-thread-11] DEBUG grabflow.gateway.dns.DnsCache -- DNS cache put: domain0.example.com (1 record(s))
19:41:36.682 [pool-1-thread-11] DEBUG grabflow.gateway.dns.DnsCache -- DNS cache hit: domain0.example.com (1 live record(s))
19:41:36.681 [pool-1-thread-12] DEBUG grabflow.gateway.dns.DnsCache -- DNS cache hit: domain1.example.com (1 live record(s))
19:41:36.682 [pool-1-thread-11] DEBUG grabflow.gateway.dns.DnsCache -- DNS cache put: domain0.example.com (1 record(s))
19:41:36.682 [pool-1-thread-11] DEBUG grabflow.gateway.dns.DnsCache -- DNS cache hit: domain0.example.com (1 live record(s))
19:41:36.681 [pool-1-thread-1] DEBUG grabflow.gateway.dns.DnsCache -- DNS cache hit: domain0.example.com (1 live record(s))
19:41:36.681 [pool-1-thread-19] DEBUG grabflow.gateway.dns.DnsCache -- DNS cache hit: domain3.example.com (1 live record(s))
19:41:36.681 [pool-1-thread-14] DEBUG grabflow.gateway.dns.DnsCache -- DNS cache hit: domain3.example.com (1 live record(s))
19:41:36.682 [pool-1-thread-19] DEBUG grabflow.gateway.dns.DnsCache -- DNS cache put: domain3.example.com (1 record(s))
19:41:36.682 [pool-1-thread-14] DEBUG grabflow.gateway.dns.DnsCache -- DNS cache put: domain3.example.com (1 record(s))
19:41:36.681 [pool-1-thread-6] DEBUG grabflow.gateway.dns.DnsCache -- DNS cache hit: domain0.example.com (1 live record(s))
19:41:36.681 [pool-1-thread-15] DEBUG grabflow.gateway.dns.DnsCache -- DNS cache put: domain4.example.com (1 record(s))
19:41:36.681 [pool-1-thread-17] DEBUG grabflow.gateway.dns.DnsCache -- DNS cache put: domain1.example.com (1 record(s))
19:41:36.682 [pool-1-thread-15] DEBUG grabflow.gateway.dns.DnsCache -- DNS cache hit: domain4.example.com (1 live record(s))
19:41:36.682 [pool-1-thread-17] DEBUG grabflow.gateway.dns.DnsCache -- DNS cache hit: domain1.example.com (1 live record(s))
19:41:36.681 [pool-1-thread-2] DEBUG grabflow.gateway.dns.DnsCache -- DNS cache hit: domain1.example.com (1 live record(s))
19:41:36.682 [pool-1-thread-15] DEBUG grabflow.gateway.dns.DnsCache -- DNS cache put: domain4.example.com (1 record(s))
19:41:36.682 [pool-1-thread-17] DEBUG grabflow.gateway.dns.DnsCache -- DNS cache put: domain1.example.com (1 record(s))
19:41:36.681 [pool-1-thread-4] DEBUG grabflow.gateway.dns.DnsCache -- DNS cache hit: domain3.example.com (1 live record(s))
19:41:36.682 [pool-1-thread-4] DEBUG grabflow.gateway.dns.DnsCache -- DNS cache put: domain3.example.com (1 record(s))
19:41:36.681 [pool-1-thread-3] DEBUG grabflow.gateway.dns.DnsCache -- DNS cache put: domain2.example.com (1 record(s))
19:41:36.681 [pool-1-thread-16] DEBUG grabflow.gateway.dns.DnsCache -- DNS cache hit: domain0.example.com (1 live record(s))
19:41:36.682 [pool-1-thread-3] DEBUG grabflow.gateway.dns.DnsCache -- DNS cache hit: domain2.example.com (1 live record(s))
19:41:36.682 [pool-1-thread-16] DEBUG grabflow.gateway.dns.DnsCache -- DNS cache put: domain0.example.com (1 record(s))
19:41:36.681 [pool-1-thread-18] DEBUG grabflow.gateway.dns.DnsCache -- DNS cache hit: domain2.example.com (1 live record(s))
19:41:36.681 [pool-1-thread-5] DEBUG grabflow.gateway.dns.DnsCache -- DNS cache hit: domain4.example.com (1 live record(s))
19:41:36.682 [pool-1-thread-18] DEBUG grabflow.gateway.dns.DnsCache -- DNS cache put: domain2.example.com (1 record(s))
19:41:36.682 [pool-1-thread-18] DEBUG grabflow.gateway.dns.DnsCache -- DNS cache hit: domain2.example.com (1 live record(s))
19:41:36.681 [pool-1-thread-9] DEBUG grabflow.gateway.dns.DnsCache -- DNS cache put: domain3.example.com (1 record(s))
19:41:36.681 [pool-1-thread-7] DEBUG grabflow.gateway.dns.DnsCache -- DNS cache hit: domain1.example.com (1 live record(s))
19:41:36.683 [pool-1-thread-9] DEBUG grabflow.gateway.dns.DnsCache -- DNS cache hit: domain3.example.com (1 live record(s))
19:41:36.683 [pool-1-thread-7] DEBUG grabflow.gateway.dns.DnsCache -- DNS cache put: domain1.example.com (1 record(s))
19:41:36.683 [pool-1-thread-9] DEBUG grabflow.gateway.dns.DnsCache -- DNS cache put: domain3.example.com (1 record(s))
19:41:36.682 [pool-1-thread-13] DEBUG grabflow.gateway.dns.DnsCache -- DNS cache hit: domain2.example.com (1 live record(s))
19:41:36.683 [pool-1-thread-9] DEBUG grabflow.gateway.dns.DnsCache -- DNS cache hit: domain3.example.com (1 live record(s))
19:41:36.682 [pool-1-thread-8] DEBUG grabflow.gateway.dns.DnsCache -- DNS cache hit: domain2.example.com (1 live record(s))
19:41:36.682 [pool-1-thread-20] DEBUG grabflow.gateway.dns.DnsCache -- DNS cache hit: domain4.example.com (1 live record(s))
19:41:36.683 [pool-1-thread-8] DEBUG grabflow.gateway.dns.DnsCache -- DNS cache put: domain2.example.com (1 record(s))
19:41:36.682 [pool-1-thread-10] DEBUG grabflow.gateway.dns.DnsCache -- DNS cache put: domain4.example.com (1 record(s))
19:41:36.682 [pool-1-thread-12] DEBUG grabflow.gateway.dns.DnsCache -- DNS cache put: domain1.example.com (1 record(s))
19:41:36.683 [pool-1-thread-10] DEBUG grabflow.gateway.dns.DnsCache -- DNS cache hit: domain4.example.com (1 live record(s))
19:41:36.683 [pool-1-thread-12] DEBUG grabflow.gateway.dns.DnsCache -- DNS cache hit: domain1.example.com (1 live record(s))
19:41:36.682 [pool-1-thread-11] DEBUG grabflow.gateway.dns.DnsCache -- DNS cache put: domain0.example.com (1 record(s))
19:41:36.683 [pool-1-thread-12] DEBUG grabflow.gateway.dns.DnsCache -- DNS cache put: domain1.example.com (1 record(s))
19:41:36.683 [pool-1-thread-11] DEBUG grabflow.gateway.dns.DnsCache -- DNS cache hit: domain0.example.com (1 live record(s))
19:41:36.682 [pool-1-thread-1] DEBUG grabflow.gateway.dns.DnsCache -- DNS cache put: domain0.example.com (1 record(s))
19:41:36.682 [pool-1-thread-19] DEBUG grabflow.gateway.dns.DnsCache -- DNS cache hit: domain3.example.com (1 live record(s))
19:41:36.682 [pool-1-thread-14] DEBUG grabflow.gateway.dns.DnsCache -- DNS cache hit: domain3.example.com (1 live record(s))
19:41:36.683 [pool-1-thread-14] DEBUG grabflow.gateway.dns.DnsCache -- DNS cache put: domain3.example.com (1 record(s))
19:41:36.682 [pool-1-thread-6] DEBUG grabflow.gateway.dns.DnsCache -- DNS cache put: domain0.example.com (1 record(s))
19:41:36.683 [pool-1-thread-6] DEBUG grabflow.gateway.dns.DnsCache -- DNS cache hit: domain0.example.com (1 live record(s))
19:41:36.682 [pool-1-thread-15] DEBUG grabflow.gateway.dns.DnsCache -- DNS cache hit: domain4.example.com (1 live record(s))
19:41:36.682 [pool-1-thread-2] DEBUG grabflow.gateway.dns.DnsCache -- DNS cache put: domain1.example.com (1 record(s))
19:41:36.683 [pool-1-thread-15] DEBUG grabflow.gateway.dns.DnsCache -- DNS cache put: domain4.example.com (1 record(s))
19:41:36.683 [pool-1-thread-2] DEBUG grabflow.gateway.dns.DnsCache -- DNS cache hit: domain1.example.com (1 live record(s))
19:41:36.683 [pool-1-thread-15] DEBUG grabflow.gateway.dns.DnsCache -- DNS cache hit: domain4.example.com (1 live record(s))
19:41:36.682 [pool-1-thread-17] DEBUG grabflow.gateway.dns.DnsCache -- DNS cache hit: domain1.example.com (1 live record(s))
19:41:36.683 [pool-1-thread-15] DEBUG grabflow.gateway.dns.DnsCache -- DNS cache put: domain4.example.com (1 record(s))
19:41:36.683 [pool-1-thread-17] DEBUG grabflow.gateway.dns.DnsCache -- DNS cache put: domain1.example.com (1 record(s))
19:41:36.682 [pool-1-thread-4] DEBUG grabflow.gateway.dns.DnsCache -- DNS cache hit: domain3.example.com (1 live record(s))
19:41:36.682 [pool-1-thread-3] DEBUG grabflow.gateway.dns.DnsCache -- DNS cache put: domain2.example.com (1 record(s))
19:41:36.683 [pool-1-thread-4] DEBUG grabflow.gateway.dns.DnsCache -- DNS cache put: domain3.example.com (1 record(s))
19:41:36.683 [pool-1-thread-3] DEBUG grabflow.gateway.dns.DnsCache -- DNS cache hit: domain2.example.com (1 live record(s))
19:41:36.682 [pool-1-thread-16] DEBUG grabflow.gateway.dns.DnsCache -- DNS cache hit: domain0.example.com (1 live record(s))
19:41:36.682 [pool-1-thread-5] DEBUG grabflow.gateway.dns.DnsCache -- DNS cache put: domain4.example.com (1 record(s))
19:41:36.683 [pool-1-thread-18] DEBUG grabflow.gateway.dns.DnsCache -- DNS cache put: domain2.example.com (1 record(s))
19:41:36.683 [pool-1-thread-5] DEBUG grabflow.gateway.dns.DnsCache -- DNS cache hit: domain4.example.com (1 live record(s))
19:41:36.683 [pool-1-thread-7] DEBUG grabflow.gateway.dns.DnsCache -- DNS cache hit: domain1.example.com (1 live record(s))
19:41:36.683 [pool-1-thread-5] DEBUG grabflow.gateway.dns.DnsCache -- DNS cache put: domain4.example.com (1 record(s))
19:41:36.683 [pool-1-thread-9] DEBUG grabflow.gateway.dns.DnsCache -- DNS cache put: domain3.example.com (1 record(s))
19:41:36.683 [pool-1-thread-9] DEBUG grabflow.gateway.dns.DnsCache -- DNS cache hit: domain3.example.com (1 live record(s))
19:41:36.683 [pool-1-thread-13] DEBUG grabflow.gateway.dns.DnsCache -- DNS cache put: domain2.example.com (1 record(s))
19:41:36.684 [pool-1-thread-9] DEBUG grabflow.gateway.dns.DnsCache -- DNS cache put: domain3.example.com (1 record(s))
19:41:36.684 [pool-1-thread-13] DEBUG grabflow.gateway.dns.DnsCache -- DNS cache hit: domain2.example.com (1 live record(s))
19:41:36.683 [pool-1-thread-20] DEBUG grabflow.gateway.dns.DnsCache -- DNS cache put: domain4.example.com (1 record(s))
19:41:36.684 [pool-1-thread-13] DEBUG grabflow.gateway.dns.DnsCache -- DNS cache put: domain2.example.com (1 record(s))
19:41:36.683 [pool-1-thread-8] DEBUG grabflow.gateway.dns.DnsCache -- DNS cache hit: domain2.example.com (1 live record(s))
19:41:36.683 [pool-1-thread-10] DEBUG grabflow.gateway.dns.DnsCache -- DNS cache put: domain4.example.com (1 record(s))
19:41:36.683 [pool-1-thread-12] DEBUG grabflow.gateway.dns.DnsCache -- DNS cache hit: domain1.example.com (1 live record(s))
19:41:36.683 [pool-1-thread-11] DEBUG grabflow.gateway.dns.DnsCache -- DNS cache put: domain0.example.com (1 record(s))
19:41:36.683 [pool-1-thread-1] DEBUG grabflow.gateway.dns.DnsCache -- DNS cache hit: domain0.example.com (1 live record(s))
19:41:36.684 [pool-1-thread-11] DEBUG grabflow.gateway.dns.DnsCache -- DNS cache hit: domain0.example.com (1 live record(s))
19:41:36.684 [pool-1-thread-1] DEBUG grabflow.gateway.dns.DnsCache -- DNS cache put: domain0.example.com (1 record(s))
19:41:36.683 [pool-1-thread-19] DEBUG grabflow.gateway.dns.DnsCache -- DNS cache put: domain3.example.com (1 record(s))
19:41:36.684 [pool-1-thread-19] DEBUG grabflow.gateway.dns.DnsCache -- DNS cache hit: domain3.example.com (1 live record(s))
19:41:36.683 [pool-1-thread-14] DEBUG grabflow.gateway.dns.DnsCache -- DNS cache hit: domain3.example.com (1 live record(s))
19:41:36.683 [pool-1-thread-6] DEBUG grabflow.gateway.dns.DnsCache -- DNS cache put: domain0.example.com (1 record(s))
19:41:36.684 [pool-1-thread-14] DEBUG grabflow.gateway.dns.DnsCache -- DNS cache put: domain3.example.com (1 record(s))
19:41:36.684 [pool-1-thread-6] DEBUG grabflow.gateway.dns.DnsCache -- DNS cache hit: domain0.example.com (1 live record(s))
19:41:36.683 [pool-1-thread-2] DEBUG grabflow.gateway.dns.DnsCache -- DNS cache put: domain1.example.com (1 record(s))
19:41:36.684 [pool-1-thread-6] DEBUG grabflow.gateway.dns.DnsCache -- DNS cache put: domain0.example.com (1 record(s))
19:41:36.684 [pool-1-thread-2] DEBUG grabflow.gateway.dns.DnsCache -- DNS cache hit: domain1.example.com (1 live record(s))
19:41:36.683 [pool-1-thread-15] DEBUG grabflow.gateway.dns.DnsCache -- DNS cache hit: domain4.example.com (1 live record(s))
19:41:36.684 [pool-1-thread-2] DEBUG grabflow.gateway.dns.DnsCache -- DNS cache put: domain1.example.com (1 record(s))
19:41:36.683 [pool-1-thread-17] DEBUG grabflow.gateway.dns.DnsCache -- DNS cache hit: domain1.example.com (1 live record(s))
19:41:36.683 [pool-1-thread-4] DEBUG grabflow.gateway.dns.DnsCache -- DNS cache hit: domain3.example.com (1 live record(s))
19:41:36.683 [pool-1-thread-3] DEBUG grabflow.gateway.dns.DnsCache -- DNS cache put: domain2.example.com (1 record(s))
19:41:36.683 [pool-1-thread-16] DEBUG grabflow.gateway.dns.DnsCache -- DNS cache put: domain0.example.com (1 record(s))
19:41:36.683 [pool-1-thread-18] DEBUG grabflow.gateway.dns.DnsCache -- DNS cache hit: domain2.example.com (1 live record(s))
19:41:36.684 [pool-1-thread-3] DEBUG grabflow.gateway.dns.DnsCache -- DNS cache hit: domain2.example.com (1 live record(s))
19:41:36.683 [pool-1-thread-7] DEBUG grabflow.gateway.dns.DnsCache -- DNS cache put: domain1.example.com (1 record(s))
19:41:36.683 [pool-1-thread-5] DEBUG grabflow.gateway.dns.DnsCache -- DNS cache hit: domain4.example.com (1 live record(s))
19:41:36.684 [pool-1-thread-7] DEBUG grabflow.gateway.dns.DnsCache -- DNS cache hit: domain1.example.com (1 live record(s))
19:41:36.684 [pool-1-thread-9] DEBUG grabflow.gateway.dns.DnsCache -- DNS cache hit: domain3.example.com (1 live record(s))
19:41:36.684 [pool-1-thread-7] DEBUG grabflow.gateway.dns.DnsCache -- DNS cache put: domain1.example.com (1 record(s))
19:41:36.684 [pool-1-thread-9] DEBUG grabflow.gateway.dns.DnsCache -- DNS cache put: domain3.example.com (1 record(s))
19:41:36.684 [pool-1-thread-7] DEBUG grabflow.gateway.dns.DnsCache -- DNS cache hit: domain1.example.com (1 live record(s))
19:41:36.684 [pool-1-thread-7] DEBUG grabflow.gateway.dns.DnsCache -- DNS cache put: domain1.example.com (1 record(s))
19:41:36.684 [pool-1-thread-20] DEBUG grabflow.gateway.dns.DnsCache -- DNS cache hit: domain4.example.com (1 live record(s))
19:41:36.684 [pool-1-thread-13] DEBUG grabflow.gateway.dns.DnsCache -- DNS cache hit: domain2.example.com (1 live record(s))
19:41:36.684 [pool-1-thread-8] DEBUG grabflow.gateway.dns.DnsCache -- DNS cache put: domain2.example.com (1 record(s))
19:41:36.684 [pool-1-thread-10] DEBUG grabflow.gateway.dns.DnsCache -- DNS cache hit: domain4.example.com (1 live record(s))
19:41:36.684 [pool-1-thread-12] DEBUG grabflow.gateway.dns.DnsCache -- DNS cache put: domain1.example.com (1 record(s))
19:41:36.684 [pool-1-thread-11] DEBUG grabflow.gateway.dns.DnsCache -- DNS cache put: domain0.example.com (1 record(s))
19:41:36.684 [pool-1-thread-1] DEBUG grabflow.gateway.dns.DnsCache -- DNS cache hit: domain0.example.com (1 live record(s))
19:41:36.685 [pool-1-thread-1] DEBUG grabflow.gateway.dns.DnsCache -- DNS cache put: domain0.example.com (1 record(s))
19:41:36.684 [pool-1-thread-19] DEBUG grabflow.gateway.dns.DnsCache -- DNS cache put: domain3.example.com (1 record(s))
19:41:36.684 [pool-1-thread-14] DEBUG grabflow.gateway.dns.DnsCache -- DNS cache hit: domain3.example.com (1 live record(s))
19:41:36.684 [pool-1-thread-6] DEBUG grabflow.gateway.dns.DnsCache -- DNS cache hit: domain0.example.com (1 live record(s))
19:41:36.684 [pool-1-thread-2] DEBUG grabflow.gateway.dns.DnsCache -- DNS cache hit: domain1.example.com (1 live record(s))
19:41:36.685 [pool-1-thread-2] DEBUG grabflow.gateway.dns.DnsCache -- DNS cache put: domain1.example.com (1 record(s))
19:41:36.685 [pool-1-thread-2] DEBUG grabflow.gateway.dns.DnsCache -- DNS cache hit: domain1.example.com (1 live record(s))
19:41:36.684 [pool-1-thread-15] DEBUG grabflow.gateway.dns.DnsCache -- DNS cache put: domain4.example.com (1 record(s))
19:41:36.684 [pool-1-thread-17] DEBUG grabflow.gateway.dns.DnsCache -- DNS cache put: domain1.example.com (1 record(s))
19:41:36.684 [pool-1-thread-4] DEBUG grabflow.gateway.dns.DnsCache -- DNS cache put: domain3.example.com (1 record(s))
19:41:36.684 [pool-1-thread-16] DEBUG grabflow.gateway.dns.DnsCache -- DNS cache hit: domain0.example.com (1 live record(s))
19:41:36.684 [pool-1-thread-18] DEBUG grabflow.gateway.dns.DnsCache -- DNS cache put: domain2.example.com (1 record(s))
19:41:36.684 [pool-1-thread-3] DEBUG grabflow.gateway.dns.DnsCache -- DNS cache put: domain2.example.com (1 record(s))
19:41:36.684 [pool-1-thread-5] DEBUG grabflow.gateway.dns.DnsCache -- DNS cache put: domain4.example.com (1 record(s))
19:41:36.685 [pool-1-thread-5] DEBUG grabflow.gateway.dns.DnsCache -- DNS cache hit: domain4.example.com (1 live record(s))
19:41:36.684 [pool-1-thread-9] DEBUG grabflow.gateway.dns.DnsCache -- DNS cache hit: domain3.example.com (1 live record(s))
19:41:36.684 [pool-1-thread-7] DEBUG grabflow.gateway.dns.DnsCache -- DNS cache hit: domain1.example.com (1 live record(s))
19:41:36.685 [pool-1-thread-9] DEBUG grabflow.gateway.dns.DnsCache -- DNS cache put: domain3.example.com (1 record(s))
19:41:36.685 [pool-1-thread-7] DEBUG grabflow.gateway.dns.DnsCache -- DNS cache put: domain1.example.com (1 record(s))
19:41:36.684 [pool-1-thread-20] DEBUG grabflow.gateway.dns.DnsCache -- DNS cache put: domain4.example.com (1 record(s))
19:41:36.685 [pool-1-thread-13] DEBUG grabflow.gateway.dns.DnsCache -- DNS cache put: domain2.example.com (1 record(s))
19:41:36.685 [pool-1-thread-20] DEBUG grabflow.gateway.dns.DnsCache -- DNS cache hit: domain4.example.com (1 live record(s))
19:41:36.685 [pool-1-thread-8] DEBUG grabflow.gateway.dns.DnsCache -- DNS cache hit: domain2.example.com (1 live record(s))
19:41:36.685 [pool-1-thread-20] DEBUG grabflow.gateway.dns.DnsCache -- DNS cache put: domain4.example.com (1 record(s))
19:41:36.685 [pool-1-thread-8] DEBUG grabflow.gateway.dns.DnsCache -- DNS cache put: domain2.example.com (1 record(s))
19:41:36.685 [pool-1-thread-8] DEBUG grabflow.gateway.dns.DnsCache -- DNS cache hit: domain2.example.com (1 live record(s))
19:41:36.685 [pool-1-thread-8] DEBUG grabflow.gateway.dns.DnsCache -- DNS cache put: domain2.example.com (1 record(s))
19:41:36.685 [pool-1-thread-10] DEBUG grabflow.gateway.dns.DnsCache -- DNS cache put: domain4.example.com (1 record(s))
19:41:36.685 [pool-1-thread-10] DEBUG grabflow.gateway.dns.DnsCache -- DNS cache hit: domain4.example.com (1 live record(s))
19:41:36.685 [pool-1-thread-12] DEBUG grabflow.gateway.dns.DnsCache -- DNS cache hit: domain1.example.com (1 live record(s))
19:41:36.685 [pool-1-thread-11] DEBUG grabflow.gateway.dns.DnsCache -- DNS cache hit: domain0.example.com (1 live record(s))
19:41:36.685 [pool-1-thread-1] DEBUG grabflow.gateway.dns.DnsCache -- DNS cache hit: domain0.example.com (1 live record(s))
19:41:36.686 [pool-1-thread-11] DEBUG grabflow.gateway.dns.DnsCache -- DNS cache put: domain0.example.com (1 record(s))
19:41:36.686 [pool-1-thread-1] DEBUG grabflow.gateway.dns.DnsCache -- DNS cache put: domain0.example.com (1 record(s))
19:41:36.686 [pool-1-thread-11] DEBUG grabflow.gateway.dns.DnsCache -- DNS cache hit: domain0.example.com (1 live record(s))
19:41:36.686 [pool-1-thread-1] DEBUG grabflow.gateway.dns.DnsCache -- DNS cache hit: domain0.example.com (1 live record(s))
19:41:36.686 [pool-1-thread-11] DEBUG grabflow.gateway.dns.DnsCache -- DNS cache put: domain0.example.com (1 record(s))
19:41:36.686 [pool-1-thread-11] DEBUG grabflow.gateway.dns.DnsCache -- DNS cache hit: domain0.example.com (1 live record(s))
19:41:36.686 [pool-1-thread-11] DEBUG grabflow.gateway.dns.DnsCache -- DNS cache put: domain0.example.com (1 record(s))
19:41:36.685 [pool-1-thread-19] DEBUG grabflow.gateway.dns.DnsCache -- DNS cache hit: domain3.example.com (1 live record(s))
19:41:36.685 [pool-1-thread-14] DEBUG grabflow.gateway.dns.DnsCache -- DNS cache put: domain3.example.com (1 record(s))
19:41:36.685 [pool-1-thread-6] DEBUG grabflow.gateway.dns.DnsCache -- DNS cache put: domain0.example.com (1 record(s))
19:41:36.685 [pool-1-thread-2] DEBUG grabflow.gateway.dns.DnsCache -- DNS cache put: domain1.example.com (1 record(s))
19:41:36.686 [pool-1-thread-6] DEBUG grabflow.gateway.dns.DnsCache -- DNS cache hit: domain0.example.com (1 live record(s))
19:41:36.686 [pool-1-thread-2] DEBUG grabflow.gateway.dns.DnsCache -- DNS cache hit: domain1.example.com (1 live record(s))
19:41:36.686 [pool-1-thread-6] DEBUG grabflow.gateway.dns.DnsCache -- DNS cache put: domain0.example.com (1 record(s))
19:41:36.685 [pool-1-thread-15] DEBUG grabflow.gateway.dns.DnsCache -- DNS cache hit: domain4.example.com (1 live record(s))
19:41:36.685 [pool-1-thread-17] DEBUG grabflow.gateway.dns.DnsCache -- DNS cache hit: domain1.example.com (1 live record(s))
19:41:36.686 [pool-1-thread-2] DEBUG grabflow.gateway.dns.DnsCache -- DNS cache put: domain1.example.com (1 record(s))
19:41:36.686 [pool-1-thread-2] DEBUG grabflow.gateway.dns.DnsCache -- DNS cache hit: domain1.example.com (1 live record(s))
19:41:36.685 [pool-1-thread-4] DEBUG grabflow.gateway.dns.DnsCache -- DNS cache hit: domain3.example.com (1 live record(s))
19:41:36.686 [pool-1-thread-2] DEBUG grabflow.gateway.dns.DnsCache -- DNS cache put: domain1.example.com (1 record(s))
19:41:36.685 [pool-1-thread-16] DEBUG grabflow.gateway.dns.DnsCache -- DNS cache put: domain0.example.com (1 record(s))
19:41:36.685 [pool-1-thread-18] DEBUG grabflow.gateway.dns.DnsCache -- DNS cache hit: domain2.example.com (1 live record(s))
19:41:36.685 [pool-1-thread-3] DEBUG grabflow.gateway.dns.DnsCache -- DNS cache hit: domain2.example.com (1 live record(s))
19:41:36.685 [pool-1-thread-5] DEBUG grabflow.gateway.dns.DnsCache -- DNS cache put: domain4.example.com (1 record(s))
19:41:36.685 [pool-1-thread-9] DEBUG grabflow.gateway.dns.DnsCache -- DNS cache hit: domain3.example.com (1 live record(s))
19:41:36.685 [pool-1-thread-7] DEBUG grabflow.gateway.dns.DnsCache -- DNS cache hit: domain1.example.com (1 live record(s))
19:41:36.685 [pool-1-thread-13] DEBUG grabflow.gateway.dns.DnsCache -- DNS cache hit: domain2.example.com (1 live record(s))
19:41:36.686 [pool-1-thread-7] DEBUG grabflow.gateway.dns.DnsCache -- DNS cache put: domain1.example.com (1 record(s))
19:41:36.686 [pool-1-thread-13] DEBUG grabflow.gateway.dns.DnsCache -- DNS cache put: domain2.example.com (1 record(s))
19:41:36.686 [pool-1-thread-7] DEBUG grabflow.gateway.dns.DnsCache -- DNS cache hit: domain1.example.com (1 live record(s))
19:41:36.686 [pool-1-thread-13] DEBUG grabflow.gateway.dns.DnsCache -- DNS cache hit: domain2.example.com (1 live record(s))
19:41:36.686 [pool-1-thread-7] DEBUG grabflow.gateway.dns.DnsCache -- DNS cache put: domain1.example.com (1 record(s))
19:41:36.685 [pool-1-thread-20] DEBUG grabflow.gateway.dns.DnsCache -- DNS cache hit: domain4.example.com (1 live record(s))
19:41:36.685 [pool-1-thread-8] DEBUG grabflow.gateway.dns.DnsCache -- DNS cache hit: domain2.example.com (1 live record(s))
19:41:36.686 [pool-1-thread-10] DEBUG grabflow.gateway.dns.DnsCache -- DNS cache put: domain4.example.com (1 record(s))
19:41:36.686 [pool-1-thread-8] DEBUG grabflow.gateway.dns.DnsCache -- DNS cache put: domain2.example.com (1 record(s))
19:41:36.686 [pool-1-thread-12] DEBUG grabflow.gateway.dns.DnsCache -- DNS cache put: domain1.example.com (1 record(s))
19:41:36.686 [pool-1-thread-12] DEBUG grabflow.gateway.dns.DnsCache -- DNS cache hit: domain1.example.com (1 live record(s))
19:41:36.686 [pool-1-thread-1] DEBUG grabflow.gateway.dns.DnsCache -- DNS cache put: domain0.example.com (1 record(s))
19:41:36.686 [pool-1-thread-1] DEBUG grabflow.gateway.dns.DnsCache -- DNS cache hit: domain0.example.com (1 live record(s))
19:41:36.686 [pool-1-thread-11] DEBUG grabflow.gateway.dns.DnsCache -- DNS cache hit: domain0.example.com (1 live record(s))
19:41:36.686 [pool-1-thread-19] DEBUG grabflow.gateway.dns.DnsCache -- DNS cache put: domain3.example.com (1 record(s))
19:41:36.686 [pool-1-thread-14] DEBUG grabflow.gateway.dns.DnsCache -- DNS cache hit: domain3.example.com (1 live record(s))
19:41:36.686 [pool-1-thread-6] DEBUG grabflow.gateway.dns.DnsCache -- DNS cache hit: domain0.example.com (1 live record(s))
19:41:36.687 [pool-1-thread-6] DEBUG grabflow.gateway.dns.DnsCache -- DNS cache put: domain0.example.com (1 record(s))
19:41:36.686 [pool-1-thread-15] DEBUG grabflow.gateway.dns.DnsCache -- DNS cache put: domain4.example.com (1 record(s))
19:41:36.686 [pool-1-thread-17] DEBUG grabflow.gateway.dns.DnsCache -- DNS cache put: domain1.example.com (1 record(s))
19:41:36.686 [pool-1-thread-2] DEBUG grabflow.gateway.dns.DnsCache -- DNS cache hit: domain1.example.com (1 live record(s))
19:41:36.686 [pool-1-thread-4] DEBUG grabflow.gateway.dns.DnsCache -- DNS cache put: domain3.example.com (1 record(s))
19:41:36.687 [pool-1-thread-4] DEBUG grabflow.gateway.dns.DnsCache -- DNS cache hit: domain3.example.com (1 live record(s))
19:41:36.686 [pool-1-thread-16] DEBUG grabflow.gateway.dns.DnsCache -- DNS cache hit: domain0.example.com (1 live record(s))
19:41:36.686 [pool-1-thread-18] DEBUG grabflow.gateway.dns.DnsCache -- DNS cache put: domain2.example.com (1 record(s))
19:41:36.686 [pool-1-thread-3] DEBUG grabflow.gateway.dns.DnsCache -- DNS cache put: domain2.example.com (1 record(s))
19:41:36.686 [pool-1-thread-5] DEBUG grabflow.gateway.dns.DnsCache -- DNS cache hit: domain4.example.com (1 live record(s))
19:41:36.687 [pool-1-thread-3] DEBUG grabflow.gateway.dns.DnsCache -- DNS cache hit: domain2.example.com (1 live record(s))
19:41:36.687 [pool-1-thread-5] DEBUG grabflow.gateway.dns.DnsCache -- DNS cache put: domain4.example.com (1 record(s))
19:41:36.686 [pool-1-thread-9] DEBUG grabflow.gateway.dns.DnsCache -- DNS cache put: domain3.example.com (1 record(s))
19:41:36.686 [pool-1-thread-13] DEBUG grabflow.gateway.dns.DnsCache -- DNS cache put: domain2.example.com (1 record(s))
19:41:36.686 [pool-1-thread-7] DEBUG grabflow.gateway.dns.DnsCache -- DNS cache hit: domain1.example.com (1 live record(s))
19:41:36.687 [pool-1-thread-7] DEBUG grabflow.gateway.dns.DnsCache -- DNS cache put: domain1.example.com (1 record(s))
19:41:36.686 [pool-1-thread-20] DEBUG grabflow.gateway.dns.DnsCache -- DNS cache put: domain4.example.com (1 record(s))
19:41:36.687 [pool-1-thread-7] DEBUG grabflow.gateway.dns.DnsCache -- DNS cache hit: domain1.example.com (1 live record(s))
19:41:36.686 [pool-1-thread-10] DEBUG grabflow.gateway.dns.DnsCache -- DNS cache hit: domain4.example.com (1 live record(s))
19:41:36.686 [pool-1-thread-8] DEBUG grabflow.gateway.dns.DnsCache -- DNS cache hit: domain2.example.com (1 live record(s))
19:41:36.686 [pool-1-thread-12] DEBUG grabflow.gateway.dns.DnsCache -- DNS cache put: domain1.example.com (1 record(s))
19:41:36.687 [pool-1-thread-12] DEBUG grabflow.gateway.dns.DnsCache -- DNS cache hit: domain1.example.com (1 live record(s))
19:41:36.687 [pool-1-thread-12] DEBUG grabflow.gateway.dns.DnsCache -- DNS cache put: domain1.example.com (1 record(s))
19:41:36.687 [pool-1-thread-12] DEBUG grabflow.gateway.dns.DnsCache -- DNS cache hit: domain1.example.com (1 live record(s))
19:41:36.686 [pool-1-thread-1] DEBUG grabflow.gateway.dns.DnsCache -- DNS cache put: domain0.example.com (1 record(s))
19:41:36.687 [pool-1-thread-12] DEBUG grabflow.gateway.dns.DnsCache -- DNS cache put: domain1.example.com (1 record(s))
19:41:36.687 [pool-1-thread-11] DEBUG grabflow.gateway.dns.DnsCache -- DNS cache put: domain0.example.com (1 record(s))
19:41:36.687 [pool-1-thread-19] DEBUG grabflow.gateway.dns.DnsCache -- DNS cache hit: domain3.example.com (1 live record(s))
19:41:36.687 [pool-1-thread-19] DEBUG grabflow.gateway.dns.DnsCache -- DNS cache put: domain3.example.com (1 record(s))
19:41:36.687 [pool-1-thread-19] DEBUG grabflow.gateway.dns.DnsCache -- DNS cache hit: domain3.example.com (1 live record(s))
19:41:36.687 [pool-1-thread-14] DEBUG grabflow.gateway.dns.DnsCache -- DNS cache put: domain3.example.com (1 record(s))
19:41:36.687 [pool-1-thread-6] DEBUG grabflow.gateway.dns.DnsCache -- DNS cache hit: domain0.example.com (1 live record(s))
19:41:36.687 [pool-1-thread-14] DEBUG grabflow.gateway.dns.DnsCache -- DNS cache hit: domain3.example.com (1 live record(s))
19:41:36.687 [pool-1-thread-6] DEBUG grabflow.gateway.dns.DnsCache -- DNS cache put: domain0.example.com (1 record(s))
19:41:36.687 [pool-1-thread-14] DEBUG grabflow.gateway.dns.DnsCache -- DNS cache put: domain3.example.com (1 record(s))
19:41:36.687 [pool-1-thread-6] DEBUG grabflow.gateway.dns.DnsCache -- DNS cache hit: domain0.example.com (1 live record(s))
19:41:36.687 [pool-1-thread-15] DEBUG grabflow.gateway.dns.DnsCache -- DNS cache hit: domain4.example.com (1 live record(s))
19:41:36.687 [pool-1-thread-17] DEBUG grabflow.gateway.dns.DnsCache -- DNS cache hit: domain1.example.com (1 live record(s))
19:41:36.687 [pool-1-thread-2] DEBUG grabflow.gateway.dns.DnsCache -- DNS cache put: domain1.example.com (1 record(s))
19:41:36.687 [pool-1-thread-4] DEBUG grabflow.gateway.dns.DnsCache -- DNS cache put: domain3.example.com (1 record(s))
19:41:36.687 [pool-1-thread-16] DEBUG grabflow.gateway.dns.DnsCache -- DNS cache put: domain0.example.com (1 record(s))
19:41:36.687 [pool-1-thread-18] DEBUG grabflow.gateway.dns.DnsCache -- DNS cache hit: domain2.example.com (1 live record(s))
19:41:36.688 [pool-1-thread-18] DEBUG grabflow.gateway.dns.DnsCache -- DNS cache put: domain2.example.com (1 record(s))
19:41:36.687 [pool-1-thread-3] DEBUG grabflow.gateway.dns.DnsCache -- DNS cache put: domain2.example.com (1 record(s))
19:41:36.688 [pool-1-thread-3] DEBUG grabflow.gateway.dns.DnsCache -- DNS cache hit: domain2.example.com (1 live record(s))
19:41:36.688 [pool-1-thread-3] DEBUG grabflow.gateway.dns.DnsCache -- DNS cache put: domain2.example.com (1 record(s))
19:41:36.688 [pool-1-thread-3] DEBUG grabflow.gateway.dns.DnsCache -- DNS cache hit: domain2.example.com (1 live record(s))
19:41:36.688 [pool-1-thread-3] DEBUG grabflow.gateway.dns.DnsCache -- DNS cache put: domain2.example.com (1 record(s))
19:41:36.688 [pool-1-thread-3] DEBUG grabflow.gateway.dns.DnsCache -- DNS cache hit: domain2.example.com (1 live record(s))
19:41:36.688 [pool-1-thread-3] DEBUG grabflow.gateway.dns.DnsCache -- DNS cache put: domain2.example.com (1 record(s))
19:41:36.687 [pool-1-thread-5] DEBUG grabflow.gateway.dns.DnsCache -- DNS cache hit: domain4.example.com (1 live record(s))
19:41:36.688 [pool-1-thread-5] DEBUG grabflow.gateway.dns.DnsCache -- DNS cache put: domain4.example.com (1 record(s))
19:41:36.687 [pool-1-thread-9] DEBUG grabflow.gateway.dns.DnsCache -- DNS cache hit: domain3.example.com (1 live record(s))
19:41:36.687 [pool-1-thread-13] DEBUG grabflow.gateway.dns.DnsCache -- DNS cache hit: domain2.example.com (1 live record(s))
19:41:36.687 [pool-1-thread-20] DEBUG grabflow.gateway.dns.DnsCache -- DNS cache hit: domain4.example.com (1 live record(s))
19:41:36.687 [pool-1-thread-7] DEBUG grabflow.gateway.dns.DnsCache -- DNS cache put: domain1.example.com (1 record(s))
19:41:36.687 [pool-1-thread-10] DEBUG grabflow.gateway.dns.DnsCache -- DNS cache put: domain4.example.com (1 record(s))
19:41:36.687 [pool-1-thread-8] DEBUG grabflow.gateway.dns.DnsCache -- DNS cache put: domain2.example.com (1 record(s))
19:41:36.687 [pool-1-thread-12] DEBUG grabflow.gateway.dns.DnsCache -- DNS cache hit: domain1.example.com (1 live record(s))
19:41:36.688 [pool-1-thread-8] DEBUG grabflow.gateway.dns.DnsCache -- DNS cache hit: domain2.example.com (1 live record(s))
19:41:36.687 [pool-1-thread-1] DEBUG grabflow.gateway.dns.DnsCache -- DNS cache hit: domain0.example.com (1 live record(s))
19:41:36.687 [pool-1-thread-11] DEBUG grabflow.gateway.dns.DnsCache -- DNS cache hit: domain0.example.com (1 live record(s))
19:41:36.688 [pool-1-thread-1] DEBUG grabflow.gateway.dns.DnsCache -- DNS cache put: domain0.example.com (1 record(s))
19:41:36.688 [pool-1-thread-11] DEBUG grabflow.gateway.dns.DnsCache -- DNS cache put: domain0.example.com (1 record(s))
19:41:36.687 [pool-1-thread-19] DEBUG grabflow.gateway.dns.DnsCache -- DNS cache put: domain3.example.com (1 record(s))
19:41:36.687 [pool-1-thread-14] DEBUG grabflow.gateway.dns.DnsCache -- DNS cache hit: domain3.example.com (1 live record(s))
19:41:36.688 [pool-1-thread-14] DEBUG grabflow.gateway.dns.DnsCache -- DNS cache put: domain3.example.com (1 record(s))
19:41:36.688 [pool-1-thread-14] DEBUG grabflow.gateway.dns.DnsCache -- DNS cache hit: domain3.example.com (1 live record(s))
19:41:36.687 [pool-1-thread-6] DEBUG grabflow.gateway.dns.DnsCache -- DNS cache put: domain0.example.com (1 record(s))
19:41:36.688 [pool-1-thread-6] DEBUG grabflow.gateway.dns.DnsCache -- DNS cache hit: domain0.example.com (1 live record(s))
19:41:36.687 [pool-1-thread-15] DEBUG grabflow.gateway.dns.DnsCache -- DNS cache put: domain4.example.com (1 record(s))
19:41:36.688 [pool-1-thread-6] DEBUG grabflow.gateway.dns.DnsCache -- DNS cache put: domain0.example.com (1 record(s))
19:41:36.688 [pool-1-thread-15] DEBUG grabflow.gateway.dns.DnsCache -- DNS cache hit: domain4.example.com (1 live record(s))
19:41:36.688 [pool-1-thread-17] DEBUG grabflow.gateway.dns.DnsCache -- DNS cache put: domain1.example.com (1 record(s))
19:41:36.688 [pool-1-thread-17] DEBUG grabflow.gateway.dns.DnsCache -- DNS cache hit: domain1.example.com (1 live record(s))
19:41:36.688 [pool-1-thread-2] DEBUG grabflow.gateway.dns.DnsCache -- DNS cache hit: domain1.example.com (1 live record(s))
19:41:36.688 [pool-1-thread-4] DEBUG grabflow.gateway.dns.DnsCache -- DNS cache hit: domain3.example.com (1 live record(s))
19:41:36.688 [pool-1-thread-4] DEBUG grabflow.gateway.dns.DnsCache -- DNS cache put: domain3.example.com (1 record(s))
19:41:36.688 [pool-1-thread-4] DEBUG grabflow.gateway.dns.DnsCache -- DNS cache hit: domain3.example.com (1 live record(s))
19:41:36.688 [pool-1-thread-16] DEBUG grabflow.gateway.dns.DnsCache -- DNS cache hit: domain0.example.com (1 live record(s))
19:41:36.688 [pool-1-thread-18] DEBUG grabflow.gateway.dns.DnsCache -- DNS cache hit: domain2.example.com (1 live record(s))
19:41:36.688 [pool-1-thread-16] DEBUG grabflow.gateway.dns.DnsCache -- DNS cache put: domain0.example.com (1 record(s))
19:41:36.688 [pool-1-thread-3] DEBUG grabflow.gateway.dns.DnsCache -- DNS cache hit: domain2.example.com (1 live record(s))
19:41:36.689 [pool-1-thread-16] DEBUG grabflow.gateway.dns.DnsCache -- DNS cache hit: domain0.example.com (1 live record(s))
19:41:36.688 [pool-1-thread-5] DEBUG grabflow.gateway.dns.DnsCache -- DNS cache hit: domain4.example.com (1 live record(s))
19:41:36.688 [pool-1-thread-9] DEBUG grabflow.gateway.dns.DnsCache -- DNS cache put: domain3.example.com (1 record(s))
19:41:36.688 [pool-1-thread-13] DEBUG grabflow.gateway.dns.DnsCache -- DNS cache put: domain2.example.com (1 record(s))
19:41:36.688 [pool-1-thread-20] DEBUG grabflow.gateway.dns.DnsCache -- DNS cache put: domain4.example.com (1 record(s))
19:41:36.688 [pool-1-thread-7] DEBUG grabflow.gateway.dns.DnsCache -- DNS cache hit: domain1.example.com (1 live record(s))
19:41:36.688 [pool-1-thread-10] DEBUG grabflow.gateway.dns.DnsCache -- DNS cache hit: domain4.example.com (1 live record(s))
19:41:36.688 [pool-1-thread-12] DEBUG grabflow.gateway.dns.DnsCache -- DNS cache put: domain1.example.com (1 record(s))
19:41:36.688 [pool-1-thread-8] DEBUG grabflow.gateway.dns.DnsCache -- DNS cache put: domain2.example.com (1 record(s))
19:41:36.688 [pool-1-thread-1] DEBUG grabflow.gateway.dns.DnsCache -- DNS cache hit: domain0.example.com (1 live record(s))
19:41:36.688 [pool-1-thread-11] DEBUG grabflow.gateway.dns.DnsCache -- DNS cache hit: domain0.example.com (1 live record(s))
19:41:36.688 [pool-1-thread-19] DEBUG grabflow.gateway.dns.DnsCache -- DNS cache hit: domain3.example.com (1 live record(s))
19:41:36.688 [pool-1-thread-14] DEBUG grabflow.gateway.dns.DnsCache -- DNS cache put: domain3.example.com (1 record(s))
19:41:36.689 [pool-1-thread-19] DEBUG grabflow.gateway.dns.DnsCache -- DNS cache put: domain3.example.com (1 record(s))
19:41:36.689 [pool-1-thread-14] DEBUG grabflow.gateway.dns.DnsCache -- DNS cache hit: domain3.example.com (1 live record(s))
19:41:36.689 [pool-1-thread-19] DEBUG grabflow.gateway.dns.DnsCache -- DNS cache hit: domain3.example.com (1 live record(s))
19:41:36.688 [pool-1-thread-6] DEBUG grabflow.gateway.dns.DnsCache -- DNS cache hit: domain0.example.com (1 live record(s))
19:41:36.688 [pool-1-thread-15] DEBUG grabflow.gateway.dns.DnsCache -- DNS cache put: domain4.example.com (1 record(s))
19:41:36.689 [pool-1-thread-15] DEBUG grabflow.gateway.dns.DnsCache -- DNS cache hit: domain4.example.com (1 live record(s))
19:41:36.688 [pool-1-thread-17] DEBUG grabflow.gateway.dns.DnsCache -- DNS cache put: domain1.example.com (1 record(s))
19:41:36.689 [pool-1-thread-17] DEBUG grabflow.gateway.dns.DnsCache -- DNS cache hit: domain1.example.com (1 live record(s))
19:41:36.688 [pool-1-thread-2] DEBUG grabflow.gateway.dns.DnsCache -- DNS cache put: domain1.example.com (1 record(s))
19:41:36.688 [pool-1-thread-4] DEBUG grabflow.gateway.dns.DnsCache -- DNS cache put: domain3.example.com (1 record(s))
19:41:36.689 [pool-1-thread-2] DEBUG grabflow.gateway.dns.DnsCache -- DNS cache hit: domain1.example.com (1 live record(s))
19:41:36.689 [pool-1-thread-18] DEBUG grabflow.gateway.dns.DnsCache -- DNS cache put: domain2.example.com (1 record(s))
19:41:36.689 [pool-1-thread-3] DEBUG grabflow.gateway.dns.DnsCache -- DNS cache put: domain2.example.com (1 record(s))
19:41:36.689 [pool-1-thread-18] DEBUG grabflow.gateway.dns.DnsCache -- DNS cache hit: domain2.example.com (1 live record(s))
19:41:36.689 [pool-1-thread-16] DEBUG grabflow.gateway.dns.DnsCache -- DNS cache put: domain0.example.com (1 record(s))
19:41:36.689 [pool-1-thread-5] DEBUG grabflow.gateway.dns.DnsCache -- DNS cache put: domain4.example.com (1 record(s))
19:41:36.689 [pool-1-thread-9] DEBUG grabflow.gateway.dns.DnsCache -- DNS cache hit: domain3.example.com (1 live record(s))
19:41:36.689 [pool-1-thread-9] DEBUG grabflow.gateway.dns.DnsCache -- DNS cache put: domain3.example.com (1 record(s))
19:41:36.689 [pool-1-thread-9] DEBUG grabflow.gateway.dns.DnsCache -- DNS cache hit: domain3.example.com (1 live record(s))
19:41:36.689 [pool-1-thread-13] DEBUG grabflow.gateway.dns.DnsCache -- DNS cache hit: domain2.example.com (1 live record(s))
19:41:36.689 [pool-1-thread-20] DEBUG grabflow.gateway.dns.DnsCache -- DNS cache hit: domain4.example.com (1 live record(s))
19:41:36.689 [pool-1-thread-7] DEBUG grabflow.gateway.dns.DnsCache -- DNS cache put: domain1.example.com (1 record(s))
19:41:36.690 [pool-1-thread-7] DEBUG grabflow.gateway.dns.DnsCache -- DNS cache hit: domain1.example.com (1 live record(s))
19:41:36.689 [pool-1-thread-10] DEBUG grabflow.gateway.dns.DnsCache -- DNS cache put: domain4.example.com (1 record(s))
19:41:36.689 [pool-1-thread-12] DEBUG grabflow.gateway.dns.DnsCache -- DNS cache hit: domain1.example.com (1 live record(s))
19:41:36.689 [pool-1-thread-8] DEBUG grabflow.gateway.dns.DnsCache -- DNS cache hit: domain2.example.com (1 live record(s))
19:41:36.690 [pool-1-thread-8] DEBUG grabflow.gateway.dns.DnsCache -- DNS cache put: domain2.example.com (1 record(s))
19:41:36.690 [pool-1-thread-8] DEBUG grabflow.gateway.dns.DnsCache -- DNS cache hit: domain2.example.com (1 live record(s))
19:41:36.689 [pool-1-thread-1] DEBUG grabflow.gateway.dns.DnsCache -- DNS cache put: domain0.example.com (1 record(s))
19:41:36.690 [pool-1-thread-1] DEBUG grabflow.gateway.dns.DnsCache -- DNS cache hit: domain0.example.com (1 live record(s))
19:41:36.690 [pool-1-thread-1] DEBUG grabflow.gateway.dns.DnsCache -- DNS cache put: domain0.example.com (1 record(s))
19:41:36.689 [pool-1-thread-11] DEBUG grabflow.gateway.dns.DnsCache -- DNS cache put: domain0.example.com (1 record(s))
19:41:36.690 [pool-1-thread-11] DEBUG grabflow.gateway.dns.DnsCache -- DNS cache hit: domain0.example.com (1 live record(s))
19:41:36.689 [pool-1-thread-14] DEBUG grabflow.gateway.dns.DnsCache -- DNS cache put: domain3.example.com (1 record(s))
19:41:36.689 [pool-1-thread-19] DEBUG grabflow.gateway.dns.DnsCache -- DNS cache put: domain3.example.com (1 record(s))
19:41:36.689 [pool-1-thread-15] DEBUG grabflow.gateway.dns.DnsCache -- DNS cache put: domain4.example.com (1 record(s))
19:41:36.689 [pool-1-thread-17] DEBUG grabflow.gateway.dns.DnsCache -- DNS cache put: domain1.example.com (1 record(s))
19:41:36.689 [pool-1-thread-4] DEBUG grabflow.gateway.dns.DnsCache -- DNS cache hit: domain3.example.com (1 live record(s))
19:41:36.690 [pool-1-thread-17] DEBUG grabflow.gateway.dns.DnsCache -- DNS cache hit: domain1.example.com (1 live record(s))
19:41:36.689 [pool-1-thread-2] DEBUG grabflow.gateway.dns.DnsCache -- DNS cache put: domain1.example.com (1 record(s))
19:41:36.690 [pool-1-thread-17] DEBUG grabflow.gateway.dns.DnsCache -- DNS cache put: domain1.example.com (1 record(s))
19:41:36.690 [pool-1-thread-2] DEBUG grabflow.gateway.dns.DnsCache -- DNS cache hit: domain1.example.com (1 live record(s))
19:41:36.689 [pool-1-thread-3] DEBUG grabflow.gateway.dns.DnsCache -- DNS cache hit: domain2.example.com (1 live record(s))
19:41:36.689 [pool-1-thread-18] DEBUG grabflow.gateway.dns.DnsCache -- DNS cache put: domain2.example.com (1 record(s))
19:41:36.689 [pool-1-thread-16] DEBUG grabflow.gateway.dns.DnsCache -- DNS cache hit: domain0.example.com (1 live record(s))
19:41:36.690 [pool-1-thread-16] DEBUG grabflow.gateway.dns.DnsCache -- DNS cache put: domain0.example.com (1 record(s))
19:41:36.690 [pool-1-thread-16] DEBUG grabflow.gateway.dns.DnsCache -- DNS cache hit: domain0.example.com (1 live record(s))
19:41:36.689 [pool-1-thread-5] DEBUG grabflow.gateway.dns.DnsCache -- DNS cache hit: domain4.example.com (1 live record(s))
19:41:36.690 [pool-1-thread-5] DEBUG grabflow.gateway.dns.DnsCache -- DNS cache put: domain4.example.com (1 record(s))
19:41:36.690 [pool-1-thread-5] DEBUG grabflow.gateway.dns.DnsCache -- DNS cache hit: domain4.example.com (1 live record(s))
19:41:36.689 [pool-1-thread-9] DEBUG grabflow.gateway.dns.DnsCache -- DNS cache put: domain3.example.com (1 record(s))
19:41:36.689 [pool-1-thread-13] DEBUG grabflow.gateway.dns.DnsCache -- DNS cache put: domain2.example.com (1 record(s))
19:41:36.690 [pool-1-thread-9] DEBUG grabflow.gateway.dns.DnsCache -- DNS cache hit: domain3.example.com (1 live record(s))
19:41:36.690 [pool-1-thread-13] DEBUG grabflow.gateway.dns.DnsCache -- DNS cache hit: domain2.example.com (1 live record(s))
19:41:36.690 [pool-1-thread-9] DEBUG grabflow.gateway.dns.DnsCache -- DNS cache put: domain3.example.com (1 record(s))
19:41:36.690 [pool-1-thread-9] DEBUG grabflow.gateway.dns.DnsCache -- DNS cache hit: domain3.example.com (1 live record(s))
19:41:36.690 [pool-1-thread-20] DEBUG grabflow.gateway.dns.DnsCache -- DNS cache put: domain4.example.com (1 record(s))
19:41:36.690 [pool-1-thread-7] DEBUG grabflow.gateway.dns.DnsCache -- DNS cache put: domain1.example.com (1 record(s))
19:41:36.690 [pool-1-thread-20] DEBUG grabflow.gateway.dns.DnsCache -- DNS cache hit: domain4.example.com (1 live record(s))
19:41:36.690 [pool-1-thread-7] DEBUG grabflow.gateway.dns.DnsCache -- DNS cache hit: domain1.example.com (1 live record(s))
19:41:36.690 [pool-1-thread-20] DEBUG grabflow.gateway.dns.DnsCache -- DNS cache put: domain4.example.com (1 record(s))
19:41:36.690 [pool-1-thread-7] DEBUG grabflow.gateway.dns.DnsCache -- DNS cache put: domain1.example.com (1 record(s))
19:41:36.690 [pool-1-thread-20] DEBUG grabflow.gateway.dns.DnsCache -- DNS cache hit: domain4.example.com (1 live record(s))
19:41:36.690 [pool-1-thread-10] DEBUG grabflow.gateway.dns.DnsCache -- DNS cache hit: domain4.example.com (1 live record(s))
19:41:36.690 [pool-1-thread-12] DEBUG grabflow.gateway.dns.DnsCache -- DNS cache put: domain1.example.com (1 record(s))
19:41:36.690 [pool-1-thread-1] DEBUG grabflow.gateway.dns.DnsCache -- DNS cache hit: domain0.example.com (1 live record(s))
19:41:36.690 [pool-1-thread-11] DEBUG grabflow.gateway.dns.DnsCache -- DNS cache put: domain0.example.com (1 record(s))
19:41:36.690 [pool-1-thread-14] DEBUG grabflow.gateway.dns.DnsCache -- DNS cache hit: domain3.example.com (1 live record(s))
19:41:36.690 [pool-1-thread-19] DEBUG grabflow.gateway.dns.DnsCache -- DNS cache hit: domain3.example.com (1 live record(s))
19:41:36.691 [pool-1-thread-11] DEBUG grabflow.gateway.dns.DnsCache -- DNS cache hit: domain0.example.com (1 live record(s))
19:41:36.691 [pool-1-thread-14] DEBUG grabflow.gateway.dns.DnsCache -- DNS cache put: domain3.example.com (1 record(s))
19:41:36.690 [pool-1-thread-15] DEBUG grabflow.gateway.dns.DnsCache -- DNS cache hit: domain4.example.com (1 live record(s))
19:41:36.690 [pool-1-thread-4] DEBUG grabflow.gateway.dns.DnsCache -- DNS cache put: domain3.example.com (1 record(s))
19:41:36.690 [pool-1-thread-17] DEBUG grabflow.gateway.dns.DnsCache -- DNS cache hit: domain1.example.com (1 live record(s))
19:41:36.690 [pool-1-thread-2] DEBUG grabflow.gateway.dns.DnsCache -- DNS cache put: domain1.example.com (1 record(s))
19:41:36.691 [pool-1-thread-2] DEBUG grabflow.gateway.dns.DnsCache -- DNS cache hit: domain1.example.com (1 live record(s))
19:41:36.690 [pool-1-thread-3] DEBUG grabflow.gateway.dns.DnsCache -- DNS cache put: domain2.example.com (1 record(s))
19:41:36.691 [pool-1-thread-3] DEBUG grabflow.gateway.dns.DnsCache -- DNS cache hit: domain2.example.com (1 live record(s))
19:41:36.690 [pool-1-thread-18] DEBUG grabflow.gateway.dns.DnsCache -- DNS cache hit: domain2.example.com (1 live record(s))
19:41:36.690 [pool-1-thread-16] DEBUG grabflow.gateway.dns.DnsCache -- DNS cache put: domain0.example.com (1 record(s))
19:41:36.690 [pool-1-thread-5] DEBUG grabflow.gateway.dns.DnsCache -- DNS cache put: domain4.example.com (1 record(s))
19:41:36.691 [pool-1-thread-5] DEBUG grabflow.gateway.dns.DnsCache -- DNS cache hit: domain4.example.com (1 live record(s))
19:41:36.691 [pool-1-thread-5] DEBUG grabflow.gateway.dns.DnsCache -- DNS cache put: domain4.example.com (1 record(s))
19:41:36.690 [pool-1-thread-13] DEBUG grabflow.gateway.dns.DnsCache -- DNS cache put: domain2.example.com (1 record(s))
19:41:36.690 [pool-1-thread-9] DEBUG grabflow.gateway.dns.DnsCache -- DNS cache put: domain3.example.com (1 record(s))
19:41:36.690 [pool-1-thread-7] DEBUG grabflow.gateway.dns.DnsCache -- DNS cache hit: domain1.example.com (1 live record(s))
19:41:36.691 [pool-1-thread-10] DEBUG grabflow.gateway.dns.DnsCache -- DNS cache put: domain4.example.com (1 record(s))
19:41:36.691 [pool-1-thread-20] DEBUG grabflow.gateway.dns.DnsCache -- DNS cache put: domain4.example.com (1 record(s))
19:41:36.691 [pool-1-thread-12] DEBUG grabflow.gateway.dns.DnsCache -- DNS cache hit: domain1.example.com (1 live record(s))
19:41:36.691 [pool-1-thread-1] DEBUG grabflow.gateway.dns.DnsCache -- DNS cache put: domain0.example.com (1 record(s))
19:41:36.691 [pool-1-thread-1] DEBUG grabflow.gateway.dns.DnsCache -- DNS cache hit: domain0.example.com (1 live record(s))
19:41:36.691 [pool-1-thread-1] DEBUG grabflow.gateway.dns.DnsCache -- DNS cache put: domain0.example.com (1 record(s))
19:41:36.691 [pool-1-thread-1] DEBUG grabflow.gateway.dns.DnsCache -- DNS cache hit: domain0.example.com (1 live record(s))
19:41:36.691 [pool-1-thread-11] DEBUG grabflow.gateway.dns.DnsCache -- DNS cache put: domain0.example.com (1 record(s))
19:41:36.691 [pool-1-thread-19] DEBUG grabflow.gateway.dns.DnsCache -- DNS cache put: domain3.example.com (1 record(s))
19:41:36.691 [pool-1-thread-11] DEBUG grabflow.gateway.dns.DnsCache -- DNS cache hit: domain0.example.com (1 live record(s))
19:41:36.691 [pool-1-thread-14] DEBUG grabflow.gateway.dns.DnsCache -- DNS cache hit: domain3.example.com (1 live record(s))
19:41:36.691 [pool-1-thread-15] DEBUG grabflow.gateway.dns.DnsCache -- DNS cache put: domain4.example.com (1 record(s))
19:41:36.692 [pool-1-thread-15] DEBUG grabflow.gateway.dns.DnsCache -- DNS cache hit: domain4.example.com (1 live record(s))
19:41:36.691 [pool-1-thread-4] DEBUG grabflow.gateway.dns.DnsCache -- DNS cache hit: domain3.example.com (1 live record(s))
19:41:36.691 [pool-1-thread-17] DEBUG grabflow.gateway.dns.DnsCache -- DNS cache put: domain1.example.com (1 record(s))
19:41:36.691 [pool-1-thread-18] DEBUG grabflow.gateway.dns.DnsCache -- DNS cache put: domain2.example.com (1 record(s))
19:41:36.691 [pool-1-thread-16] DEBUG grabflow.gateway.dns.DnsCache -- DNS cache hit: domain0.example.com (1 live record(s))
19:41:36.691 [pool-1-thread-5] DEBUG grabflow.gateway.dns.DnsCache -- DNS cache hit: domain4.example.com (1 live record(s))
19:41:36.691 [pool-1-thread-13] DEBUG grabflow.gateway.dns.DnsCache -- DNS cache hit: domain2.example.com (1 live record(s))
19:41:36.691 [pool-1-thread-9] DEBUG grabflow.gateway.dns.DnsCache -- DNS cache hit: domain3.example.com (1 live record(s))
19:41:36.692 [pool-1-thread-13] DEBUG grabflow.gateway.dns.DnsCache -- DNS cache put: domain2.example.com (1 record(s))
19:41:36.692 [pool-1-thread-9] DEBUG grabflow.gateway.dns.DnsCache -- DNS cache put: domain3.example.com (1 record(s))
19:41:36.692 [pool-1-thread-9] DEBUG grabflow.gateway.dns.DnsCache -- DNS cache hit: domain3.example.com (1 live record(s))
19:41:36.691 [pool-1-thread-10] DEBUG grabflow.gateway.dns.DnsCache -- DNS cache hit: domain4.example.com (1 live record(s))
19:41:36.691 [pool-1-thread-20] DEBUG grabflow.gateway.dns.DnsCache -- DNS cache hit: domain4.example.com (1 live record(s))
19:41:36.691 [pool-1-thread-12] DEBUG grabflow.gateway.dns.DnsCache -- DNS cache put: domain1.example.com (1 record(s))
19:41:36.692 [pool-1-thread-20] DEBUG grabflow.gateway.dns.DnsCache -- DNS cache put: domain4.example.com (1 record(s))
19:41:36.692 [pool-1-thread-12] DEBUG grabflow.gateway.dns.DnsCache -- DNS cache hit: domain1.example.com (1 live record(s))
19:41:36.692 [pool-1-thread-20] DEBUG grabflow.gateway.dns.DnsCache -- DNS cache hit: domain4.example.com (1 live record(s))
19:41:36.691 [pool-1-thread-1] DEBUG grabflow.gateway.dns.DnsCache -- DNS cache put: domain0.example.com (1 record(s))
19:41:36.692 [pool-1-thread-12] DEBUG grabflow.gateway.dns.DnsCache -- DNS cache put: domain1.example.com (1 record(s))
19:41:36.691 [pool-1-thread-19] DEBUG grabflow.gateway.dns.DnsCache -- DNS cache hit: domain3.example.com (1 live record(s))
19:41:36.692 [pool-1-thread-14] DEBUG grabflow.gateway.dns.DnsCache -- DNS cache put: domain3.example.com (1 record(s))
19:41:36.692 [pool-1-thread-14] DEBUG grabflow.gateway.dns.DnsCache -- DNS cache hit: domain3.example.com (1 live record(s))
19:41:36.692 [pool-1-thread-15] DEBUG grabflow.gateway.dns.DnsCache -- DNS cache put: domain4.example.com (1 record(s))
19:41:36.692 [pool-1-thread-4] DEBUG grabflow.gateway.dns.DnsCache -- DNS cache put: domain3.example.com (1 record(s))
19:41:36.692 [pool-1-thread-15] DEBUG grabflow.gateway.dns.DnsCache -- DNS cache hit: domain4.example.com (1 live record(s))
19:41:36.692 [pool-1-thread-15] DEBUG grabflow.gateway.dns.DnsCache -- DNS cache put: domain4.example.com (1 record(s))
19:41:36.692 [pool-1-thread-15] DEBUG grabflow.gateway.dns.DnsCache -- DNS cache hit: domain4.example.com (1 live record(s))
19:41:36.692 [pool-1-thread-15] DEBUG grabflow.gateway.dns.DnsCache -- DNS cache put: domain4.example.com (1 record(s))
19:41:36.692 [pool-1-thread-15] DEBUG grabflow.gateway.dns.DnsCache -- DNS cache hit: domain4.example.com (1 live record(s))
19:41:36.692 [pool-1-thread-17] DEBUG grabflow.gateway.dns.DnsCache -- DNS cache hit: domain1.example.com (1 live record(s))
19:41:36.692 [pool-1-thread-18] DEBUG grabflow.gateway.dns.DnsCache -- DNS cache hit: domain2.example.com (1 live record(s))
19:41:36.692 [pool-1-thread-18] DEBUG grabflow.gateway.dns.DnsCache -- DNS cache put: domain2.example.com (1 record(s))
19:41:36.692 [pool-1-thread-18] DEBUG grabflow.gateway.dns.DnsCache -- DNS cache hit: domain2.example.com (1 live record(s))
19:41:36.692 [pool-1-thread-18] DEBUG grabflow.gateway.dns.DnsCache -- DNS cache put: domain2.example.com (1 record(s))
19:41:36.692 [pool-1-thread-18] DEBUG grabflow.gateway.dns.DnsCache -- DNS cache hit: domain2.example.com (1 live record(s))
19:41:36.692 [pool-1-thread-18] DEBUG grabflow.gateway.dns.DnsCache -- DNS cache put: domain2.example.com (1 record(s))
19:41:36.692 [pool-1-thread-18] DEBUG grabflow.gateway.dns.DnsCache -- DNS cache hit: domain2.example.com (1 live record(s))
19:41:36.692 [pool-1-thread-16] DEBUG grabflow.gateway.dns.DnsCache -- DNS cache put: domain0.example.com (1 record(s))
19:41:36.692 [pool-1-thread-16] DEBUG grabflow.gateway.dns.DnsCache -- DNS cache hit: domain0.example.com (1 live record(s))
19:41:36.692 [pool-1-thread-16] DEBUG grabflow.gateway.dns.DnsCache -- DNS cache put: domain0.example.com (1 record(s))
19:41:36.692 [pool-1-thread-16] DEBUG grabflow.gateway.dns.DnsCache -- DNS cache hit: domain0.example.com (1 live record(s))
19:41:36.692 [pool-1-thread-5] DEBUG grabflow.gateway.dns.DnsCache -- DNS cache put: domain4.example.com (1 record(s))
19:41:36.692 [pool-1-thread-5] DEBUG grabflow.gateway.dns.DnsCache -- DNS cache hit: domain4.example.com (1 live record(s))
19:41:36.692 [pool-1-thread-13] DEBUG grabflow.gateway.dns.DnsCache -- DNS cache hit: domain2.example.com (1 live record(s))
19:41:36.693 [pool-1-thread-13] DEBUG grabflow.gateway.dns.DnsCache -- DNS cache put: domain2.example.com (1 record(s))
19:41:36.693 [pool-1-thread-13] DEBUG grabflow.gateway.dns.DnsCache -- DNS cache hit: domain2.example.com (1 live record(s))
19:41:36.693 [pool-1-thread-13] DEBUG grabflow.gateway.dns.DnsCache -- DNS cache put: domain2.example.com (1 record(s))
19:41:36.693 [pool-1-thread-13] DEBUG grabflow.gateway.dns.DnsCache -- DNS cache hit: domain2.example.com (1 live record(s))
19:41:36.692 [pool-1-thread-10] DEBUG grabflow.gateway.dns.DnsCache -- DNS cache put: domain4.example.com (1 record(s))
19:41:36.693 [pool-1-thread-10] DEBUG grabflow.gateway.dns.DnsCache -- DNS cache hit: domain4.example.com (1 live record(s))
19:41:36.693 [pool-1-thread-10] DEBUG grabflow.gateway.dns.DnsCache -- DNS cache put: domain4.example.com (1 record(s))
19:41:36.693 [pool-1-thread-10] DEBUG grabflow.gateway.dns.DnsCache -- DNS cache hit: domain4.example.com (1 live record(s))
19:41:36.692 [pool-1-thread-20] DEBUG grabflow.gateway.dns.DnsCache -- DNS cache put: domain4.example.com (1 record(s))
19:41:36.693 [pool-1-thread-20] DEBUG grabflow.gateway.dns.DnsCache -- DNS cache hit: domain4.example.com (1 live record(s))
19:41:36.692 [pool-1-thread-1] DEBUG grabflow.gateway.dns.DnsCache -- DNS cache hit: domain0.example.com (1 live record(s))
19:41:36.693 [pool-1-thread-1] DEBUG grabflow.gateway.dns.DnsCache -- DNS cache put: domain0.example.com (1 record(s))
19:41:36.693 [pool-1-thread-1] DEBUG grabflow.gateway.dns.DnsCache -- DNS cache hit: domain0.example.com (1 live record(s))
19:41:36.692 [pool-1-thread-12] DEBUG grabflow.gateway.dns.DnsCache -- DNS cache hit: domain1.example.com (1 live record(s))
19:41:36.693 [pool-1-thread-12] DEBUG grabflow.gateway.dns.DnsCache -- DNS cache put: domain1.example.com (1 record(s))
19:41:36.693 [pool-1-thread-12] DEBUG grabflow.gateway.dns.DnsCache -- DNS cache hit: domain1.example.com (1 live record(s))
19:41:36.692 [pool-1-thread-19] DEBUG grabflow.gateway.dns.DnsCache -- DNS cache put: domain3.example.com (1 record(s))
19:41:36.692 [pool-1-thread-14] DEBUG grabflow.gateway.dns.DnsCache -- DNS cache put: domain3.example.com (1 record(s))
19:41:36.693 [pool-1-thread-14] DEBUG grabflow.gateway.dns.DnsCache -- DNS cache hit: domain3.example.com (1 live record(s))
19:41:36.692 [pool-1-thread-4] DEBUG grabflow.gateway.dns.DnsCache -- DNS cache hit: domain3.example.com (1 live record(s))
19:41:36.693 [pool-1-thread-19] DEBUG grabflow.gateway.dns.DnsCache -- DNS cache hit: domain3.example.com (1 live record(s))
19:41:36.693 [pool-1-thread-19] DEBUG grabflow.gateway.dns.DnsCache -- DNS cache put: domain3.example.com (1 record(s))
19:41:36.693 [pool-1-thread-19] DEBUG grabflow.gateway.dns.DnsCache -- DNS cache hit: domain3.example.com (1 live record(s))
19:41:36.693 [pool-1-thread-19] DEBUG grabflow.gateway.dns.DnsCache -- DNS cache put: domain3.example.com (1 record(s))
19:41:36.693 [pool-1-thread-19] DEBUG grabflow.gateway.dns.DnsCache -- DNS cache hit: domain3.example.com (1 live record(s))
19:41:36.693 [pool-1-thread-19] DEBUG grabflow.gateway.dns.DnsCache -- DNS cache put: domain3.example.com (1 record(s))
19:41:36.693 [pool-1-thread-19] DEBUG grabflow.gateway.dns.DnsCache -- DNS cache hit: domain3.example.com (1 live record(s))
19:41:36.692 [pool-1-thread-17] DEBUG grabflow.gateway.dns.DnsCache -- DNS cache put: domain1.example.com (1 record(s))
19:41:36.693 [pool-1-thread-17] DEBUG grabflow.gateway.dns.DnsCache -- DNS cache hit: domain1.example.com (1 live record(s))
19:41:36.693 [pool-1-thread-17] DEBUG grabflow.gateway.dns.DnsCache -- DNS cache put: domain1.example.com (1 record(s))
19:41:36.692 [pool-1-thread-18] DEBUG grabflow.gateway.dns.DnsCache -- DNS cache put: domain2.example.com (1 record(s))
19:41:36.693 [pool-1-thread-5] DEBUG grabflow.gateway.dns.DnsCache -- DNS cache put: domain4.example.com (1 record(s))
19:41:36.694 [pool-1-thread-18] DEBUG grabflow.gateway.dns.DnsCache -- DNS cache hit: domain2.example.com (1 live record(s))
19:41:36.694 [pool-1-thread-5] DEBUG grabflow.gateway.dns.DnsCache -- DNS cache hit: domain4.example.com (1 live record(s))
19:41:36.693 [pool-1-thread-10] DEBUG grabflow.gateway.dns.DnsCache -- DNS cache put: domain4.example.com (1 record(s))
19:41:36.693 [pool-1-thread-4] DEBUG grabflow.gateway.dns.DnsCache -- DNS cache put: domain3.example.com (1 record(s))
19:41:36.693 [pool-1-thread-17] DEBUG grabflow.gateway.dns.DnsCache -- DNS cache hit: domain1.example.com (1 live record(s))
19:41:36.694 [pool-1-thread-4] DEBUG grabflow.gateway.dns.DnsCache -- DNS cache hit: domain3.example.com (1 live record(s))
19:41:36.694 [pool-1-thread-10] DEBUG grabflow.gateway.dns.DnsCache -- DNS cache hit: domain4.example.com (1 live record(s))
19:41:36.694 [pool-1-thread-4] DEBUG grabflow.gateway.dns.DnsCache -- DNS cache put: domain3.example.com (1 record(s))
19:41:36.694 [pool-1-thread-4] DEBUG grabflow.gateway.dns.DnsCache -- DNS cache hit: domain3.example.com (1 live record(s))
19:41:36.694 [pool-1-thread-10] DEBUG grabflow.gateway.dns.DnsCache -- DNS cache put: domain4.example.com (1 record(s))
19:41:36.694 [pool-1-thread-10] DEBUG grabflow.gateway.dns.DnsCache -- DNS cache hit: domain4.example.com (1 live record(s))
19:41:36.694 [pool-1-thread-10] DEBUG grabflow.gateway.dns.DnsCache -- DNS cache put: domain4.example.com (1 record(s))
19:41:36.694 [pool-1-thread-10] DEBUG grabflow.gateway.dns.DnsCache -- DNS cache hit: domain4.example.com (1 live record(s))
19:41:36.694 [pool-1-thread-4] DEBUG grabflow.gateway.dns.DnsCache -- DNS cache put: domain3.example.com (1 record(s))
19:41:36.694 [pool-1-thread-4] DEBUG grabflow.gateway.dns.DnsCache -- DNS cache hit: domain3.example.com (1 live record(s))
19:41:36.694 [pool-1-thread-4] DEBUG grabflow.gateway.dns.DnsCache -- DNS cache put: domain3.example.com (1 record(s))
19:41:36.694 [pool-1-thread-4] DEBUG grabflow.gateway.dns.DnsCache -- DNS cache hit: domain3.example.com (1 live record(s))
19:41:36.696 [Test worker] DEBUG grabflow.gateway.dns.DnsCache -- DNS cache put: mixed.example.com (2 record(s))
19:41:36.696 [Test worker] DEBUG grabflow.gateway.dns.DnsCache -- DNS cache hit: mixed.example.com (1 live record(s))
19:41:36.699 [Test worker] DEBUG grabflow.gateway.dns.DnsCache -- DNS cache put: example.com (1 record(s))
19:41:36.699 [Test worker] DEBUG grabflow.gateway.dns.DnsCache -- DNS cache hit: example.com (1 live record(s))
19:41:36.699 [Test worker] DEBUG grabflow.gateway.dns.DnsCache -- DNS cache hit: example.com (1 live record(s))
19:41:36.700 [Test worker] DEBUG grabflow.gateway.dns.DnsCache -- DNS cache put: old.example.com (1 record(s))
19:41:36.700 [Test worker] DEBUG grabflow.gateway.dns.DnsCache -- DNS cache expired (removed): old.example.com
19:41:36.701 [Test worker] DEBUG grabflow.gateway.dns.DnsCache -- DNS cache put: example.com (2 record(s))
19:41:36.701 [Test worker] DEBUG grabflow.gateway.dns.DnsCache -- DNS cache hit: example.com (2 live record(s))
19:41:36.703 [Test worker] DEBUG grabflow.gateway.dns.DnsCache -- DNS cache put: a.example.com (1 record(s))
19:41:36.703 [Test worker] DEBUG grabflow.gateway.dns.DnsCache -- DNS cache put: b.example.com (1 record(s))
19:41:36.703 [Test worker] DEBUG grabflow.gateway.dns.DnsCache -- DNS cache LRU eviction: a.example.com
19:41:36.703 [Test worker] DEBUG grabflow.gateway.dns.DnsCache -- DNS cache put: c.example.com (1 record(s))
19:41:36.704 [Test worker] DEBUG grabflow.gateway.dns.DnsCache -- DNS cache hit: c.example.com (1 live record(s))
19:41:36.704 [Test worker] DEBUG grabflow.gateway.dns.DnsCache -- DNS cache put: live.example.com (1 record(s))
19:41:36.704 [Test worker] DEBUG grabflow.gateway.dns.DnsCache -- DNS cache put: dead.example.com (1 record(s))
19:41:36.704 [Test worker] DEBUG grabflow.gateway.dns.DnsCache -- DNS cache evicted 1 expired entries (1 remaining)
19:41:36.704 [Test worker] DEBUG grabflow.gateway.dns.DnsCache -- DNS cache hit: live.example.com (1 live record(s))
19:41:36.704 [Test worker] DEBUG grabflow.gateway.dns.DnsCache -- DNS cache miss: dead.example.com
19:41:36.705 [Test worker] DEBUG grabflow.gateway.dns.DnsCache -- DNS cache put: a.example.com (1 record(s))
19:41:36.705 [Test worker] DEBUG grabflow.gateway.dns.DnsCache -- DNS cache put: b.example.com (1 record(s))
19:41:36.705 [Test worker] DEBUG grabflow.gateway.dns.DnsCache -- DNS cache put: c.example.com (1 record(s))
19:41:36.705 [Test worker] DEBUG grabflow.gateway.dns.DnsCache -- DNS cache cleared
19:41:36.705 [Test worker] DEBUG grabflow.gateway.dns.DnsCache -- DNS cache miss: a.example.com
19:41:36.705 [Test worker] DEBUG grabflow.gateway.dns.DnsCache -- DNS cache miss: b.example.com
19:41:36.705 [Test worker] DEBUG grabflow.gateway.dns.DnsCache -- DNS cache miss: c.example.com
]]></system-out>
  <system-err><![CDATA[]]></system-err>
</testsuite>
