<?xml version="1.0" encoding="UTF-8"?>
<testsuite name="grabflow.gateway.GatewayServerTest" tests="10" skipped="0" failures="0" errors="0" timestamp="2026-03-31T12:41:36" hostname="MacBook-Pro-cua-Khanh.local" time="0.08">
  <properties/>
  <testcase name="rateLimitsExcessiveRequests()" classname="grabflow.gateway.GatewayServerTest" time="0.066"/>
  <testcase name="returns404WhenServiceHasNoEndpoints()" classname="grabflow.gateway.GatewayServerTest" time="0.001"/>
  <testcase name="rateLimitsBlockedIps()" classname="grabflow.gateway.GatewayServerTest" time="0.001"/>
  <testcase name="multipleServicesRouteCorrectly()" classname="grabflow.gateway.GatewayServerTest" time="0.003"/>
  <testcase name="routesRideServiceRequests()" classname="grabflow.gateway.GatewayServerTest" time="0.001"/>
  <testcase name="serviceRegistryIsAccessible()" classname="grabflow.gateway.GatewayServerTest" time="0.001"/>
  <testcase name="handlesHealthEndpoint()" classname="grabflow.gateway.GatewayServerTest" time="0.0"/>
  <testcase name="returns404ForUnknownRoute()" classname="grabflow.gateway.GatewayServerTest" time="0.001"/>
  <testcase name="routerHasDefaultRoutes()" classname="grabflow.gateway.GatewayServerTest" time="0.001"/>
  <testcase name="configDefaults()" classname="grabflow.gateway.GatewayServerTest" time="0.0"/>
  <system-out><![CDATA[19:41:36.620 [Test worker] INFO grabflow.gateway.routing.RequestRouter -- Route added: /api/v1/rides -> ride-service
19:41:36.622 [Test worker] INFO grabflow.gateway.routing.RequestRouter -- Route added: /api/v1/locations -> location-service
19:41:36.622 [Test worker] INFO grabflow.gateway.routing.RequestRouter -- Route added: /api/v1/pricing -> pricing-service
19:41:36.622 [Test worker] INFO grabflow.gateway.routing.RequestRouter -- Route added: /api/v1/payments -> payment-service
19:41:36.622 [Test worker] INFO grabflow.gateway.routing.RequestRouter -- Route added: /api/v1/notifications -> notification-service
19:41:36.622 [Test worker] INFO grabflow.gateway.routing.RequestRouter -- Route added: /health -> gateway-health
19:41:36.624 [Test worker] INFO grabflow.gateway.routing.ServiceRegistry -- Registered endpoint for gateway-health: localhost:0
19:41:36.625 [Test worker] INFO grabflow.gateway.routing.ServiceRegistry -- Registered endpoint for ride-service: localhost:8081
19:41:36.626 [Test worker] DEBUG grabflow.gateway.GatewayServer -- GET /api/v1/rides/1 -> ride-service (localhost:8081)
19:41:36.627 [Test worker] DEBUG grabflow.gateway.GatewayServer -- GET /api/v1/rides/1 -> ride-service (localhost:8081)
19:41:36.627 [Test worker] DEBUG grabflow.gateway.GatewayServer -- GET /api/v1/rides/1 -> ride-service (localhost:8081)
19:41:36.627 [Test worker] DEBUG grabflow.gateway.GatewayServer -- GET /api/v1/rides/1 -> ride-service (localhost:8081)
19:41:36.627 [Test worker] DEBUG grabflow.gateway.GatewayServer -- GET /api/v1/rides/1 -> ride-service (localhost:8081)
19:41:36.627 [Test worker] DEBUG grabflow.gateway.GatewayServer -- GET /api/v1/rides/1 -> ride-service (localhost:8081)
19:41:36.627 [Test worker] DEBUG grabflow.gateway.GatewayServer -- GET /api/v1/rides/1 -> ride-service (localhost:8081)
19:41:36.627 [Test worker] DEBUG grabflow.gateway.GatewayServer -- GET /api/v1/rides/1 -> ride-service (localhost:8081)
19:41:36.627 [Test worker] DEBUG grabflow.gateway.GatewayServer -- GET /api/v1/rides/1 -> ride-service (localhost:8081)
19:41:36.627 [Test worker] DEBUG grabflow.gateway.GatewayServer -- GET /api/v1/rides/1 -> ride-service (localhost:8081)
19:41:36.627 [Test worker] DEBUG grabflow.gateway.GatewayServer -- GET /api/v1/rides/1 -> ride-service (localhost:8081)
19:41:36.627 [Test worker] DEBUG grabflow.gateway.GatewayServer -- GET /api/v1/rides/1 -> ride-service (localhost:8081)
19:41:36.627 [Test worker] DEBUG grabflow.gateway.GatewayServer -- GET /api/v1/rides/1 -> ride-service (localhost:8081)
19:41:36.628 [Test worker] DEBUG grabflow.gateway.GatewayServer -- GET /api/v1/rides/1 -> ride-service (localhost:8081)
19:41:36.628 [Test worker] DEBUG grabflow.gateway.GatewayServer -- GET /api/v1/rides/1 -> ride-service (localhost:8081)
19:41:36.628 [Test worker] DEBUG grabflow.gateway.GatewayServer -- GET /api/v1/rides/1 -> ride-service (localhost:8081)
19:41:36.628 [Test worker] DEBUG grabflow.gateway.GatewayServer -- GET /api/v1/rides/1 -> ride-service (localhost:8081)
19:41:36.628 [Test worker] DEBUG grabflow.gateway.GatewayServer -- GET /api/v1/rides/1 -> ride-service (localhost:8081)
19:41:36.628 [Test worker] DEBUG grabflow.gateway.GatewayServer -- GET /api/v1/rides/1 -> ride-service (localhost:8081)
19:41:36.628 [Test worker] DEBUG grabflow.gateway.GatewayServer -- GET /api/v1/rides/1 -> ride-service (localhost:8081)
19:41:36.628 [Test worker] DEBUG grabflow.gateway.GatewayServer -- GET /api/v1/rides/1 -> ride-service (localhost:8081)
19:41:36.628 [Test worker] DEBUG grabflow.gateway.GatewayServer -- GET /api/v1/rides/1 -> ride-service (localhost:8081)
19:41:36.628 [Test worker] DEBUG grabflow.gateway.GatewayServer -- GET /api/v1/rides/1 -> ride-service (localhost:8081)
19:41:36.628 [Test worker] DEBUG grabflow.gateway.GatewayServer -- GET /api/v1/rides/1 -> ride-service (localhost:8081)
19:41:36.628 [Test worker] DEBUG grabflow.gateway.GatewayServer -- GET /api/v1/rides/1 -> ride-service (localhost:8081)
19:41:36.628 [Test worker] DEBUG grabflow.gateway.GatewayServer -- GET /api/v1/rides/1 -> ride-service (localhost:8081)
19:41:36.628 [Test worker] DEBUG grabflow.gateway.GatewayServer -- GET /api/v1/rides/1 -> ride-service (localhost:8081)
19:41:36.629 [Test worker] DEBUG grabflow.gateway.GatewayServer -- GET /api/v1/rides/1 -> ride-service (localhost:8081)
19:41:36.629 [Test worker] DEBUG grabflow.gateway.GatewayServer -- GET /api/v1/rides/1 -> ride-service (localhost:8081)
19:41:36.629 [Test worker] DEBUG grabflow.gateway.GatewayServer -- GET /api/v1/rides/1 -> ride-service (localhost:8081)
19:41:36.629 [Test worker] DEBUG grabflow.gateway.GatewayServer -- GET /api/v1/rides/1 -> ride-service (localhost:8081)
19:41:36.629 [Test worker] DEBUG grabflow.gateway.GatewayServer -- GET /api/v1/rides/1 -> ride-service (localhost:8081)
19:41:36.629 [Test worker] DEBUG grabflow.gateway.GatewayServer -- GET /api/v1/rides/1 -> ride-service (localhost:8081)
19:41:36.629 [Test worker] DEBUG grabflow.gateway.GatewayServer -- GET /api/v1/rides/1 -> ride-service (localhost:8081)
19:41:36.629 [Test worker] DEBUG grabflow.gateway.GatewayServer -- GET /api/v1/rides/1 -> ride-service (localhost:8081)
19:41:36.629 [Test worker] DEBUG grabflow.gateway.GatewayServer -- GET /api/v1/rides/1 -> ride-service (localhost:8081)
19:41:36.629 [Test worker] DEBUG grabflow.gateway.GatewayServer -- GET /api/v1/rides/1 -> ride-service (localhost:8081)
19:41:36.629 [Test worker] DEBUG grabflow.gateway.GatewayServer -- GET /api/v1/rides/1 -> ride-service (localhost:8081)
19:41:36.629 [Test worker] DEBUG grabflow.gateway.GatewayServer -- GET /api/v1/rides/1 -> ride-service (localhost:8081)
19:41:36.629 [Test worker] DEBUG grabflow.gateway.GatewayServer -- GET /api/v1/rides/1 -> ride-service (localhost:8081)
19:41:36.629 [Test worker] DEBUG grabflow.gateway.GatewayServer -- GET /api/v1/rides/1 -> ride-service (localhost:8081)
19:41:36.629 [Test worker] DEBUG grabflow.gateway.GatewayServer -- GET /api/v1/rides/1 -> ride-service (localhost:8081)
19:41:36.629 [Test worker] DEBUG grabflow.gateway.GatewayServer -- GET /api/v1/rides/1 -> ride-service (localhost:8081)
19:41:36.630 [Test worker] DEBUG grabflow.gateway.GatewayServer -- GET /api/v1/rides/1 -> ride-service (localhost:8081)
19:41:36.630 [Test worker] DEBUG grabflow.gateway.GatewayServer -- GET /api/v1/rides/1 -> ride-service (localhost:8081)
19:41:36.630 [Test worker] DEBUG grabflow.gateway.GatewayServer -- GET /api/v1/rides/1 -> ride-service (localhost:8081)
19:41:36.630 [Test worker] DEBUG grabflow.gateway.GatewayServer -- GET /api/v1/rides/1 -> ride-service (localhost:8081)
19:41:36.630 [Test worker] DEBUG grabflow.gateway.GatewayServer -- GET /api/v1/rides/1 -> ride-service (localhost:8081)
19:41:36.630 [Test worker] DEBUG grabflow.gateway.GatewayServer -- GET /api/v1/rides/1 -> ride-service (localhost:8081)
19:41:36.630 [Test worker] DEBUG grabflow.gateway.GatewayServer -- GET /api/v1/rides/1 -> ride-service (localhost:8081)
19:41:36.630 [Test worker] DEBUG grabflow.gateway.GatewayServer -- GET /api/v1/rides/1 -> ride-service (localhost:8081)
19:41:36.630 [Test worker] DEBUG grabflow.gateway.GatewayServer -- GET /api/v1/rides/1 -> ride-service (localhost:8081)
19:41:36.630 [Test worker] DEBUG grabflow.gateway.GatewayServer -- GET /api/v1/rides/1 -> ride-service (localhost:8081)
19:41:36.630 [Test worker] DEBUG grabflow.gateway.GatewayServer -- GET /api/v1/rides/1 -> ride-service (localhost:8081)
19:41:36.630 [Test worker] DEBUG grabflow.gateway.GatewayServer -- GET /api/v1/rides/1 -> ride-service (localhost:8081)
19:41:36.630 [Test worker] DEBUG grabflow.gateway.GatewayServer -- GET /api/v1/rides/1 -> ride-service (localhost:8081)
19:41:36.630 [Test worker] DEBUG grabflow.gateway.GatewayServer -- GET /api/v1/rides/1 -> ride-service (localhost:8081)
19:41:36.630 [Test worker] DEBUG grabflow.gateway.GatewayServer -- GET /api/v1/rides/1 -> ride-service (localhost:8081)
19:41:36.630 [Test worker] DEBUG grabflow.gateway.GatewayServer -- GET /api/v1/rides/1 -> ride-service (localhost:8081)
19:41:36.630 [Test worker] DEBUG grabflow.gateway.GatewayServer -- GET /api/v1/rides/1 -> ride-service (localhost:8081)
19:41:36.630 [Test worker] DEBUG grabflow.gateway.GatewayServer -- GET /api/v1/rides/1 -> ride-service (localhost:8081)
19:41:36.631 [Test worker] DEBUG grabflow.gateway.GatewayServer -- GET /api/v1/rides/1 -> ride-service (localhost:8081)
19:41:36.631 [Test worker] DEBUG grabflow.gateway.GatewayServer -- GET /api/v1/rides/1 -> ride-service (localhost:8081)
19:41:36.631 [Test worker] DEBUG grabflow.gateway.GatewayServer -- GET /api/v1/rides/1 -> ride-service (localhost:8081)
19:41:36.631 [Test worker] DEBUG grabflow.gateway.GatewayServer -- GET /api/v1/rides/1 -> ride-service (localhost:8081)
19:41:36.631 [Test worker] DEBUG grabflow.gateway.GatewayServer -- GET /api/v1/rides/1 -> ride-service (localhost:8081)
19:41:36.631 [Test worker] DEBUG grabflow.gateway.GatewayServer -- GET /api/v1/rides/1 -> ride-service (localhost:8081)
19:41:36.631 [Test worker] DEBUG grabflow.gateway.GatewayServer -- GET /api/v1/rides/1 -> ride-service (localhost:8081)
19:41:36.631 [Test worker] DEBUG grabflow.gateway.GatewayServer -- GET /api/v1/rides/1 -> ride-service (localhost:8081)
19:41:36.631 [Test worker] DEBUG grabflow.gateway.GatewayServer -- GET /api/v1/rides/1 -> ride-service (localhost:8081)
19:41:36.631 [Test worker] DEBUG grabflow.gateway.GatewayServer -- GET /api/v1/rides/1 -> ride-service (localhost:8081)
19:41:36.631 [Test worker] DEBUG grabflow.gateway.GatewayServer -- GET /api/v1/rides/1 -> ride-service (localhost:8081)
19:41:36.631 [Test worker] DEBUG grabflow.gateway.GatewayServer -- GET /api/v1/rides/1 -> ride-service (localhost:8081)
19:41:36.631 [Test worker] DEBUG grabflow.gateway.GatewayServer -- GET /api/v1/rides/1 -> ride-service (localhost:8081)
19:41:36.631 [Test worker] DEBUG grabflow.gateway.GatewayServer -- GET /api/v1/rides/1 -> ride-service (localhost:8081)
19:41:36.631 [Test worker] DEBUG grabflow.gateway.GatewayServer -- GET /api/v1/rides/1 -> ride-service (localhost:8081)
19:41:36.631 [Test worker] DEBUG grabflow.gateway.GatewayServer -- GET /api/v1/rides/1 -> ride-service (localhost:8081)
19:41:36.631 [Test worker] DEBUG grabflow.gateway.GatewayServer -- GET /api/v1/rides/1 -> ride-service (localhost:8081)
19:41:36.632 [Test worker] DEBUG grabflow.gateway.GatewayServer -- GET /api/v1/rides/1 -> ride-service (localhost:8081)
19:41:36.632 [Test worker] DEBUG grabflow.gateway.GatewayServer -- GET /api/v1/rides/1 -> ride-service (localhost:8081)
19:41:36.632 [Test worker] DEBUG grabflow.gateway.GatewayServer -- GET /api/v1/rides/1 -> ride-service (localhost:8081)
19:41:36.632 [Test worker] DEBUG grabflow.gateway.GatewayServer -- GET /api/v1/rides/1 -> ride-service (localhost:8081)
19:41:36.632 [Test worker] DEBUG grabflow.gateway.GatewayServer -- GET /api/v1/rides/1 -> ride-service (localhost:8081)
19:41:36.632 [Test worker] DEBUG grabflow.gateway.GatewayServer -- GET /api/v1/rides/1 -> ride-service (localhost:8081)
19:41:36.632 [Test worker] DEBUG grabflow.gateway.GatewayServer -- GET /api/v1/rides/1 -> ride-service (localhost:8081)
19:41:36.632 [Test worker] DEBUG grabflow.gateway.GatewayServer -- GET /api/v1/rides/1 -> ride-service (localhost:8081)
19:41:36.632 [Test worker] DEBUG grabflow.gateway.GatewayServer -- GET /api/v1/rides/1 -> ride-service (localhost:8081)
19:41:36.632 [Test worker] DEBUG grabflow.gateway.GatewayServer -- GET /api/v1/rides/1 -> ride-service (localhost:8081)
19:41:36.632 [Test worker] DEBUG grabflow.gateway.GatewayServer -- GET /api/v1/rides/1 -> ride-service (localhost:8081)
19:41:36.632 [Test worker] DEBUG grabflow.gateway.GatewayServer -- GET /api/v1/rides/1 -> ride-service (localhost:8081)
19:41:36.632 [Test worker] DEBUG grabflow.gateway.GatewayServer -- GET /api/v1/rides/1 -> ride-service (localhost:8081)
19:41:36.632 [Test worker] DEBUG grabflow.gateway.GatewayServer -- GET /api/v1/rides/1 -> ride-service (localhost:8081)
19:41:36.632 [Test worker] DEBUG grabflow.gateway.GatewayServer -- GET /api/v1/rides/1 -> ride-service (localhost:8081)
19:41:36.632 [Test worker] DEBUG grabflow.gateway.GatewayServer -- GET /api/v1/rides/1 -> ride-service (localhost:8081)
19:41:36.632 [Test worker] DEBUG grabflow.gateway.GatewayServer -- GET /api/v1/rides/1 -> ride-service (localhost:8081)
19:41:36.632 [Test worker] DEBUG grabflow.gateway.GatewayServer -- GET /api/v1/rides/1 -> ride-service (localhost:8081)
19:41:36.633 [Test worker] DEBUG grabflow.gateway.GatewayServer -- GET /api/v1/rides/1 -> ride-service (localhost:8081)
19:41:36.633 [Test worker] DEBUG grabflow.gateway.GatewayServer -- GET /api/v1/rides/1 -> ride-service (localhost:8081)
19:41:36.633 [Test worker] DEBUG grabflow.gateway.GatewayServer -- GET /api/v1/rides/1 -> ride-service (localhost:8081)
19:41:36.633 [Test worker] DEBUG grabflow.gateway.GatewayServer -- GET /api/v1/rides/1 -> ride-service (localhost:8081)
19:41:36.633 [Test worker] DEBUG grabflow.gateway.ratelimit.RateLimitFilter -- Rate limited: 127.0.0.1
19:41:36.653 [Test worker] INFO grabflow.gateway.GatewayServer -- GrabFlow API Gateway stopped
19:41:36.656 [Test worker] INFO grabflow.gateway.routing.RequestRouter -- Route added: /api/v1/rides -> ride-service
19:41:36.657 [Test worker] INFO grabflow.gateway.routing.RequestRouter -- Route added: /api/v1/locations -> location-service
19:41:36.657 [Test worker] INFO grabflow.gateway.routing.RequestRouter -- Route added: /api/v1/pricing -> pricing-service
19:41:36.657 [Test worker] INFO grabflow.gateway.routing.RequestRouter -- Route added: /api/v1/payments -> payment-service
19:41:36.657 [Test worker] INFO grabflow.gateway.routing.RequestRouter -- Route added: /api/v1/notifications -> notification-service
19:41:36.657 [Test worker] INFO grabflow.gateway.routing.RequestRouter -- Route added: /health -> gateway-health
19:41:36.657 [Test worker] INFO grabflow.gateway.routing.ServiceRegistry -- Registered endpoint for gateway-health: localhost:0
19:41:36.657 [Test worker] WARN grabflow.gateway.routing.RequestRouter -- Route matched /api/v1/rides/123 -> ride-service but no endpoints registered
19:41:36.657 [Test worker] INFO grabflow.gateway.GatewayServer -- GrabFlow API Gateway stopped
19:41:36.658 [Test worker] INFO grabflow.gateway.routing.RequestRouter -- Route added: /api/v1/rides -> ride-service
19:41:36.658 [Test worker] INFO grabflow.gateway.routing.RequestRouter -- Route added: /api/v1/locations -> location-service
19:41:36.658 [Test worker] INFO grabflow.gateway.routing.RequestRouter -- Route added: /api/v1/pricing -> pricing-service
19:41:36.658 [Test worker] INFO grabflow.gateway.routing.RequestRouter -- Route added: /api/v1/payments -> payment-service
19:41:36.658 [Test worker] INFO grabflow.gateway.routing.RequestRouter -- Route added: /api/v1/notifications -> notification-service
19:41:36.658 [Test worker] INFO grabflow.gateway.routing.RequestRouter -- Route added: /health -> gateway-health
19:41:36.658 [Test worker] INFO grabflow.gateway.routing.ServiceRegistry -- Registered endpoint for gateway-health: localhost:0
19:41:36.658 [Test worker] INFO grabflow.gateway.ratelimit.RateLimitFilter -- Added to blocklist: 10.0.0.99
19:41:36.658 [Test worker] DEBUG grabflow.gateway.ratelimit.RateLimitFilter -- Blocked by Bloom filter: 10.0.0.99
19:41:36.658 [Test worker] INFO grabflow.gateway.GatewayServer -- GrabFlow API Gateway stopped
19:41:36.659 [Test worker] INFO grabflow.gateway.routing.RequestRouter -- Route added: /api/v1/rides -> ride-service
19:41:36.659 [Test worker] INFO grabflow.gateway.routing.RequestRouter -- Route added: /api/v1/locations -> location-service
19:41:36.659 [Test worker] INFO grabflow.gateway.routing.RequestRouter -- Route added: /api/v1/pricing -> pricing-service
19:41:36.659 [Test worker] INFO grabflow.gateway.routing.RequestRouter -- Route added: /api/v1/payments -> payment-service
19:41:36.659 [Test worker] INFO grabflow.gateway.routing.RequestRouter -- Route added: /api/v1/notifications -> notification-service
19:41:36.659 [Test worker] INFO grabflow.gateway.routing.RequestRouter -- Route added: /health -> gateway-health
19:41:36.659 [Test worker] INFO grabflow.gateway.routing.ServiceRegistry -- Registered endpoint for gateway-health: localhost:0
19:41:36.660 [Test worker] INFO grabflow.gateway.routing.ServiceRegistry -- Registered endpoint for ride-service: localhost:8081
19:41:36.660 [Test worker] INFO grabflow.gateway.routing.ServiceRegistry -- Registered endpoint for pricing-service: localhost:8083
19:41:36.660 [Test worker] DEBUG grabflow.gateway.GatewayServer -- GET /api/v1/rides/1 -> ride-service (localhost:8081)
19:41:36.660 [Test worker] DEBUG grabflow.gateway.GatewayServer -- GET /api/v1/pricing/surge -> pricing-service (localhost:8083)
19:41:36.662 [Test worker] INFO grabflow.gateway.GatewayServer -- GrabFlow API Gateway stopped
19:41:36.662 [Test worker] INFO grabflow.gateway.routing.RequestRouter -- Route added: /api/v1/rides -> ride-service
19:41:36.663 [Test worker] INFO grabflow.gateway.routing.RequestRouter -- Route added: /api/v1/locations -> location-service
19:41:36.663 [Test worker] INFO grabflow.gateway.routing.RequestRouter -- Route added: /api/v1/pricing -> pricing-service
19:41:36.663 [Test worker] INFO grabflow.gateway.routing.RequestRouter -- Route added: /api/v1/payments -> payment-service
19:41:36.663 [Test worker] INFO grabflow.gateway.routing.RequestRouter -- Route added: /api/v1/notifications -> notification-service
19:41:36.663 [Test worker] INFO grabflow.gateway.routing.RequestRouter -- Route added: /health -> gateway-health
19:41:36.663 [Test worker] INFO grabflow.gateway.routing.ServiceRegistry -- Registered endpoint for gateway-health: localhost:0
19:41:36.663 [Test worker] INFO grabflow.gateway.routing.ServiceRegistry -- Registered endpoint for ride-service: localhost:8081
19:41:36.663 [Test worker] DEBUG grabflow.gateway.GatewayServer -- GET /api/v1/rides/123 -> ride-service (localhost:8081)
19:41:36.663 [Test worker] INFO grabflow.gateway.GatewayServer -- GrabFlow API Gateway stopped
19:41:36.664 [Test worker] INFO grabflow.gateway.routing.RequestRouter -- Route added: /api/v1/rides -> ride-service
19:41:36.664 [Test worker] INFO grabflow.gateway.routing.RequestRouter -- Route added: /api/v1/locations -> location-service
19:41:36.664 [Test worker] INFO grabflow.gateway.routing.RequestRouter -- Route added: /api/v1/pricing -> pricing-service
19:41:36.664 [Test worker] INFO grabflow.gateway.routing.RequestRouter -- Route added: /api/v1/payments -> payment-service
19:41:36.664 [Test worker] INFO grabflow.gateway.routing.RequestRouter -- Route added: /api/v1/notifications -> notification-service
19:41:36.664 [Test worker] INFO grabflow.gateway.routing.RequestRouter -- Route added: /health -> gateway-health
19:41:36.664 [Test worker] INFO grabflow.gateway.routing.ServiceRegistry -- Registered endpoint for gateway-health: localhost:0
19:41:36.665 [Test worker] INFO grabflow.gateway.GatewayServer -- GrabFlow API Gateway stopped
19:41:36.666 [Test worker] INFO grabflow.gateway.routing.RequestRouter -- Route added: /api/v1/rides -> ride-service
19:41:36.666 [Test worker] INFO grabflow.gateway.routing.RequestRouter -- Route added: /api/v1/locations -> location-service
19:41:36.666 [Test worker] INFO grabflow.gateway.routing.RequestRouter -- Route added: /api/v1/pricing -> pricing-service
19:41:36.666 [Test worker] INFO grabflow.gateway.routing.RequestRouter -- Route added: /api/v1/payments -> payment-service
19:41:36.666 [Test worker] INFO grabflow.gateway.routing.RequestRouter -- Route added: /api/v1/notifications -> notification-service
19:41:36.666 [Test worker] INFO grabflow.gateway.routing.RequestRouter -- Route added: /health -> gateway-health
19:41:36.666 [Test worker] INFO grabflow.gateway.routing.ServiceRegistry -- Registered endpoint for gateway-health: localhost:0
19:41:36.666 [Test worker] DEBUG grabflow.gateway.GatewayServer -- GET /health -> gateway-health (localhost:0)
19:41:36.666 [Test worker] INFO grabflow.gateway.GatewayServer -- GrabFlow API Gateway stopped
19:41:36.667 [Test worker] INFO grabflow.gateway.routing.RequestRouter -- Route added: /api/v1/rides -> ride-service
19:41:36.667 [Test worker] INFO grabflow.gateway.routing.RequestRouter -- Route added: /api/v1/locations -> location-service
19:41:36.667 [Test worker] INFO grabflow.gateway.routing.RequestRouter -- Route added: /api/v1/pricing -> pricing-service
19:41:36.667 [Test worker] INFO grabflow.gateway.routing.RequestRouter -- Route added: /api/v1/payments -> payment-service
19:41:36.667 [Test worker] INFO grabflow.gateway.routing.RequestRouter -- Route added: /api/v1/notifications -> notification-service
19:41:36.667 [Test worker] INFO grabflow.gateway.routing.RequestRouter -- Route added: /health -> gateway-health
19:41:36.667 [Test worker] INFO grabflow.gateway.routing.ServiceRegistry -- Registered endpoint for gateway-health: localhost:0
19:41:36.667 [Test worker] DEBUG grabflow.gateway.routing.RequestRouter -- No route matched for path: /unknown/path
19:41:36.667 [Test worker] INFO grabflow.gateway.GatewayServer -- GrabFlow API Gateway stopped
19:41:36.668 [Test worker] INFO grabflow.gateway.routing.RequestRouter -- Route added: /api/v1/rides -> ride-service
19:41:36.668 [Test worker] INFO grabflow.gateway.routing.RequestRouter -- Route added: /api/v1/locations -> location-service
19:41:36.668 [Test worker] INFO grabflow.gateway.routing.RequestRouter -- Route added: /api/v1/pricing -> pricing-service
19:41:36.668 [Test worker] INFO grabflow.gateway.routing.RequestRouter -- Route added: /api/v1/payments -> payment-service
19:41:36.668 [Test worker] INFO grabflow.gateway.routing.RequestRouter -- Route added: /api/v1/notifications -> notification-service
19:41:36.668 [Test worker] INFO grabflow.gateway.routing.RequestRouter -- Route added: /health -> gateway-health
19:41:36.668 [Test worker] INFO grabflow.gateway.routing.ServiceRegistry -- Registered endpoint for gateway-health: localhost:0
19:41:36.668 [Test worker] INFO grabflow.gateway.GatewayServer -- GrabFlow API Gateway stopped
19:41:36.669 [Test worker] INFO grabflow.gateway.routing.RequestRouter -- Route added: /api/v1/rides -> ride-service
19:41:36.669 [Test worker] INFO grabflow.gateway.routing.RequestRouter -- Route added: /api/v1/locations -> location-service
19:41:36.669 [Test worker] INFO grabflow.gateway.routing.RequestRouter -- Route added: /api/v1/pricing -> pricing-service
19:41:36.669 [Test worker] INFO grabflow.gateway.routing.RequestRouter -- Route added: /api/v1/payments -> payment-service
19:41:36.669 [Test worker] INFO grabflow.gateway.routing.RequestRouter -- Route added: /api/v1/notifications -> notification-service
19:41:36.669 [Test worker] INFO grabflow.gateway.routing.RequestRouter -- Route added: /health -> gateway-health
19:41:36.669 [Test worker] INFO grabflow.gateway.routing.ServiceRegistry -- Registered endpoint for gateway-health: localhost:0
19:41:36.669 [Test worker] INFO grabflow.gateway.GatewayServer -- GrabFlow API Gateway stopped
]]></system-out>
  <system-err><![CDATA[]]></system-err>
</testsuite>
